[logsAndroid_9.0_SM-T295 INFO ] 2020-08-10 11:27:22.896 BaseTest:259 - log path: logs\Android_9.0_SM-T295:
[logsAndroid_9.0_SM-T295 INFO ] 2020-08-10 11:27:51.971 PembayaranPendingTest:71 - 

 *******Starting test: loginValidUser *******
:
[logsAndroid_9.0_SM-T295 INFO ] 2020-08-10 11:27:53.900 BaseTest:393 - Enter username : demopac:
[logsAndroid_9.0_SM-T295 INFO ] 2020-08-10 11:27:55.942 BaseTest:393 - Enter password : qwerty:
[logsAndroid_9.0_SM-T295 INFO ] 2020-08-10 11:27:57.234 BaseTest:373 - Press Login Button:
[logsAndroid_9.0_SM-T295 INFO ] 2020-08-10 11:27:57.379 PembayaranPendingTest:80 - Login test after method:
[logsAndroid_9.0_SM-T295 INFO ] 2020-08-10 11:27:57.388 PembayaranPendingTest:71 - 

 *******Starting test: menambahDelivery *******
:
[logsAndroid_9.0_SM-T295 INFO ] 2020-08-10 11:28:08.187 BaseTest:373 - Pilih kategori Beverage:
[logsAndroid_9.0_SM-T295 INFO ] 2020-08-10 11:28:10.593 BaseTest:373 - Tambah Keranjang JUS MANGGA:
[logsAndroid_9.0_SM-T295 INFO ] 2020-08-10 11:28:11.527 BaseTest:373 - Press button order:
[logsAndroid_9.0_SM-T295 INFO ] 2020-08-10 11:28:13.228 BaseTest:373 - Press btn Pembayaran Lainnya:
[logsAndroid_9.0_SM-T295 INFO ] 2020-08-10 11:28:13.711 BaseTest:373 - Press btn Pending:
[logsAndroid_9.0_SM-T295 ERROR] 2020-08-10 11:28:14.219 TestListener:39 - org.openqa.selenium.WebDriverException: org.openqa.selenium.WebDriverException: An unknown server-side error occurred while processing the command. Original error: java.lang.IllegalArgumentException: Namespace with prefix 'id.dretail.mpos' has not been declared.
Build info: version: '3.141.59', revision: 'e82be7d358', time: '2018-11-14T08:17:03'
System info: host: 'DESKTOP-UH2AGQ7', ip: '172.20.30.207', os.name: 'Windows 10', os.arch: 'amd64', os.version: '10.0', java.version: '1.8.0_221'
Driver info: io.appium.java_client.android.AndroidDriver
Capabilities {appActivity: id.dretail.mpos.activity.Sp..., appPackage: id.dretail.mpos, appWaitActivity: id.dretail.mpos.activity.Lo..., autoGrantPermissions: true, automationName: UiAutomator2, chromeDriverPort: 11004, databaseEnabled: false, desired: {appActivity: id.dretail.mpos.activity.Sp..., appPackage: id.dretail.mpos, appWaitActivity: id.dretail.mpos.activity.Lo..., autoGrantPermissions: true, automationName: UiAutomator2, chromeDriverPort: 11004, deviceName: SM-T295, fullReset: false, mjpegServerPort: 12004, noReset: true, platformName: android, platformVersion: 9.0, systemPort: 10004, udid: R9CMC06C14J}, deviceApiLevel: 28, deviceManufacturer: samsung, deviceModel: SM-T295, deviceName: R9CMC06C14J, deviceScreenDensity: 213, deviceScreenSize: 1280x800, deviceUDID: R9CMC06C14J, fullReset: false, javascriptEnabled: true, locationContextEnabled: false, mjpegServerPort: 12004, networkConnectionEnabled: true, noReset: true, pixelRatio: 1.3312501, platform: LINUX, platformName: Android, platformVersion: 9, statBarHeight: 32, systemPort: 10004, takesScreenshot: true, udid: R9CMC06C14J, viewportRect: {height: 704, left: 0, top: 32, width: 1280}, warnings: {}, webStorageEnabled: false}
Session ID: f1f55f68-0650-4e42-b9c7-39dd34c4bd8d
*** Element info: {Using=xpath, value=id.dretail.mpos:id/txtCustomerName}
	at io.appium.java_client.pagefactory.AppiumElementLocator$WaitingFunction.apply(AppiumElementLocator.java:192)
	at io.appium.java_client.pagefactory.AppiumElementLocator$WaitingFunction.apply(AppiumElementLocator.java:1)
	at org.openqa.selenium.support.ui.FluentWait.until(FluentWait.java:249)
	at io.appium.java_client.pagefactory.AppiumElementLocator.waitFor(AppiumElementLocator.java:99)
	at io.appium.java_client.pagefactory.AppiumElementLocator.findElement(AppiumElementLocator.java:119)
	at io.appium.java_client.pagefactory.interceptors.InterceptorOfASingleElement.intercept(InterceptorOfASingleElement.java:59)
	at io.appium.java_client.android.AndroidElement$$EnhancerByCGLIB$$b598166c.isDisplayed(<generated>)
	at org.openqa.selenium.support.ui.ExpectedConditions.elementIfVisible(ExpectedConditions.java:314)
	at org.openqa.selenium.support.ui.ExpectedConditions.access$000(ExpectedConditions.java:43)
	at org.openqa.selenium.support.ui.ExpectedConditions$10.apply(ExpectedConditions.java:300)
	at org.openqa.selenium.support.ui.ExpectedConditions$10.apply(ExpectedConditions.java:297)
	at org.openqa.selenium.support.ui.FluentWait.until(FluentWait.java:249)
	at com.qa.base.BaseTest.waitForVisibility(BaseTest.java:348)
	at com.qa.base.BaseTest.clear(BaseTest.java:361)
	at com.qa.pages.PembayaranPage.enterNameCustomer(PembayaranPage.java:60)
	at com.qa.tests.PembayaranPendingTest.menambahDelivery(PembayaranPendingTest.java:104)
	at sun.reflect.NativeMethodAccessorImpl.invoke0(Native Method)
	at sun.reflect.NativeMethodAccessorImpl.invoke(Unknown Source)
	at sun.reflect.DelegatingMethodAccessorImpl.invoke(Unknown Source)
	at java.lang.reflect.Method.invoke(Unknown Source)
	at org.testng.internal.MethodInvocationHelper.invokeMethod(MethodInvocationHelper.java:134)
	at org.testng.internal.TestInvoker.invokeMethod(TestInvoker.java:597)
	at org.testng.internal.TestInvoker.invokeTestMethod(TestInvoker.java:173)
	at org.testng.internal.MethodRunner.runInSequence(MethodRunner.java:46)
	at org.testng.internal.TestInvoker$MethodInvocationAgent.invoke(TestInvoker.java:816)
	at org.testng.internal.TestInvoker.invokeTestMethods(TestInvoker.java:146)
	at org.testng.internal.TestMethodWorker.invokeTestMethods(TestMethodWorker.java:146)
	at org.testng.internal.TestMethodWorker.run(TestMethodWorker.java:128)
	at java.util.ArrayList.forEach(Unknown Source)
	at org.testng.TestRunner.privateRun(TestRunner.java:766)
	at org.testng.TestRunner.run(TestRunner.java:587)
	at org.testng.SuiteRunner.runTest(SuiteRunner.java:384)
	at org.testng.SuiteRunner.access$000(SuiteRunner.java:28)
	at org.testng.SuiteRunner$SuiteWorker.run(SuiteRunner.java:425)
	at org.testng.internal.thread.ThreadUtil.lambda$execute$0(ThreadUtil.java:68)
	at java.util.concurrent.FutureTask.run(Unknown Source)
	at java.util.concurrent.ThreadPoolExecutor.runWorker(Unknown Source)
	at java.util.concurrent.ThreadPoolExecutor$Worker.run(Unknown Source)
	at java.lang.Thread.run(Unknown Source)
Caused by: org.openqa.selenium.WebDriverException: An unknown server-side error occurred while processing the command. Original error: java.lang.IllegalArgumentException: Namespace with prefix 'id.dretail.mpos' has not been declared.
Build info: version: '3.141.59', revision: 'e82be7d358', time: '2018-11-14T08:17:03'
System info: host: 'DESKTOP-UH2AGQ7', ip: '172.20.30.207', os.name: 'Windows 10', os.arch: 'amd64', os.version: '10.0', java.version: '1.8.0_221'
Driver info: io.appium.java_client.android.AndroidDriver
Capabilities {appActivity: id.dretail.mpos.activity.Sp..., appPackage: id.dretail.mpos, appWaitActivity: id.dretail.mpos.activity.Lo..., autoGrantPermissions: true, automationName: UiAutomator2, chromeDriverPort: 11004, databaseEnabled: false, desired: {appActivity: id.dretail.mpos.activity.Sp..., appPackage: id.dretail.mpos, appWaitActivity: id.dretail.mpos.activity.Lo..., autoGrantPermissions: true, automationName: UiAutomator2, chromeDriverPort: 11004, deviceName: SM-T295, fullReset: false, mjpegServerPort: 12004, noReset: true, platformName: android, platformVersion: 9.0, systemPort: 10004, udid: R9CMC06C14J}, deviceApiLevel: 28, deviceManufacturer: samsung, deviceModel: SM-T295, deviceName: R9CMC06C14J, deviceScreenDensity: 213, deviceScreenSize: 1280x800, deviceUDID: R9CMC06C14J, fullReset: false, javascriptEnabled: true, locationContextEnabled: false, mjpegServerPort: 12004, networkConnectionEnabled: true, noReset: true, pixelRatio: 1.3312501, platform: LINUX, platformName: Android, platformVersion: 9, statBarHeight: 32, systemPort: 10004, takesScreenshot: true, udid: R9CMC06C14J, viewportRect: {height: 704, left: 0, top: 32, width: 1280}, warnings: {}, webStorageEnabled: false}
Session ID: f1f55f68-0650-4e42-b9c7-39dd34c4bd8d
*** Element info: {Using=xpath, value=id.dretail.mpos:id/txtCustomerName}
	at sun.reflect.NativeConstructorAccessorImpl.newInstance0(Native Method)
	at sun.reflect.NativeConstructorAccessorImpl.newInstance(Unknown Source)
	at sun.reflect.DelegatingConstructorAccessorImpl.newInstance(Unknown Source)
	at java.lang.reflect.Constructor.newInstance(Unknown Source)
	at org.openqa.selenium.remote.http.W3CHttpResponseCodec.createException(W3CHttpResponseCodec.java:187)
	at org.openqa.selenium.remote.http.W3CHttpResponseCodec.decode(W3CHttpResponseCodec.java:122)
	at org.openqa.selenium.remote.http.W3CHttpResponseCodec.decode(W3CHttpResponseCodec.java:49)
	at org.openqa.selenium.remote.HttpCommandExecutor.execute(HttpCommandExecutor.java:158)
	at io.appium.java_client.remote.AppiumCommandExecutor.execute(AppiumCommandExecutor.java:239)
	at org.openqa.selenium.remote.RemoteWebDriver.execute(RemoteWebDriver.java:552)
	at io.appium.java_client.DefaultGenericMobileDriver.execute(DefaultGenericMobileDriver.java:41)
	at io.appium.java_client.AppiumDriver.execute(AppiumDriver.java:1)
	at io.appium.java_client.android.AndroidDriver.execute(AndroidDriver.java:1)
	at org.openqa.selenium.remote.RemoteWebDriver.findElement(RemoteWebDriver.java:323)
	at io.appium.java_client.DefaultGenericMobileDriver.findElement(DefaultGenericMobileDriver.java:61)
	at io.appium.java_client.AppiumDriver.findElement(AppiumDriver.java:1)
	at io.appium.java_client.android.AndroidDriver.findElement(AndroidDriver.java:1)
	at org.openqa.selenium.remote.RemoteWebDriver.findElementByXPath(RemoteWebDriver.java:428)
	at io.appium.java_client.DefaultGenericMobileDriver.findElementByXPath(DefaultGenericMobileDriver.java:151)
	at io.appium.java_client.AppiumDriver.findElementByXPath(AppiumDriver.java:1)
	at io.appium.java_client.android.AndroidDriver.findElementByXPath(AndroidDriver.java:1)
	at org.openqa.selenium.By$ByXPath.findElement(By.java:353)
	at org.openqa.selenium.remote.RemoteWebDriver.findElement(RemoteWebDriver.java:315)
	at io.appium.java_client.DefaultGenericMobileDriver.findElement(DefaultGenericMobileDriver.java:57)
	at io.appium.java_client.AppiumDriver.findElement(AppiumDriver.java:1)
	at io.appium.java_client.android.AndroidDriver.findElement(AndroidDriver.java:1)
	at io.appium.java_client.pagefactory.bys.builder.ByChained.lambda$0(ByChained.java:38)
	at org.openqa.selenium.support.ui.FluentWait.until(FluentWait.java:249)
	at io.appium.java_client.pagefactory.bys.builder.ByChained.findElement(ByChained.java:72)
	at org.openqa.selenium.remote.RemoteWebDriver.findElement(RemoteWebDriver.java:315)
	at io.appium.java_client.DefaultGenericMobileDriver.findElement(DefaultGenericMobileDriver.java:57)
	at io.appium.java_client.AppiumDriver.findElement(AppiumDriver.java:1)
	at io.appium.java_client.android.AndroidDriver.findElement(AndroidDriver.java:1)
	at io.appium.java_client.pagefactory.bys.ContentMappedBy.findElement(ContentMappedBy.java:50)
	at org.openqa.selenium.remote.RemoteWebDriver.findElement(RemoteWebDriver.java:315)
	at io.appium.java_client.DefaultGenericMobileDriver.findElement(DefaultGenericMobileDriver.java:57)
	at io.appium.java_client.AppiumDriver.findElement(AppiumDriver.java:1)
	at io.appium.java_client.android.AndroidDriver.findElement(AndroidDriver.java:1)
	at io.appium.java_client.pagefactory.AppiumElementLocator.lambda$0(AppiumElementLocator.java:120)
	at io.appium.java_client.pagefactory.AppiumElementLocator$WaitingFunction.apply(AppiumElementLocator.java:172)
	... 38 more
:
[logsAndroid_9.0_SM-T295 INFO ] 2020-08-10 11:28:15.149 PembayaranPendingTest:80 - Login test after method:
[logsAndroid_9.0_SM-T295 INFO ] 2020-08-10 11:28:15.152 PembayaranPendingTest:71 - 

 *******Starting test: logout *******
:
[logsAndroid_9.0_SM-T295 INFO ] 2020-08-10 11:28:40.006 BaseTest:259 - log path: logs\Android_9.0_SM-T295:
[logsAndroid_9.0_SM-T295 INFO ] 2020-08-10 11:29:03.864 PembayaranPendingTest:71 - 

 *******Starting test: loginValidUser *******
:
[logsAndroid_9.0_SM-T295 INFO ] 2020-08-10 11:29:05.663 BaseTest:393 - Enter username : demopac:
[logsAndroid_9.0_SM-T295 INFO ] 2020-08-10 11:29:07.644 BaseTest:393 - Enter password : qwerty:
[logsAndroid_9.0_SM-T295 INFO ] 2020-08-10 11:29:08.909 BaseTest:373 - Press Login Button:
[logsAndroid_9.0_SM-T295 INFO ] 2020-08-10 11:29:09.103 PembayaranPendingTest:80 - Login test after method:
[logsAndroid_9.0_SM-T295 INFO ] 2020-08-10 11:29:09.107 PembayaranPendingTest:71 - 

 *******Starting test: menambahDelivery *******
:
[logsAndroid_9.0_SM-T295 INFO ] 2020-08-10 11:29:17.409 BaseTest:373 - Pilih kategori Beverage:
[logsAndroid_9.0_SM-T295 INFO ] 2020-08-10 11:29:19.832 BaseTest:373 - Tambah Keranjang JUS MANGGA:
[logsAndroid_9.0_SM-T295 INFO ] 2020-08-10 11:29:20.775 BaseTest:373 - Press button order:
[logsAndroid_9.0_SM-T295 INFO ] 2020-08-10 11:29:22.717 BaseTest:373 - Press btn Pembayaran Lainnya:
[logsAndroid_9.0_SM-T295 INFO ] 2020-08-10 11:29:23.784 BaseTest:373 - Press btn Pending:
[logsAndroid_9.0_SM-T295 ERROR] 2020-08-10 11:29:24.289 TestListener:39 - org.openqa.selenium.WebDriverException: org.openqa.selenium.WebDriverException: An unknown server-side error occurred while processing the command. Original error: java.lang.IllegalArgumentException: Namespace with prefix 'id.dretail.mpos' has not been declared.
Build info: version: '3.141.59', revision: 'e82be7d358', time: '2018-11-14T08:17:03'
System info: host: 'DESKTOP-UH2AGQ7', ip: '172.20.30.207', os.name: 'Windows 10', os.arch: 'amd64', os.version: '10.0', java.version: '1.8.0_221'
Driver info: io.appium.java_client.android.AndroidDriver
Capabilities {appActivity: id.dretail.mpos.activity.Sp..., appPackage: id.dretail.mpos, appWaitActivity: id.dretail.mpos.activity.Lo..., autoGrantPermissions: true, automationName: UiAutomator2, chromeDriverPort: 11004, databaseEnabled: false, desired: {appActivity: id.dretail.mpos.activity.Sp..., appPackage: id.dretail.mpos, appWaitActivity: id.dretail.mpos.activity.Lo..., autoGrantPermissions: true, automationName: UiAutomator2, chromeDriverPort: 11004, deviceName: SM-T295, fullReset: false, mjpegServerPort: 12004, noReset: true, platformName: android, platformVersion: 9.0, systemPort: 10004, udid: R9CMC06C14J}, deviceApiLevel: 28, deviceManufacturer: samsung, deviceModel: SM-T295, deviceName: R9CMC06C14J, deviceScreenDensity: 213, deviceScreenSize: 1280x800, deviceUDID: R9CMC06C14J, fullReset: false, javascriptEnabled: true, locationContextEnabled: false, mjpegServerPort: 12004, networkConnectionEnabled: true, noReset: true, pixelRatio: 1.3312501, platform: LINUX, platformName: Android, platformVersion: 9, statBarHeight: 32, systemPort: 10004, takesScreenshot: true, udid: R9CMC06C14J, viewportRect: {height: 704, left: 0, top: 32, width: 1280}, warnings: {}, webStorageEnabled: false}
Session ID: 2efa7ddc-c4ea-4591-9a60-91fbaf9f191e
*** Element info: {Using=xpath, value=id.dretail.mpos:id/txtCustomerName}
	at io.appium.java_client.pagefactory.AppiumElementLocator$WaitingFunction.apply(AppiumElementLocator.java:192)
	at io.appium.java_client.pagefactory.AppiumElementLocator$WaitingFunction.apply(AppiumElementLocator.java:1)
	at org.openqa.selenium.support.ui.FluentWait.until(FluentWait.java:249)
	at io.appium.java_client.pagefactory.AppiumElementLocator.waitFor(AppiumElementLocator.java:99)
	at io.appium.java_client.pagefactory.AppiumElementLocator.findElement(AppiumElementLocator.java:119)
	at io.appium.java_client.pagefactory.interceptors.InterceptorOfASingleElement.intercept(InterceptorOfASingleElement.java:59)
	at io.appium.java_client.android.AndroidElement$$EnhancerByCGLIB$$b598166c.isDisplayed(<generated>)
	at org.openqa.selenium.support.ui.ExpectedConditions.elementIfVisible(ExpectedConditions.java:314)
	at org.openqa.selenium.support.ui.ExpectedConditions.access$000(ExpectedConditions.java:43)
	at org.openqa.selenium.support.ui.ExpectedConditions$10.apply(ExpectedConditions.java:300)
	at org.openqa.selenium.support.ui.ExpectedConditions$10.apply(ExpectedConditions.java:297)
	at org.openqa.selenium.support.ui.FluentWait.until(FluentWait.java:249)
	at com.qa.base.BaseTest.waitForVisibility(BaseTest.java:348)
	at com.qa.base.BaseTest.clear(BaseTest.java:361)
	at com.qa.pages.PembayaranPage.enterNameCustomer(PembayaranPage.java:60)
	at com.qa.tests.PembayaranPendingTest.menambahDelivery(PembayaranPendingTest.java:104)
	at sun.reflect.NativeMethodAccessorImpl.invoke0(Native Method)
	at sun.reflect.NativeMethodAccessorImpl.invoke(Unknown Source)
	at sun.reflect.DelegatingMethodAccessorImpl.invoke(Unknown Source)
	at java.lang.reflect.Method.invoke(Unknown Source)
	at org.testng.internal.MethodInvocationHelper.invokeMethod(MethodInvocationHelper.java:134)
	at org.testng.internal.TestInvoker.invokeMethod(TestInvoker.java:597)
	at org.testng.internal.TestInvoker.invokeTestMethod(TestInvoker.java:173)
	at org.testng.internal.MethodRunner.runInSequence(MethodRunner.java:46)
	at org.testng.internal.TestInvoker$MethodInvocationAgent.invoke(TestInvoker.java:816)
	at org.testng.internal.TestInvoker.invokeTestMethods(TestInvoker.java:146)
	at org.testng.internal.TestMethodWorker.invokeTestMethods(TestMethodWorker.java:146)
	at org.testng.internal.TestMethodWorker.run(TestMethodWorker.java:128)
	at java.util.ArrayList.forEach(Unknown Source)
	at org.testng.TestRunner.privateRun(TestRunner.java:766)
	at org.testng.TestRunner.run(TestRunner.java:587)
	at org.testng.SuiteRunner.runTest(SuiteRunner.java:384)
	at org.testng.SuiteRunner.access$000(SuiteRunner.java:28)
	at org.testng.SuiteRunner$SuiteWorker.run(SuiteRunner.java:425)
	at org.testng.internal.thread.ThreadUtil.lambda$execute$0(ThreadUtil.java:68)
	at java.util.concurrent.FutureTask.run(Unknown Source)
	at java.util.concurrent.ThreadPoolExecutor.runWorker(Unknown Source)
	at java.util.concurrent.ThreadPoolExecutor$Worker.run(Unknown Source)
	at java.lang.Thread.run(Unknown Source)
Caused by: org.openqa.selenium.WebDriverException: An unknown server-side error occurred while processing the command. Original error: java.lang.IllegalArgumentException: Namespace with prefix 'id.dretail.mpos' has not been declared.
Build info: version: '3.141.59', revision: 'e82be7d358', time: '2018-11-14T08:17:03'
System info: host: 'DESKTOP-UH2AGQ7', ip: '172.20.30.207', os.name: 'Windows 10', os.arch: 'amd64', os.version: '10.0', java.version: '1.8.0_221'
Driver info: io.appium.java_client.android.AndroidDriver
Capabilities {appActivity: id.dretail.mpos.activity.Sp..., appPackage: id.dretail.mpos, appWaitActivity: id.dretail.mpos.activity.Lo..., autoGrantPermissions: true, automationName: UiAutomator2, chromeDriverPort: 11004, databaseEnabled: false, desired: {appActivity: id.dretail.mpos.activity.Sp..., appPackage: id.dretail.mpos, appWaitActivity: id.dretail.mpos.activity.Lo..., autoGrantPermissions: true, automationName: UiAutomator2, chromeDriverPort: 11004, deviceName: SM-T295, fullReset: false, mjpegServerPort: 12004, noReset: true, platformName: android, platformVersion: 9.0, systemPort: 10004, udid: R9CMC06C14J}, deviceApiLevel: 28, deviceManufacturer: samsung, deviceModel: SM-T295, deviceName: R9CMC06C14J, deviceScreenDensity: 213, deviceScreenSize: 1280x800, deviceUDID: R9CMC06C14J, fullReset: false, javascriptEnabled: true, locationContextEnabled: false, mjpegServerPort: 12004, networkConnectionEnabled: true, noReset: true, pixelRatio: 1.3312501, platform: LINUX, platformName: Android, platformVersion: 9, statBarHeight: 32, systemPort: 10004, takesScreenshot: true, udid: R9CMC06C14J, viewportRect: {height: 704, left: 0, top: 32, width: 1280}, warnings: {}, webStorageEnabled: false}
Session ID: 2efa7ddc-c4ea-4591-9a60-91fbaf9f191e
*** Element info: {Using=xpath, value=id.dretail.mpos:id/txtCustomerName}
	at sun.reflect.NativeConstructorAccessorImpl.newInstance0(Native Method)
	at sun.reflect.NativeConstructorAccessorImpl.newInstance(Unknown Source)
	at sun.reflect.DelegatingConstructorAccessorImpl.newInstance(Unknown Source)
	at java.lang.reflect.Constructor.newInstance(Unknown Source)
	at org.openqa.selenium.remote.http.W3CHttpResponseCodec.createException(W3CHttpResponseCodec.java:187)
	at org.openqa.selenium.remote.http.W3CHttpResponseCodec.decode(W3CHttpResponseCodec.java:122)
	at org.openqa.selenium.remote.http.W3CHttpResponseCodec.decode(W3CHttpResponseCodec.java:49)
	at org.openqa.selenium.remote.HttpCommandExecutor.execute(HttpCommandExecutor.java:158)
	at io.appium.java_client.remote.AppiumCommandExecutor.execute(AppiumCommandExecutor.java:239)
	at org.openqa.selenium.remote.RemoteWebDriver.execute(RemoteWebDriver.java:552)
	at io.appium.java_client.DefaultGenericMobileDriver.execute(DefaultGenericMobileDriver.java:41)
	at io.appium.java_client.AppiumDriver.execute(AppiumDriver.java:1)
	at io.appium.java_client.android.AndroidDriver.execute(AndroidDriver.java:1)
	at org.openqa.selenium.remote.RemoteWebDriver.findElement(RemoteWebDriver.java:323)
	at io.appium.java_client.DefaultGenericMobileDriver.findElement(DefaultGenericMobileDriver.java:61)
	at io.appium.java_client.AppiumDriver.findElement(AppiumDriver.java:1)
	at io.appium.java_client.android.AndroidDriver.findElement(AndroidDriver.java:1)
	at org.openqa.selenium.remote.RemoteWebDriver.findElementByXPath(RemoteWebDriver.java:428)
	at io.appium.java_client.DefaultGenericMobileDriver.findElementByXPath(DefaultGenericMobileDriver.java:151)
	at io.appium.java_client.AppiumDriver.findElementByXPath(AppiumDriver.java:1)
	at io.appium.java_client.android.AndroidDriver.findElementByXPath(AndroidDriver.java:1)
	at org.openqa.selenium.By$ByXPath.findElement(By.java:353)
	at org.openqa.selenium.remote.RemoteWebDriver.findElement(RemoteWebDriver.java:315)
	at io.appium.java_client.DefaultGenericMobileDriver.findElement(DefaultGenericMobileDriver.java:57)
	at io.appium.java_client.AppiumDriver.findElement(AppiumDriver.java:1)
	at io.appium.java_client.android.AndroidDriver.findElement(AndroidDriver.java:1)
	at io.appium.java_client.pagefactory.bys.builder.ByChained.lambda$0(ByChained.java:38)
	at org.openqa.selenium.support.ui.FluentWait.until(FluentWait.java:249)
	at io.appium.java_client.pagefactory.bys.builder.ByChained.findElement(ByChained.java:72)
	at org.openqa.selenium.remote.RemoteWebDriver.findElement(RemoteWebDriver.java:315)
	at io.appium.java_client.DefaultGenericMobileDriver.findElement(DefaultGenericMobileDriver.java:57)
	at io.appium.java_client.AppiumDriver.findElement(AppiumDriver.java:1)
	at io.appium.java_client.android.AndroidDriver.findElement(AndroidDriver.java:1)
	at io.appium.java_client.pagefactory.bys.ContentMappedBy.findElement(ContentMappedBy.java:50)
	at org.openqa.selenium.remote.RemoteWebDriver.findElement(RemoteWebDriver.java:315)
	at io.appium.java_client.DefaultGenericMobileDriver.findElement(DefaultGenericMobileDriver.java:57)
	at io.appium.java_client.AppiumDriver.findElement(AppiumDriver.java:1)
	at io.appium.java_client.android.AndroidDriver.findElement(AndroidDriver.java:1)
	at io.appium.java_client.pagefactory.AppiumElementLocator.lambda$0(AppiumElementLocator.java:120)
	at io.appium.java_client.pagefactory.AppiumElementLocator$WaitingFunction.apply(AppiumElementLocator.java:172)
	... 38 more
:
[logsAndroid_9.0_SM-T295 INFO ] 2020-08-10 11:29:24.872 PembayaranPendingTest:80 - Login test after method:
[logsAndroid_9.0_SM-T295 INFO ] 2020-08-10 11:29:24.874 PembayaranPendingTest:71 - 

 *******Starting test: logout *******
:
[logsAndroid_9.0_SM-T295 INFO ] 2020-08-10 11:30:59.480 BaseTest:259 - log path: logs\Android_9.0_SM-T295:
[logsAndroid_9.0_SM-T295 INFO ] 2020-08-10 11:31:21.648 PembayaranPendingTest:71 - 

 *******Starting test: loginValidUser *******
:
[logsAndroid_9.0_SM-T295 INFO ] 2020-08-10 11:31:23.389 BaseTest:393 - Enter username : demopac:
[logsAndroid_9.0_SM-T295 INFO ] 2020-08-10 11:31:25.423 BaseTest:393 - Enter password : qwerty:
[logsAndroid_9.0_SM-T295 INFO ] 2020-08-10 11:31:26.173 BaseTest:373 - Press Login Button:
[logsAndroid_9.0_SM-T295 INFO ] 2020-08-10 11:31:26.326 PembayaranPendingTest:80 - Login test after method:
[logsAndroid_9.0_SM-T295 INFO ] 2020-08-10 11:31:26.332 PembayaranPendingTest:71 - 

 *******Starting test: menambahDelivery *******
:
[logsAndroid_9.0_SM-T295 INFO ] 2020-08-10 11:31:35.955 BaseTest:373 - Pilih kategori Beverage:
[logsAndroid_9.0_SM-T295 INFO ] 2020-08-10 11:31:38.394 BaseTest:373 - Tambah Keranjang JUS MANGGA:
[logsAndroid_9.0_SM-T295 INFO ] 2020-08-10 11:31:39.371 BaseTest:373 - Press button order:
[logsAndroid_9.0_SM-T295 INFO ] 2020-08-10 11:31:41.333 BaseTest:373 - Press btn Pembayaran Lainnya:
[logsAndroid_9.0_SM-T295 INFO ] 2020-08-10 11:31:42.411 BaseTest:373 - Press btn Pending:
[logsAndroid_9.0_SM-T295 ERROR] 2020-08-10 11:31:43.397 TestListener:39 - org.openqa.selenium.WebDriverException: org.openqa.selenium.WebDriverException: An unknown server-side error occurred while processing the command. Original error: java.lang.IllegalArgumentException: Namespace with prefix 'id.dretail.mpos' has not been declared.
Build info: version: '3.141.59', revision: 'e82be7d358', time: '2018-11-14T08:17:03'
System info: host: 'DESKTOP-UH2AGQ7', ip: '172.20.30.207', os.name: 'Windows 10', os.arch: 'amd64', os.version: '10.0', java.version: '1.8.0_221'
Driver info: io.appium.java_client.android.AndroidDriver
Capabilities {appActivity: id.dretail.mpos.activity.Sp..., appPackage: id.dretail.mpos, appWaitActivity: id.dretail.mpos.activity.Lo..., autoGrantPermissions: true, automationName: UiAutomator2, chromeDriverPort: 11004, databaseEnabled: false, desired: {appActivity: id.dretail.mpos.activity.Sp..., appPackage: id.dretail.mpos, appWaitActivity: id.dretail.mpos.activity.Lo..., autoGrantPermissions: true, automationName: UiAutomator2, chromeDriverPort: 11004, deviceName: SM-T295, fullReset: false, mjpegServerPort: 12004, noReset: true, platformName: android, platformVersion: 9.0, systemPort: 10004, udid: R9CMC06C14J}, deviceApiLevel: 28, deviceManufacturer: samsung, deviceModel: SM-T295, deviceName: R9CMC06C14J, deviceScreenDensity: 213, deviceScreenSize: 1280x800, deviceUDID: R9CMC06C14J, fullReset: false, javascriptEnabled: true, locationContextEnabled: false, mjpegServerPort: 12004, networkConnectionEnabled: true, noReset: true, pixelRatio: 1.3312501, platform: LINUX, platformName: Android, platformVersion: 9, statBarHeight: 32, systemPort: 10004, takesScreenshot: true, udid: R9CMC06C14J, viewportRect: {height: 704, left: 0, top: 32, width: 1280}, warnings: {}, webStorageEnabled: false}
Session ID: 13921758-9de3-4f9a-bc83-dc479e1fab05
*** Element info: {Using=xpath, value=id.dretail.mpos:id/txtCustomerName}
	at io.appium.java_client.pagefactory.AppiumElementLocator$WaitingFunction.apply(AppiumElementLocator.java:192)
	at io.appium.java_client.pagefactory.AppiumElementLocator$WaitingFunction.apply(AppiumElementLocator.java:1)
	at org.openqa.selenium.support.ui.FluentWait.until(FluentWait.java:249)
	at io.appium.java_client.pagefactory.AppiumElementLocator.waitFor(AppiumElementLocator.java:99)
	at io.appium.java_client.pagefactory.AppiumElementLocator.findElement(AppiumElementLocator.java:119)
	at io.appium.java_client.pagefactory.interceptors.InterceptorOfASingleElement.intercept(InterceptorOfASingleElement.java:59)
	at io.appium.java_client.android.AndroidElement$$EnhancerByCGLIB$$b598166c.isDisplayed(<generated>)
	at org.openqa.selenium.support.ui.ExpectedConditions.elementIfVisible(ExpectedConditions.java:314)
	at org.openqa.selenium.support.ui.ExpectedConditions.access$000(ExpectedConditions.java:43)
	at org.openqa.selenium.support.ui.ExpectedConditions$10.apply(ExpectedConditions.java:300)
	at org.openqa.selenium.support.ui.ExpectedConditions$10.apply(ExpectedConditions.java:297)
	at org.openqa.selenium.support.ui.FluentWait.until(FluentWait.java:249)
	at com.qa.base.BaseTest.waitForVisibility(BaseTest.java:348)
	at com.qa.base.BaseTest.clear(BaseTest.java:361)
	at com.qa.pages.PembayaranPage.enterNameCustomer(PembayaranPage.java:60)
	at com.qa.tests.PembayaranPendingTest.menambahDelivery(PembayaranPendingTest.java:104)
	at sun.reflect.NativeMethodAccessorImpl.invoke0(Native Method)
	at sun.reflect.NativeMethodAccessorImpl.invoke(Unknown Source)
	at sun.reflect.DelegatingMethodAccessorImpl.invoke(Unknown Source)
	at java.lang.reflect.Method.invoke(Unknown Source)
	at org.testng.internal.MethodInvocationHelper.invokeMethod(MethodInvocationHelper.java:134)
	at org.testng.internal.TestInvoker.invokeMethod(TestInvoker.java:597)
	at org.testng.internal.TestInvoker.invokeTestMethod(TestInvoker.java:173)
	at org.testng.internal.MethodRunner.runInSequence(MethodRunner.java:46)
	at org.testng.internal.TestInvoker$MethodInvocationAgent.invoke(TestInvoker.java:816)
	at org.testng.internal.TestInvoker.invokeTestMethods(TestInvoker.java:146)
	at org.testng.internal.TestMethodWorker.invokeTestMethods(TestMethodWorker.java:146)
	at org.testng.internal.TestMethodWorker.run(TestMethodWorker.java:128)
	at java.util.ArrayList.forEach(Unknown Source)
	at org.testng.TestRunner.privateRun(TestRunner.java:766)
	at org.testng.TestRunner.run(TestRunner.java:587)
	at org.testng.SuiteRunner.runTest(SuiteRunner.java:384)
	at org.testng.SuiteRunner.access$000(SuiteRunner.java:28)
	at org.testng.SuiteRunner$SuiteWorker.run(SuiteRunner.java:425)
	at org.testng.internal.thread.ThreadUtil.lambda$execute$0(ThreadUtil.java:68)
	at java.util.concurrent.FutureTask.run(Unknown Source)
	at java.util.concurrent.ThreadPoolExecutor.runWorker(Unknown Source)
	at java.util.concurrent.ThreadPoolExecutor$Worker.run(Unknown Source)
	at java.lang.Thread.run(Unknown Source)
Caused by: org.openqa.selenium.WebDriverException: An unknown server-side error occurred while processing the command. Original error: java.lang.IllegalArgumentException: Namespace with prefix 'id.dretail.mpos' has not been declared.
Build info: version: '3.141.59', revision: 'e82be7d358', time: '2018-11-14T08:17:03'
System info: host: 'DESKTOP-UH2AGQ7', ip: '172.20.30.207', os.name: 'Windows 10', os.arch: 'amd64', os.version: '10.0', java.version: '1.8.0_221'
Driver info: io.appium.java_client.android.AndroidDriver
Capabilities {appActivity: id.dretail.mpos.activity.Sp..., appPackage: id.dretail.mpos, appWaitActivity: id.dretail.mpos.activity.Lo..., autoGrantPermissions: true, automationName: UiAutomator2, chromeDriverPort: 11004, databaseEnabled: false, desired: {appActivity: id.dretail.mpos.activity.Sp..., appPackage: id.dretail.mpos, appWaitActivity: id.dretail.mpos.activity.Lo..., autoGrantPermissions: true, automationName: UiAutomator2, chromeDriverPort: 11004, deviceName: SM-T295, fullReset: false, mjpegServerPort: 12004, noReset: true, platformName: android, platformVersion: 9.0, systemPort: 10004, udid: R9CMC06C14J}, deviceApiLevel: 28, deviceManufacturer: samsung, deviceModel: SM-T295, deviceName: R9CMC06C14J, deviceScreenDensity: 213, deviceScreenSize: 1280x800, deviceUDID: R9CMC06C14J, fullReset: false, javascriptEnabled: true, locationContextEnabled: false, mjpegServerPort: 12004, networkConnectionEnabled: true, noReset: true, pixelRatio: 1.3312501, platform: LINUX, platformName: Android, platformVersion: 9, statBarHeight: 32, systemPort: 10004, takesScreenshot: true, udid: R9CMC06C14J, viewportRect: {height: 704, left: 0, top: 32, width: 1280}, warnings: {}, webStorageEnabled: false}
Session ID: 13921758-9de3-4f9a-bc83-dc479e1fab05
*** Element info: {Using=xpath, value=id.dretail.mpos:id/txtCustomerName}
	at sun.reflect.NativeConstructorAccessorImpl.newInstance0(Native Method)
	at sun.reflect.NativeConstructorAccessorImpl.newInstance(Unknown Source)
	at sun.reflect.DelegatingConstructorAccessorImpl.newInstance(Unknown Source)
	at java.lang.reflect.Constructor.newInstance(Unknown Source)
	at org.openqa.selenium.remote.http.W3CHttpResponseCodec.createException(W3CHttpResponseCodec.java:187)
	at org.openqa.selenium.remote.http.W3CHttpResponseCodec.decode(W3CHttpResponseCodec.java:122)
	at org.openqa.selenium.remote.http.W3CHttpResponseCodec.decode(W3CHttpResponseCodec.java:49)
	at org.openqa.selenium.remote.HttpCommandExecutor.execute(HttpCommandExecutor.java:158)
	at io.appium.java_client.remote.AppiumCommandExecutor.execute(AppiumCommandExecutor.java:239)
	at org.openqa.selenium.remote.RemoteWebDriver.execute(RemoteWebDriver.java:552)
	at io.appium.java_client.DefaultGenericMobileDriver.execute(DefaultGenericMobileDriver.java:41)
	at io.appium.java_client.AppiumDriver.execute(AppiumDriver.java:1)
	at io.appium.java_client.android.AndroidDriver.execute(AndroidDriver.java:1)
	at org.openqa.selenium.remote.RemoteWebDriver.findElement(RemoteWebDriver.java:323)
	at io.appium.java_client.DefaultGenericMobileDriver.findElement(DefaultGenericMobileDriver.java:61)
	at io.appium.java_client.AppiumDriver.findElement(AppiumDriver.java:1)
	at io.appium.java_client.android.AndroidDriver.findElement(AndroidDriver.java:1)
	at org.openqa.selenium.remote.RemoteWebDriver.findElementByXPath(RemoteWebDriver.java:428)
	at io.appium.java_client.DefaultGenericMobileDriver.findElementByXPath(DefaultGenericMobileDriver.java:151)
	at io.appium.java_client.AppiumDriver.findElementByXPath(AppiumDriver.java:1)
	at io.appium.java_client.android.AndroidDriver.findElementByXPath(AndroidDriver.java:1)
	at org.openqa.selenium.By$ByXPath.findElement(By.java:353)
	at org.openqa.selenium.remote.RemoteWebDriver.findElement(RemoteWebDriver.java:315)
	at io.appium.java_client.DefaultGenericMobileDriver.findElement(DefaultGenericMobileDriver.java:57)
	at io.appium.java_client.AppiumDriver.findElement(AppiumDriver.java:1)
	at io.appium.java_client.android.AndroidDriver.findElement(AndroidDriver.java:1)
	at io.appium.java_client.pagefactory.bys.builder.ByChained.lambda$0(ByChained.java:38)
	at org.openqa.selenium.support.ui.FluentWait.until(FluentWait.java:249)
	at io.appium.java_client.pagefactory.bys.builder.ByChained.findElement(ByChained.java:72)
	at org.openqa.selenium.remote.RemoteWebDriver.findElement(RemoteWebDriver.java:315)
	at io.appium.java_client.DefaultGenericMobileDriver.findElement(DefaultGenericMobileDriver.java:57)
	at io.appium.java_client.AppiumDriver.findElement(AppiumDriver.java:1)
	at io.appium.java_client.android.AndroidDriver.findElement(AndroidDriver.java:1)
	at io.appium.java_client.pagefactory.bys.ContentMappedBy.findElement(ContentMappedBy.java:50)
	at org.openqa.selenium.remote.RemoteWebDriver.findElement(RemoteWebDriver.java:315)
	at io.appium.java_client.DefaultGenericMobileDriver.findElement(DefaultGenericMobileDriver.java:57)
	at io.appium.java_client.AppiumDriver.findElement(AppiumDriver.java:1)
	at io.appium.java_client.android.AndroidDriver.findElement(AndroidDriver.java:1)
	at io.appium.java_client.pagefactory.AppiumElementLocator.lambda$0(AppiumElementLocator.java:120)
	at io.appium.java_client.pagefactory.AppiumElementLocator$WaitingFunction.apply(AppiumElementLocator.java:172)
	... 38 more
:
[logsAndroid_9.0_SM-T295 INFO ] 2020-08-10 11:31:43.953 PembayaranPendingTest:80 - Login test after method:
[logsAndroid_9.0_SM-T295 INFO ] 2020-08-10 11:31:43.954 PembayaranPendingTest:71 - 

 *******Starting test: logout *******
:
[logsAndroid_9.0_SM-T295 ERROR] 2020-08-10 11:31:59.174 TestListener:39 - org.openqa.selenium.TimeoutException: Expected condition failed: waiting for visibility of Located by By.chained({By.id: id.dretail.mpos:id/customerName}) (tried for 10 second(s) with 500 milliseconds interval)
	at org.openqa.selenium.support.ui.WebDriverWait.timeoutException(WebDriverWait.java:95)
	at org.openqa.selenium.support.ui.FluentWait.until(FluentWait.java:272)
	at com.qa.base.BaseTest.waitForVisibility(BaseTest.java:348)
	at com.qa.base.BaseTest.swipingElement(BaseTest.java:455)
	at com.qa.pages.PenjualanPage.showSidebar(PenjualanPage.java:101)
	at com.qa.tests.PembayaranPendingTest.logout(PembayaranPendingTest.java:124)
	at sun.reflect.NativeMethodAccessorImpl.invoke0(Native Method)
	at sun.reflect.NativeMethodAccessorImpl.invoke(Unknown Source)
	at sun.reflect.DelegatingMethodAccessorImpl.invoke(Unknown Source)
	at java.lang.reflect.Method.invoke(Unknown Source)
	at org.testng.internal.MethodInvocationHelper.invokeMethod(MethodInvocationHelper.java:134)
	at org.testng.internal.TestInvoker.invokeMethod(TestInvoker.java:597)
	at org.testng.internal.TestInvoker.invokeTestMethod(TestInvoker.java:173)
	at org.testng.internal.MethodRunner.runInSequence(MethodRunner.java:46)
	at org.testng.internal.TestInvoker$MethodInvocationAgent.invoke(TestInvoker.java:816)
	at org.testng.internal.TestInvoker.invokeTestMethods(TestInvoker.java:146)
	at org.testng.internal.TestMethodWorker.invokeTestMethods(TestMethodWorker.java:146)
	at org.testng.internal.TestMethodWorker.run(TestMethodWorker.java:128)
	at java.util.ArrayList.forEach(Unknown Source)
	at org.testng.TestRunner.privateRun(TestRunner.java:766)
	at org.testng.TestRunner.run(TestRunner.java:587)
	at org.testng.SuiteRunner.runTest(SuiteRunner.java:384)
	at org.testng.SuiteRunner.access$000(SuiteRunner.java:28)
	at org.testng.SuiteRunner$SuiteWorker.run(SuiteRunner.java:425)
	at org.testng.internal.thread.ThreadUtil.lambda$execute$0(ThreadUtil.java:68)
	at java.util.concurrent.FutureTask.run(Unknown Source)
	at java.util.concurrent.ThreadPoolExecutor.runWorker(Unknown Source)
	at java.util.concurrent.ThreadPoolExecutor$Worker.run(Unknown Source)
	at java.lang.Thread.run(Unknown Source)
Caused by: org.openqa.selenium.NoSuchElementException: Can't locate an element by this strategy: By.chained({By.id: id.dretail.mpos:id/customerName})
	at io.appium.java_client.pagefactory.AppiumElementLocator.findElement(AppiumElementLocator.java:126)
	at io.appium.java_client.pagefactory.interceptors.InterceptorOfASingleElement.intercept(InterceptorOfASingleElement.java:59)
	at io.appium.java_client.android.AndroidElement$$EnhancerByCGLIB$$b598166c.isDisplayed(<generated>)
	at org.openqa.selenium.support.ui.ExpectedConditions.elementIfVisible(ExpectedConditions.java:314)
	at org.openqa.selenium.support.ui.ExpectedConditions.access$000(ExpectedConditions.java:43)
	at org.openqa.selenium.support.ui.ExpectedConditions$10.apply(ExpectedConditions.java:300)
	at org.openqa.selenium.support.ui.ExpectedConditions$10.apply(ExpectedConditions.java:297)
	at org.openqa.selenium.support.ui.FluentWait.until(FluentWait.java:249)
	... 27 more
Caused by: org.openqa.selenium.TimeoutException: Expected condition failed: waiting for io.appium.java_client.pagefactory.AppiumElementLocator$WaitingFunction@3758d54 (tried for 10 second(s) with 500 milliseconds interval)
	at org.openqa.selenium.support.ui.FluentWait.timeoutException(FluentWait.java:304)
	at org.openqa.selenium.support.ui.FluentWait.until(FluentWait.java:272)
	at io.appium.java_client.pagefactory.AppiumElementLocator.waitFor(AppiumElementLocator.java:99)
	at io.appium.java_client.pagefactory.AppiumElementLocator.findElement(AppiumElementLocator.java:119)
	... 34 more
Caused by: org.openqa.selenium.NoSuchElementException: Cannot locate an element using By.chained({By.id: id.dretail.mpos:id/customerName})
For documentation on this error, please visit: https://www.seleniumhq.org/exceptions/no_such_element.html
Build info: version: '3.141.59', revision: 'e82be7d358', time: '2018-11-14T08:17:03'
System info: host: 'DESKTOP-UH2AGQ7', ip: '172.20.30.207', os.name: 'Windows 10', os.arch: 'amd64', os.version: '10.0', java.version: '1.8.0_221'
Driver info: driver.version: AndroidDriver
	at io.appium.java_client.pagefactory.bys.builder.ByChained.findElement(ByChained.java:74)
	at org.openqa.selenium.remote.RemoteWebDriver.findElement(RemoteWebDriver.java:315)
	at io.appium.java_client.DefaultGenericMobileDriver.findElement(DefaultGenericMobileDriver.java:57)
	at io.appium.java_client.AppiumDriver.findElement(AppiumDriver.java:1)
	at io.appium.java_client.android.AndroidDriver.findElement(AndroidDriver.java:1)
	at io.appium.java_client.pagefactory.bys.ContentMappedBy.findElement(ContentMappedBy.java:50)
	at org.openqa.selenium.remote.RemoteWebDriver.findElement(RemoteWebDriver.java:315)
	at io.appium.java_client.DefaultGenericMobileDriver.findElement(DefaultGenericMobileDriver.java:57)
	at io.appium.java_client.AppiumDriver.findElement(AppiumDriver.java:1)
	at io.appium.java_client.android.AndroidDriver.findElement(AndroidDriver.java:1)
	at io.appium.java_client.pagefactory.AppiumElementLocator.lambda$0(AppiumElementLocator.java:120)
	at io.appium.java_client.pagefactory.AppiumElementLocator$WaitingFunction.apply(AppiumElementLocator.java:172)
	at io.appium.java_client.pagefactory.AppiumElementLocator$WaitingFunction.apply(AppiumElementLocator.java:1)
	at org.openqa.selenium.support.ui.FluentWait.until(FluentWait.java:249)
	... 36 more
:
[logsAndroid_9.0_SM-T295 INFO ] 2020-08-10 11:31:59.692 PembayaranPendingTest:80 - Login test after method:
[logsAndroid_9.0_SM-T295 INFO ] 2020-08-10 11:35:38.073 BaseTest:259 - log path: logs\Android_9.0_SM-T295:
[logsAndroid_9.0_SM-T295 INFO ] 2020-08-10 11:36:00.311 PembayaranPendingTest:71 - 

 *******Starting test: loginValidUser *******
:
[logsAndroid_9.0_SM-T295 INFO ] 2020-08-10 11:36:02.298 BaseTest:393 - Enter username : demopac:
[logsAndroid_9.0_SM-T295 INFO ] 2020-08-10 11:36:04.283 BaseTest:393 - Enter password : qwerty:
[logsAndroid_9.0_SM-T295 INFO ] 2020-08-10 11:36:05.565 BaseTest:373 - Press Login Button:
[logsAndroid_9.0_SM-T295 INFO ] 2020-08-10 11:36:05.766 PembayaranPendingTest:80 - Login test after method:
[logsAndroid_9.0_SM-T295 INFO ] 2020-08-10 11:36:05.773 PembayaranPendingTest:71 - 

 *******Starting test: menambahDelivery *******
:
[logsAndroid_9.0_SM-T295 INFO ] 2020-08-10 11:36:15.170 BaseTest:373 - Pilih kategori Beverage:
[logsAndroid_9.0_SM-T295 INFO ] 2020-08-10 11:36:17.666 BaseTest:373 - Tambah Keranjang JUS MANGGA:
[logsAndroid_9.0_SM-T295 INFO ] 2020-08-10 11:36:18.614 BaseTest:373 - Press button order:
[logsAndroid_9.0_SM-T295 INFO ] 2020-08-10 11:36:20.531 BaseTest:373 - Press btn Pembayaran Lainnya:
[logsAndroid_9.0_SM-T295 INFO ] 2020-08-10 11:36:21.602 BaseTest:373 - Press btn Pending:
[logsAndroid_9.0_SM-T295 ERROR] 2020-08-10 11:36:22.660 TestListener:39 - org.openqa.selenium.WebDriverException: org.openqa.selenium.WebDriverException: An unknown server-side error occurred while processing the command. Original error: java.lang.IllegalArgumentException: Namespace with prefix 'id.dretail.mpos' has not been declared.
Build info: version: '3.141.59', revision: 'e82be7d358', time: '2018-11-14T08:17:03'
System info: host: 'DESKTOP-UH2AGQ7', ip: '172.20.30.207', os.name: 'Windows 10', os.arch: 'amd64', os.version: '10.0', java.version: '1.8.0_221'
Driver info: io.appium.java_client.android.AndroidDriver
Capabilities {appActivity: id.dretail.mpos.activity.Sp..., appPackage: id.dretail.mpos, appWaitActivity: id.dretail.mpos.activity.Lo..., autoGrantPermissions: true, automationName: UiAutomator2, chromeDriverPort: 11004, databaseEnabled: false, desired: {appActivity: id.dretail.mpos.activity.Sp..., appPackage: id.dretail.mpos, appWaitActivity: id.dretail.mpos.activity.Lo..., autoGrantPermissions: true, automationName: UiAutomator2, chromeDriverPort: 11004, deviceName: SM-T295, fullReset: false, mjpegServerPort: 12004, noReset: true, platformName: android, platformVersion: 9.0, systemPort: 10004, udid: R9CMC06C14J}, deviceApiLevel: 28, deviceManufacturer: samsung, deviceModel: SM-T295, deviceName: R9CMC06C14J, deviceScreenDensity: 213, deviceScreenSize: 1280x800, deviceUDID: R9CMC06C14J, fullReset: false, javascriptEnabled: true, locationContextEnabled: false, mjpegServerPort: 12004, networkConnectionEnabled: true, noReset: true, pixelRatio: 1.3312501, platform: LINUX, platformName: Android, platformVersion: 9, statBarHeight: 32, systemPort: 10004, takesScreenshot: true, udid: R9CMC06C14J, viewportRect: {height: 704, left: 0, top: 32, width: 1280}, warnings: {}, webStorageEnabled: false}
Session ID: 06b9df7c-59ee-45b0-b151-debabc0f74b2
*** Element info: {Using=xpath, value=id.dretail.mpos:id/txtCustomerName}
	at io.appium.java_client.pagefactory.AppiumElementLocator$WaitingFunction.apply(AppiumElementLocator.java:192)
	at io.appium.java_client.pagefactory.AppiumElementLocator$WaitingFunction.apply(AppiumElementLocator.java:1)
	at org.openqa.selenium.support.ui.FluentWait.until(FluentWait.java:249)
	at io.appium.java_client.pagefactory.AppiumElementLocator.waitFor(AppiumElementLocator.java:99)
	at io.appium.java_client.pagefactory.AppiumElementLocator.findElement(AppiumElementLocator.java:119)
	at io.appium.java_client.pagefactory.interceptors.InterceptorOfASingleElement.intercept(InterceptorOfASingleElement.java:59)
	at io.appium.java_client.android.AndroidElement$$EnhancerByCGLIB$$b598166c.isDisplayed(<generated>)
	at org.openqa.selenium.support.ui.ExpectedConditions.elementIfVisible(ExpectedConditions.java:314)
	at org.openqa.selenium.support.ui.ExpectedConditions.access$000(ExpectedConditions.java:43)
	at org.openqa.selenium.support.ui.ExpectedConditions$10.apply(ExpectedConditions.java:300)
	at org.openqa.selenium.support.ui.ExpectedConditions$10.apply(ExpectedConditions.java:297)
	at org.openqa.selenium.support.ui.FluentWait.until(FluentWait.java:249)
	at com.qa.base.BaseTest.waitForVisibility(BaseTest.java:348)
	at com.qa.base.BaseTest.clear(BaseTest.java:361)
	at com.qa.pages.PembayaranPage.enterNameCustomer(PembayaranPage.java:60)
	at com.qa.tests.PembayaranPendingTest.menambahDelivery(PembayaranPendingTest.java:104)
	at sun.reflect.NativeMethodAccessorImpl.invoke0(Native Method)
	at sun.reflect.NativeMethodAccessorImpl.invoke(Unknown Source)
	at sun.reflect.DelegatingMethodAccessorImpl.invoke(Unknown Source)
	at java.lang.reflect.Method.invoke(Unknown Source)
	at org.testng.internal.MethodInvocationHelper.invokeMethod(MethodInvocationHelper.java:134)
	at org.testng.internal.TestInvoker.invokeMethod(TestInvoker.java:597)
	at org.testng.internal.TestInvoker.invokeTestMethod(TestInvoker.java:173)
	at org.testng.internal.MethodRunner.runInSequence(MethodRunner.java:46)
	at org.testng.internal.TestInvoker$MethodInvocationAgent.invoke(TestInvoker.java:816)
	at org.testng.internal.TestInvoker.invokeTestMethods(TestInvoker.java:146)
	at org.testng.internal.TestMethodWorker.invokeTestMethods(TestMethodWorker.java:146)
	at org.testng.internal.TestMethodWorker.run(TestMethodWorker.java:128)
	at java.util.ArrayList.forEach(Unknown Source)
	at org.testng.TestRunner.privateRun(TestRunner.java:766)
	at org.testng.TestRunner.run(TestRunner.java:587)
	at org.testng.SuiteRunner.runTest(SuiteRunner.java:384)
	at org.testng.SuiteRunner.access$000(SuiteRunner.java:28)
	at org.testng.SuiteRunner$SuiteWorker.run(SuiteRunner.java:425)
	at org.testng.internal.thread.ThreadUtil.lambda$execute$0(ThreadUtil.java:68)
	at java.util.concurrent.FutureTask.run(Unknown Source)
	at java.util.concurrent.ThreadPoolExecutor.runWorker(Unknown Source)
	at java.util.concurrent.ThreadPoolExecutor$Worker.run(Unknown Source)
	at java.lang.Thread.run(Unknown Source)
Caused by: org.openqa.selenium.WebDriverException: An unknown server-side error occurred while processing the command. Original error: java.lang.IllegalArgumentException: Namespace with prefix 'id.dretail.mpos' has not been declared.
Build info: version: '3.141.59', revision: 'e82be7d358', time: '2018-11-14T08:17:03'
System info: host: 'DESKTOP-UH2AGQ7', ip: '172.20.30.207', os.name: 'Windows 10', os.arch: 'amd64', os.version: '10.0', java.version: '1.8.0_221'
Driver info: io.appium.java_client.android.AndroidDriver
Capabilities {appActivity: id.dretail.mpos.activity.Sp..., appPackage: id.dretail.mpos, appWaitActivity: id.dretail.mpos.activity.Lo..., autoGrantPermissions: true, automationName: UiAutomator2, chromeDriverPort: 11004, databaseEnabled: false, desired: {appActivity: id.dretail.mpos.activity.Sp..., appPackage: id.dretail.mpos, appWaitActivity: id.dretail.mpos.activity.Lo..., autoGrantPermissions: true, automationName: UiAutomator2, chromeDriverPort: 11004, deviceName: SM-T295, fullReset: false, mjpegServerPort: 12004, noReset: true, platformName: android, platformVersion: 9.0, systemPort: 10004, udid: R9CMC06C14J}, deviceApiLevel: 28, deviceManufacturer: samsung, deviceModel: SM-T295, deviceName: R9CMC06C14J, deviceScreenDensity: 213, deviceScreenSize: 1280x800, deviceUDID: R9CMC06C14J, fullReset: false, javascriptEnabled: true, locationContextEnabled: false, mjpegServerPort: 12004, networkConnectionEnabled: true, noReset: true, pixelRatio: 1.3312501, platform: LINUX, platformName: Android, platformVersion: 9, statBarHeight: 32, systemPort: 10004, takesScreenshot: true, udid: R9CMC06C14J, viewportRect: {height: 704, left: 0, top: 32, width: 1280}, warnings: {}, webStorageEnabled: false}
Session ID: 06b9df7c-59ee-45b0-b151-debabc0f74b2
*** Element info: {Using=xpath, value=id.dretail.mpos:id/txtCustomerName}
	at sun.reflect.NativeConstructorAccessorImpl.newInstance0(Native Method)
	at sun.reflect.NativeConstructorAccessorImpl.newInstance(Unknown Source)
	at sun.reflect.DelegatingConstructorAccessorImpl.newInstance(Unknown Source)
	at java.lang.reflect.Constructor.newInstance(Unknown Source)
	at org.openqa.selenium.remote.http.W3CHttpResponseCodec.createException(W3CHttpResponseCodec.java:187)
	at org.openqa.selenium.remote.http.W3CHttpResponseCodec.decode(W3CHttpResponseCodec.java:122)
	at org.openqa.selenium.remote.http.W3CHttpResponseCodec.decode(W3CHttpResponseCodec.java:49)
	at org.openqa.selenium.remote.HttpCommandExecutor.execute(HttpCommandExecutor.java:158)
	at io.appium.java_client.remote.AppiumCommandExecutor.execute(AppiumCommandExecutor.java:239)
	at org.openqa.selenium.remote.RemoteWebDriver.execute(RemoteWebDriver.java:552)
	at io.appium.java_client.DefaultGenericMobileDriver.execute(DefaultGenericMobileDriver.java:41)
	at io.appium.java_client.AppiumDriver.execute(AppiumDriver.java:1)
	at io.appium.java_client.android.AndroidDriver.execute(AndroidDriver.java:1)
	at org.openqa.selenium.remote.RemoteWebDriver.findElement(RemoteWebDriver.java:323)
	at io.appium.java_client.DefaultGenericMobileDriver.findElement(DefaultGenericMobileDriver.java:61)
	at io.appium.java_client.AppiumDriver.findElement(AppiumDriver.java:1)
	at io.appium.java_client.android.AndroidDriver.findElement(AndroidDriver.java:1)
	at org.openqa.selenium.remote.RemoteWebDriver.findElementByXPath(RemoteWebDriver.java:428)
	at io.appium.java_client.DefaultGenericMobileDriver.findElementByXPath(DefaultGenericMobileDriver.java:151)
	at io.appium.java_client.AppiumDriver.findElementByXPath(AppiumDriver.java:1)
	at io.appium.java_client.android.AndroidDriver.findElementByXPath(AndroidDriver.java:1)
	at org.openqa.selenium.By$ByXPath.findElement(By.java:353)
	at org.openqa.selenium.remote.RemoteWebDriver.findElement(RemoteWebDriver.java:315)
	at io.appium.java_client.DefaultGenericMobileDriver.findElement(DefaultGenericMobileDriver.java:57)
	at io.appium.java_client.AppiumDriver.findElement(AppiumDriver.java:1)
	at io.appium.java_client.android.AndroidDriver.findElement(AndroidDriver.java:1)
	at io.appium.java_client.pagefactory.bys.builder.ByChained.lambda$0(ByChained.java:38)
	at org.openqa.selenium.support.ui.FluentWait.until(FluentWait.java:249)
	at io.appium.java_client.pagefactory.bys.builder.ByChained.findElement(ByChained.java:72)
	at org.openqa.selenium.remote.RemoteWebDriver.findElement(RemoteWebDriver.java:315)
	at io.appium.java_client.DefaultGenericMobileDriver.findElement(DefaultGenericMobileDriver.java:57)
	at io.appium.java_client.AppiumDriver.findElement(AppiumDriver.java:1)
	at io.appium.java_client.android.AndroidDriver.findElement(AndroidDriver.java:1)
	at io.appium.java_client.pagefactory.bys.ContentMappedBy.findElement(ContentMappedBy.java:50)
	at org.openqa.selenium.remote.RemoteWebDriver.findElement(RemoteWebDriver.java:315)
	at io.appium.java_client.DefaultGenericMobileDriver.findElement(DefaultGenericMobileDriver.java:57)
	at io.appium.java_client.AppiumDriver.findElement(AppiumDriver.java:1)
	at io.appium.java_client.android.AndroidDriver.findElement(AndroidDriver.java:1)
	at io.appium.java_client.pagefactory.AppiumElementLocator.lambda$0(AppiumElementLocator.java:120)
	at io.appium.java_client.pagefactory.AppiumElementLocator$WaitingFunction.apply(AppiumElementLocator.java:172)
	... 38 more
:
[logsAndroid_9.0_SM-T295 INFO ] 2020-08-10 11:36:23.372 PembayaranPendingTest:80 - Login test after method:
[logsAndroid_9.0_SM-T295 INFO ] 2020-08-10 11:36:23.374 PembayaranPendingTest:71 - 

 *******Starting test: logout *******
:
[logsAndroid_9.0_SM-T295 ERROR] 2020-08-10 11:36:38.671 TestListener:39 - org.openqa.selenium.TimeoutException: Expected condition failed: waiting for visibility of Located by By.chained({By.id: id.dretail.mpos:id/customerName}) (tried for 10 second(s) with 500 milliseconds interval)
	at org.openqa.selenium.support.ui.WebDriverWait.timeoutException(WebDriverWait.java:95)
	at org.openqa.selenium.support.ui.FluentWait.until(FluentWait.java:272)
	at com.qa.base.BaseTest.waitForVisibility(BaseTest.java:348)
	at com.qa.base.BaseTest.swipingElement(BaseTest.java:455)
	at com.qa.pages.PenjualanPage.showSidebar(PenjualanPage.java:101)
	at com.qa.tests.PembayaranPendingTest.logout(PembayaranPendingTest.java:124)
	at sun.reflect.NativeMethodAccessorImpl.invoke0(Native Method)
	at sun.reflect.NativeMethodAccessorImpl.invoke(Unknown Source)
	at sun.reflect.DelegatingMethodAccessorImpl.invoke(Unknown Source)
	at java.lang.reflect.Method.invoke(Unknown Source)
	at org.testng.internal.MethodInvocationHelper.invokeMethod(MethodInvocationHelper.java:134)
	at org.testng.internal.TestInvoker.invokeMethod(TestInvoker.java:597)
	at org.testng.internal.TestInvoker.invokeTestMethod(TestInvoker.java:173)
	at org.testng.internal.MethodRunner.runInSequence(MethodRunner.java:46)
	at org.testng.internal.TestInvoker$MethodInvocationAgent.invoke(TestInvoker.java:816)
	at org.testng.internal.TestInvoker.invokeTestMethods(TestInvoker.java:146)
	at org.testng.internal.TestMethodWorker.invokeTestMethods(TestMethodWorker.java:146)
	at org.testng.internal.TestMethodWorker.run(TestMethodWorker.java:128)
	at java.util.ArrayList.forEach(Unknown Source)
	at org.testng.TestRunner.privateRun(TestRunner.java:766)
	at org.testng.TestRunner.run(TestRunner.java:587)
	at org.testng.SuiteRunner.runTest(SuiteRunner.java:384)
	at org.testng.SuiteRunner.access$000(SuiteRunner.java:28)
	at org.testng.SuiteRunner$SuiteWorker.run(SuiteRunner.java:425)
	at org.testng.internal.thread.ThreadUtil.lambda$execute$0(ThreadUtil.java:68)
	at java.util.concurrent.FutureTask.run(Unknown Source)
	at java.util.concurrent.ThreadPoolExecutor.runWorker(Unknown Source)
	at java.util.concurrent.ThreadPoolExecutor$Worker.run(Unknown Source)
	at java.lang.Thread.run(Unknown Source)
Caused by: org.openqa.selenium.NoSuchElementException: Can't locate an element by this strategy: By.chained({By.id: id.dretail.mpos:id/customerName})
	at io.appium.java_client.pagefactory.AppiumElementLocator.findElement(AppiumElementLocator.java:126)
	at io.appium.java_client.pagefactory.interceptors.InterceptorOfASingleElement.intercept(InterceptorOfASingleElement.java:59)
	at io.appium.java_client.android.AndroidElement$$EnhancerByCGLIB$$b598166c.isDisplayed(<generated>)
	at org.openqa.selenium.support.ui.ExpectedConditions.elementIfVisible(ExpectedConditions.java:314)
	at org.openqa.selenium.support.ui.ExpectedConditions.access$000(ExpectedConditions.java:43)
	at org.openqa.selenium.support.ui.ExpectedConditions$10.apply(ExpectedConditions.java:300)
	at org.openqa.selenium.support.ui.ExpectedConditions$10.apply(ExpectedConditions.java:297)
	at org.openqa.selenium.support.ui.FluentWait.until(FluentWait.java:249)
	... 27 more
Caused by: org.openqa.selenium.TimeoutException: Expected condition failed: waiting for io.appium.java_client.pagefactory.AppiumElementLocator$WaitingFunction@4ebf3b3f (tried for 10 second(s) with 500 milliseconds interval)
	at org.openqa.selenium.support.ui.FluentWait.timeoutException(FluentWait.java:304)
	at org.openqa.selenium.support.ui.FluentWait.until(FluentWait.java:272)
	at io.appium.java_client.pagefactory.AppiumElementLocator.waitFor(AppiumElementLocator.java:99)
	at io.appium.java_client.pagefactory.AppiumElementLocator.findElement(AppiumElementLocator.java:119)
	... 34 more
Caused by: org.openqa.selenium.NoSuchElementException: Cannot locate an element using By.chained({By.id: id.dretail.mpos:id/customerName})
For documentation on this error, please visit: https://www.seleniumhq.org/exceptions/no_such_element.html
Build info: version: '3.141.59', revision: 'e82be7d358', time: '2018-11-14T08:17:03'
System info: host: 'DESKTOP-UH2AGQ7', ip: '172.20.30.207', os.name: 'Windows 10', os.arch: 'amd64', os.version: '10.0', java.version: '1.8.0_221'
Driver info: driver.version: AndroidDriver
	at io.appium.java_client.pagefactory.bys.builder.ByChained.findElement(ByChained.java:74)
	at org.openqa.selenium.remote.RemoteWebDriver.findElement(RemoteWebDriver.java:315)
	at io.appium.java_client.DefaultGenericMobileDriver.findElement(DefaultGenericMobileDriver.java:57)
	at io.appium.java_client.AppiumDriver.findElement(AppiumDriver.java:1)
	at io.appium.java_client.android.AndroidDriver.findElement(AndroidDriver.java:1)
	at io.appium.java_client.pagefactory.bys.ContentMappedBy.findElement(ContentMappedBy.java:50)
	at org.openqa.selenium.remote.RemoteWebDriver.findElement(RemoteWebDriver.java:315)
	at io.appium.java_client.DefaultGenericMobileDriver.findElement(DefaultGenericMobileDriver.java:57)
	at io.appium.java_client.AppiumDriver.findElement(AppiumDriver.java:1)
	at io.appium.java_client.android.AndroidDriver.findElement(AndroidDriver.java:1)
	at io.appium.java_client.pagefactory.AppiumElementLocator.lambda$0(AppiumElementLocator.java:120)
	at io.appium.java_client.pagefactory.AppiumElementLocator$WaitingFunction.apply(AppiumElementLocator.java:172)
	at io.appium.java_client.pagefactory.AppiumElementLocator$WaitingFunction.apply(AppiumElementLocator.java:1)
	at org.openqa.selenium.support.ui.FluentWait.until(FluentWait.java:249)
	... 36 more
:
[logsAndroid_9.0_SM-T295 INFO ] 2020-08-10 11:36:39.302 PembayaranPendingTest:80 - Login test after method:
[logsAndroid_9.0_SM-T295 INFO ] 2020-08-10 11:39:17.705 BaseTest:259 - log path: logs\Android_9.0_SM-T295:
[logsAndroid_9.0_SM-T295 INFO ] 2020-08-10 11:39:38.645 PembayaranPendingTest:71 - 

 *******Starting test: loginValidUser *******
:
[logsAndroid_9.0_SM-T295 INFO ] 2020-08-10 11:39:40.691 BaseTest:393 - Enter username : demopac:
[logsAndroid_9.0_SM-T295 INFO ] 2020-08-10 11:39:42.234 BaseTest:393 - Enter password : qwerty:
[logsAndroid_9.0_SM-T295 INFO ] 2020-08-10 11:39:43.491 BaseTest:373 - Press Login Button:
[logsAndroid_9.0_SM-T295 INFO ] 2020-08-10 11:39:43.639 PembayaranPendingTest:80 - Login test after method:
[logsAndroid_9.0_SM-T295 INFO ] 2020-08-10 11:39:43.644 PembayaranPendingTest:71 - 

 *******Starting test: menambahDelivery *******
:
[logsAndroid_9.0_SM-T295 INFO ] 2020-08-10 11:39:51.927 BaseTest:373 - Pilih kategori Beverage:
[logsAndroid_9.0_SM-T295 INFO ] 2020-08-10 11:39:54.592 BaseTest:373 - Tambah Keranjang JUS MANGGA:
[logsAndroid_9.0_SM-T295 INFO ] 2020-08-10 11:39:55.576 BaseTest:373 - Press button order:
[logsAndroid_9.0_SM-T295 INFO ] 2020-08-10 11:39:57.539 BaseTest:373 - Press btn Pembayaran Lainnya:
[logsAndroid_9.0_SM-T295 INFO ] 2020-08-10 11:39:58.866 BaseTest:373 - Press btn Pending:
[logsAndroid_9.0_SM-T295 ERROR] 2020-08-10 11:39:59.870 TestListener:39 - org.openqa.selenium.WebDriverException: org.openqa.selenium.WebDriverException: An unknown server-side error occurred while processing the command. Original error: java.lang.IllegalArgumentException: Namespace with prefix 'id.dretail.mpos' has not been declared.
Build info: version: '3.141.59', revision: 'e82be7d358', time: '2018-11-14T08:17:03'
System info: host: 'DESKTOP-UH2AGQ7', ip: '172.20.30.207', os.name: 'Windows 10', os.arch: 'amd64', os.version: '10.0', java.version: '1.8.0_221'
Driver info: io.appium.java_client.android.AndroidDriver
Capabilities {appActivity: id.dretail.mpos.activity.Sp..., appPackage: id.dretail.mpos, appWaitActivity: id.dretail.mpos.activity.Lo..., autoGrantPermissions: true, automationName: UiAutomator2, chromeDriverPort: 11004, databaseEnabled: false, desired: {appActivity: id.dretail.mpos.activity.Sp..., appPackage: id.dretail.mpos, appWaitActivity: id.dretail.mpos.activity.Lo..., autoGrantPermissions: true, automationName: UiAutomator2, chromeDriverPort: 11004, deviceName: SM-T295, fullReset: false, mjpegServerPort: 12004, noReset: true, platformName: android, platformVersion: 9.0, systemPort: 10004, udid: R9CMC06C14J}, deviceApiLevel: 28, deviceManufacturer: samsung, deviceModel: SM-T295, deviceName: R9CMC06C14J, deviceScreenDensity: 213, deviceScreenSize: 1280x800, deviceUDID: R9CMC06C14J, fullReset: false, javascriptEnabled: true, locationContextEnabled: false, mjpegServerPort: 12004, networkConnectionEnabled: true, noReset: true, pixelRatio: 1.3312501, platform: LINUX, platformName: Android, platformVersion: 9, statBarHeight: 32, systemPort: 10004, takesScreenshot: true, udid: R9CMC06C14J, viewportRect: {height: 704, left: 0, top: 32, width: 1280}, warnings: {}, webStorageEnabled: false}
Session ID: 69a3d277-107f-498f-8b3b-5257cf459f95
*** Element info: {Using=xpath, value=id.dretail.mpos:id/txtCustomerName}
	at io.appium.java_client.pagefactory.AppiumElementLocator$WaitingFunction.apply(AppiumElementLocator.java:192)
	at io.appium.java_client.pagefactory.AppiumElementLocator$WaitingFunction.apply(AppiumElementLocator.java:1)
	at org.openqa.selenium.support.ui.FluentWait.until(FluentWait.java:249)
	at io.appium.java_client.pagefactory.AppiumElementLocator.waitFor(AppiumElementLocator.java:99)
	at io.appium.java_client.pagefactory.AppiumElementLocator.findElement(AppiumElementLocator.java:119)
	at io.appium.java_client.pagefactory.interceptors.InterceptorOfASingleElement.intercept(InterceptorOfASingleElement.java:59)
	at io.appium.java_client.android.AndroidElement$$EnhancerByCGLIB$$b598166c.isDisplayed(<generated>)
	at org.openqa.selenium.support.ui.ExpectedConditions.elementIfVisible(ExpectedConditions.java:314)
	at org.openqa.selenium.support.ui.ExpectedConditions.access$000(ExpectedConditions.java:43)
	at org.openqa.selenium.support.ui.ExpectedConditions$10.apply(ExpectedConditions.java:300)
	at org.openqa.selenium.support.ui.ExpectedConditions$10.apply(ExpectedConditions.java:297)
	at org.openqa.selenium.support.ui.FluentWait.until(FluentWait.java:249)
	at com.qa.base.BaseTest.waitForVisibility(BaseTest.java:348)
	at com.qa.base.BaseTest.clear(BaseTest.java:361)
	at com.qa.pages.PembayaranPage.enterNameCustomer(PembayaranPage.java:60)
	at com.qa.tests.PembayaranPendingTest.menambahDelivery(PembayaranPendingTest.java:104)
	at sun.reflect.NativeMethodAccessorImpl.invoke0(Native Method)
	at sun.reflect.NativeMethodAccessorImpl.invoke(Unknown Source)
	at sun.reflect.DelegatingMethodAccessorImpl.invoke(Unknown Source)
	at java.lang.reflect.Method.invoke(Unknown Source)
	at org.testng.internal.MethodInvocationHelper.invokeMethod(MethodInvocationHelper.java:134)
	at org.testng.internal.TestInvoker.invokeMethod(TestInvoker.java:597)
	at org.testng.internal.TestInvoker.invokeTestMethod(TestInvoker.java:173)
	at org.testng.internal.MethodRunner.runInSequence(MethodRunner.java:46)
	at org.testng.internal.TestInvoker$MethodInvocationAgent.invoke(TestInvoker.java:816)
	at org.testng.internal.TestInvoker.invokeTestMethods(TestInvoker.java:146)
	at org.testng.internal.TestMethodWorker.invokeTestMethods(TestMethodWorker.java:146)
	at org.testng.internal.TestMethodWorker.run(TestMethodWorker.java:128)
	at java.util.ArrayList.forEach(Unknown Source)
	at org.testng.TestRunner.privateRun(TestRunner.java:766)
	at org.testng.TestRunner.run(TestRunner.java:587)
	at org.testng.SuiteRunner.runTest(SuiteRunner.java:384)
	at org.testng.SuiteRunner.access$000(SuiteRunner.java:28)
	at org.testng.SuiteRunner$SuiteWorker.run(SuiteRunner.java:425)
	at org.testng.internal.thread.ThreadUtil.lambda$execute$0(ThreadUtil.java:68)
	at java.util.concurrent.FutureTask.run(Unknown Source)
	at java.util.concurrent.ThreadPoolExecutor.runWorker(Unknown Source)
	at java.util.concurrent.ThreadPoolExecutor$Worker.run(Unknown Source)
	at java.lang.Thread.run(Unknown Source)
Caused by: org.openqa.selenium.WebDriverException: An unknown server-side error occurred while processing the command. Original error: java.lang.IllegalArgumentException: Namespace with prefix 'id.dretail.mpos' has not been declared.
Build info: version: '3.141.59', revision: 'e82be7d358', time: '2018-11-14T08:17:03'
System info: host: 'DESKTOP-UH2AGQ7', ip: '172.20.30.207', os.name: 'Windows 10', os.arch: 'amd64', os.version: '10.0', java.version: '1.8.0_221'
Driver info: io.appium.java_client.android.AndroidDriver
Capabilities {appActivity: id.dretail.mpos.activity.Sp..., appPackage: id.dretail.mpos, appWaitActivity: id.dretail.mpos.activity.Lo..., autoGrantPermissions: true, automationName: UiAutomator2, chromeDriverPort: 11004, databaseEnabled: false, desired: {appActivity: id.dretail.mpos.activity.Sp..., appPackage: id.dretail.mpos, appWaitActivity: id.dretail.mpos.activity.Lo..., autoGrantPermissions: true, automationName: UiAutomator2, chromeDriverPort: 11004, deviceName: SM-T295, fullReset: false, mjpegServerPort: 12004, noReset: true, platformName: android, platformVersion: 9.0, systemPort: 10004, udid: R9CMC06C14J}, deviceApiLevel: 28, deviceManufacturer: samsung, deviceModel: SM-T295, deviceName: R9CMC06C14J, deviceScreenDensity: 213, deviceScreenSize: 1280x800, deviceUDID: R9CMC06C14J, fullReset: false, javascriptEnabled: true, locationContextEnabled: false, mjpegServerPort: 12004, networkConnectionEnabled: true, noReset: true, pixelRatio: 1.3312501, platform: LINUX, platformName: Android, platformVersion: 9, statBarHeight: 32, systemPort: 10004, takesScreenshot: true, udid: R9CMC06C14J, viewportRect: {height: 704, left: 0, top: 32, width: 1280}, warnings: {}, webStorageEnabled: false}
Session ID: 69a3d277-107f-498f-8b3b-5257cf459f95
*** Element info: {Using=xpath, value=id.dretail.mpos:id/txtCustomerName}
	at sun.reflect.NativeConstructorAccessorImpl.newInstance0(Native Method)
	at sun.reflect.NativeConstructorAccessorImpl.newInstance(Unknown Source)
	at sun.reflect.DelegatingConstructorAccessorImpl.newInstance(Unknown Source)
	at java.lang.reflect.Constructor.newInstance(Unknown Source)
	at org.openqa.selenium.remote.http.W3CHttpResponseCodec.createException(W3CHttpResponseCodec.java:187)
	at org.openqa.selenium.remote.http.W3CHttpResponseCodec.decode(W3CHttpResponseCodec.java:122)
	at org.openqa.selenium.remote.http.W3CHttpResponseCodec.decode(W3CHttpResponseCodec.java:49)
	at org.openqa.selenium.remote.HttpCommandExecutor.execute(HttpCommandExecutor.java:158)
	at io.appium.java_client.remote.AppiumCommandExecutor.execute(AppiumCommandExecutor.java:239)
	at org.openqa.selenium.remote.RemoteWebDriver.execute(RemoteWebDriver.java:552)
	at io.appium.java_client.DefaultGenericMobileDriver.execute(DefaultGenericMobileDriver.java:41)
	at io.appium.java_client.AppiumDriver.execute(AppiumDriver.java:1)
	at io.appium.java_client.android.AndroidDriver.execute(AndroidDriver.java:1)
	at org.openqa.selenium.remote.RemoteWebDriver.findElement(RemoteWebDriver.java:323)
	at io.appium.java_client.DefaultGenericMobileDriver.findElement(DefaultGenericMobileDriver.java:61)
	at io.appium.java_client.AppiumDriver.findElement(AppiumDriver.java:1)
	at io.appium.java_client.android.AndroidDriver.findElement(AndroidDriver.java:1)
	at org.openqa.selenium.remote.RemoteWebDriver.findElementByXPath(RemoteWebDriver.java:428)
	at io.appium.java_client.DefaultGenericMobileDriver.findElementByXPath(DefaultGenericMobileDriver.java:151)
	at io.appium.java_client.AppiumDriver.findElementByXPath(AppiumDriver.java:1)
	at io.appium.java_client.android.AndroidDriver.findElementByXPath(AndroidDriver.java:1)
	at org.openqa.selenium.By$ByXPath.findElement(By.java:353)
	at org.openqa.selenium.remote.RemoteWebDriver.findElement(RemoteWebDriver.java:315)
	at io.appium.java_client.DefaultGenericMobileDriver.findElement(DefaultGenericMobileDriver.java:57)
	at io.appium.java_client.AppiumDriver.findElement(AppiumDriver.java:1)
	at io.appium.java_client.android.AndroidDriver.findElement(AndroidDriver.java:1)
	at io.appium.java_client.pagefactory.bys.builder.ByChained.lambda$0(ByChained.java:38)
	at org.openqa.selenium.support.ui.FluentWait.until(FluentWait.java:249)
	at io.appium.java_client.pagefactory.bys.builder.ByChained.findElement(ByChained.java:72)
	at org.openqa.selenium.remote.RemoteWebDriver.findElement(RemoteWebDriver.java:315)
	at io.appium.java_client.DefaultGenericMobileDriver.findElement(DefaultGenericMobileDriver.java:57)
	at io.appium.java_client.AppiumDriver.findElement(AppiumDriver.java:1)
	at io.appium.java_client.android.AndroidDriver.findElement(AndroidDriver.java:1)
	at io.appium.java_client.pagefactory.bys.ContentMappedBy.findElement(ContentMappedBy.java:50)
	at org.openqa.selenium.remote.RemoteWebDriver.findElement(RemoteWebDriver.java:315)
	at io.appium.java_client.DefaultGenericMobileDriver.findElement(DefaultGenericMobileDriver.java:57)
	at io.appium.java_client.AppiumDriver.findElement(AppiumDriver.java:1)
	at io.appium.java_client.android.AndroidDriver.findElement(AndroidDriver.java:1)
	at io.appium.java_client.pagefactory.AppiumElementLocator.lambda$0(AppiumElementLocator.java:120)
	at io.appium.java_client.pagefactory.AppiumElementLocator$WaitingFunction.apply(AppiumElementLocator.java:172)
	... 38 more
:
[logsAndroid_9.0_SM-T295 INFO ] 2020-08-10 11:40:00.417 PembayaranPendingTest:80 - Login test after method:
[logsAndroid_9.0_SM-T295 INFO ] 2020-08-10 11:40:00.419 PembayaranPendingTest:71 - 

 *******Starting test: logout *******
:
[logsAndroid_9.0_SM-T295 ERROR] 2020-08-10 11:40:15.833 TestListener:39 - org.openqa.selenium.TimeoutException: Expected condition failed: waiting for visibility of Located by By.chained({By.id: id.dretail.mpos:id/customerName}) (tried for 10 second(s) with 500 milliseconds interval)
	at org.openqa.selenium.support.ui.WebDriverWait.timeoutException(WebDriverWait.java:95)
	at org.openqa.selenium.support.ui.FluentWait.until(FluentWait.java:272)
	at com.qa.base.BaseTest.waitForVisibility(BaseTest.java:348)
	at com.qa.base.BaseTest.swipingElement(BaseTest.java:455)
	at com.qa.pages.PenjualanPage.showSidebar(PenjualanPage.java:101)
	at com.qa.tests.PembayaranPendingTest.logout(PembayaranPendingTest.java:124)
	at sun.reflect.NativeMethodAccessorImpl.invoke0(Native Method)
	at sun.reflect.NativeMethodAccessorImpl.invoke(Unknown Source)
	at sun.reflect.DelegatingMethodAccessorImpl.invoke(Unknown Source)
	at java.lang.reflect.Method.invoke(Unknown Source)
	at org.testng.internal.MethodInvocationHelper.invokeMethod(MethodInvocationHelper.java:134)
	at org.testng.internal.TestInvoker.invokeMethod(TestInvoker.java:597)
	at org.testng.internal.TestInvoker.invokeTestMethod(TestInvoker.java:173)
	at org.testng.internal.MethodRunner.runInSequence(MethodRunner.java:46)
	at org.testng.internal.TestInvoker$MethodInvocationAgent.invoke(TestInvoker.java:816)
	at org.testng.internal.TestInvoker.invokeTestMethods(TestInvoker.java:146)
	at org.testng.internal.TestMethodWorker.invokeTestMethods(TestMethodWorker.java:146)
	at org.testng.internal.TestMethodWorker.run(TestMethodWorker.java:128)
	at java.util.ArrayList.forEach(Unknown Source)
	at org.testng.TestRunner.privateRun(TestRunner.java:766)
	at org.testng.TestRunner.run(TestRunner.java:587)
	at org.testng.SuiteRunner.runTest(SuiteRunner.java:384)
	at org.testng.SuiteRunner.access$000(SuiteRunner.java:28)
	at org.testng.SuiteRunner$SuiteWorker.run(SuiteRunner.java:425)
	at org.testng.internal.thread.ThreadUtil.lambda$execute$0(ThreadUtil.java:68)
	at java.util.concurrent.FutureTask.run(Unknown Source)
	at java.util.concurrent.ThreadPoolExecutor.runWorker(Unknown Source)
	at java.util.concurrent.ThreadPoolExecutor$Worker.run(Unknown Source)
	at java.lang.Thread.run(Unknown Source)
Caused by: org.openqa.selenium.NoSuchElementException: Can't locate an element by this strategy: By.chained({By.id: id.dretail.mpos:id/customerName})
	at io.appium.java_client.pagefactory.AppiumElementLocator.findElement(AppiumElementLocator.java:126)
	at io.appium.java_client.pagefactory.interceptors.InterceptorOfASingleElement.intercept(InterceptorOfASingleElement.java:59)
	at io.appium.java_client.android.AndroidElement$$EnhancerByCGLIB$$b598166c.isDisplayed(<generated>)
	at org.openqa.selenium.support.ui.ExpectedConditions.elementIfVisible(ExpectedConditions.java:314)
	at org.openqa.selenium.support.ui.ExpectedConditions.access$000(ExpectedConditions.java:43)
	at org.openqa.selenium.support.ui.ExpectedConditions$10.apply(ExpectedConditions.java:300)
	at org.openqa.selenium.support.ui.ExpectedConditions$10.apply(ExpectedConditions.java:297)
	at org.openqa.selenium.support.ui.FluentWait.until(FluentWait.java:249)
	... 27 more
Caused by: org.openqa.selenium.TimeoutException: Expected condition failed: waiting for io.appium.java_client.pagefactory.AppiumElementLocator$WaitingFunction@d43b9c5 (tried for 10 second(s) with 500 milliseconds interval)
	at org.openqa.selenium.support.ui.FluentWait.timeoutException(FluentWait.java:304)
	at org.openqa.selenium.support.ui.FluentWait.until(FluentWait.java:272)
	at io.appium.java_client.pagefactory.AppiumElementLocator.waitFor(AppiumElementLocator.java:99)
	at io.appium.java_client.pagefactory.AppiumElementLocator.findElement(AppiumElementLocator.java:119)
	... 34 more
Caused by: org.openqa.selenium.NoSuchElementException: Cannot locate an element using By.chained({By.id: id.dretail.mpos:id/customerName})
For documentation on this error, please visit: https://www.seleniumhq.org/exceptions/no_such_element.html
Build info: version: '3.141.59', revision: 'e82be7d358', time: '2018-11-14T08:17:03'
System info: host: 'DESKTOP-UH2AGQ7', ip: '172.20.30.207', os.name: 'Windows 10', os.arch: 'amd64', os.version: '10.0', java.version: '1.8.0_221'
Driver info: driver.version: AndroidDriver
	at io.appium.java_client.pagefactory.bys.builder.ByChained.findElement(ByChained.java:74)
	at org.openqa.selenium.remote.RemoteWebDriver.findElement(RemoteWebDriver.java:315)
	at io.appium.java_client.DefaultGenericMobileDriver.findElement(DefaultGenericMobileDriver.java:57)
	at io.appium.java_client.AppiumDriver.findElement(AppiumDriver.java:1)
	at io.appium.java_client.android.AndroidDriver.findElement(AndroidDriver.java:1)
	at io.appium.java_client.pagefactory.bys.ContentMappedBy.findElement(ContentMappedBy.java:50)
	at org.openqa.selenium.remote.RemoteWebDriver.findElement(RemoteWebDriver.java:315)
	at io.appium.java_client.DefaultGenericMobileDriver.findElement(DefaultGenericMobileDriver.java:57)
	at io.appium.java_client.AppiumDriver.findElement(AppiumDriver.java:1)
	at io.appium.java_client.android.AndroidDriver.findElement(AndroidDriver.java:1)
	at io.appium.java_client.pagefactory.AppiumElementLocator.lambda$0(AppiumElementLocator.java:120)
	at io.appium.java_client.pagefactory.AppiumElementLocator$WaitingFunction.apply(AppiumElementLocator.java:172)
	at io.appium.java_client.pagefactory.AppiumElementLocator$WaitingFunction.apply(AppiumElementLocator.java:1)
	at org.openqa.selenium.support.ui.FluentWait.until(FluentWait.java:249)
	... 36 more
:
[logsAndroid_9.0_SM-T295 INFO ] 2020-08-10 11:40:16.320 PembayaranPendingTest:80 - Login test after method:
[logsAndroid_9.0_SM-T295 INFO ] 2020-08-10 11:44:29.645 BaseTest:259 - log path: logs\Android_9.0_SM-T295:
[logsAndroid_9.0_SM-T295 INFO ] 2020-08-10 11:44:51.493 PembayaranPendingTest:71 - 

 *******Starting test: loginValidUser *******
:
[logsAndroid_9.0_SM-T295 INFO ] 2020-08-10 11:44:53.495 BaseTest:393 - Enter username : demopac:
[logsAndroid_9.0_SM-T295 INFO ] 2020-08-10 11:44:55.509 BaseTest:393 - Enter password : qwerty:
[logsAndroid_9.0_SM-T295 INFO ] 2020-08-10 11:44:56.769 BaseTest:373 - Press Login Button:
[logsAndroid_9.0_SM-T295 INFO ] 2020-08-10 11:44:56.932 PembayaranPendingTest:80 - Login test after method:
[logsAndroid_9.0_SM-T295 INFO ] 2020-08-10 11:44:56.936 PembayaranPendingTest:71 - 

 *******Starting test: menambahDelivery *******
:
[logsAndroid_9.0_SM-T295 INFO ] 2020-08-10 11:45:05.183 BaseTest:373 - Pilih kategori Beverage:
[logsAndroid_9.0_SM-T295 INFO ] 2020-08-10 11:45:07.645 BaseTest:373 - Tambah Keranjang JUS MANGGA:
[logsAndroid_9.0_SM-T295 INFO ] 2020-08-10 11:45:08.635 BaseTest:373 - Press button order:
[logsAndroid_9.0_SM-T295 INFO ] 2020-08-10 11:45:10.579 BaseTest:373 - Press btn Pembayaran Lainnya:
[logsAndroid_9.0_SM-T295 INFO ] 2020-08-10 11:45:12.021 BaseTest:373 - Press btn Pending:
[logsAndroid_9.0_SM-T295 INFO ] 2020-08-10 11:45:14.295 BaseTest:393 - Enter customer's name : bagas:
[logsAndroid_9.0_SM-T295 INFO ] 2020-08-10 11:45:16.085 BaseTest:393 - Enter customer's name : 1234567891011:
[logsAndroid_9.0_SM-T295 INFO ] 2020-08-10 11:45:17.413 BaseTest:393 - Enter customer's email : test@gmail.com:
[logsAndroid_9.0_SM-T295 INFO ] 2020-08-10 11:45:18.115 BaseTest:373 - Press button OK:
[logsAndroid_9.0_SM-T295 ERROR] 2020-08-10 11:45:29.310 TestListener:39 - org.openqa.selenium.TimeoutException: Expected condition failed: waiting for visibility of Located by By.chained({By.id: id.dretail.mpos:id/lblTitle}) (tried for 10 second(s) with 500 milliseconds interval)
	at org.openqa.selenium.support.ui.WebDriverWait.timeoutException(WebDriverWait.java:95)
	at org.openqa.selenium.support.ui.FluentWait.until(FluentWait.java:272)
	at com.qa.base.BaseTest.waitForVisibility(BaseTest.java:348)
	at com.qa.base.BaseTest.getText(BaseTest.java:418)
	at com.qa.pages.popup.PopupNotifikasiPembayaran.getStatusPembayaran(PopupNotifikasiPembayaran.java:22)
	at com.qa.tests.PembayaranPendingTest.menambahDelivery(PembayaranPendingTest.java:110)
	at sun.reflect.NativeMethodAccessorImpl.invoke0(Native Method)
	at sun.reflect.NativeMethodAccessorImpl.invoke(Unknown Source)
	at sun.reflect.DelegatingMethodAccessorImpl.invoke(Unknown Source)
	at java.lang.reflect.Method.invoke(Unknown Source)
	at org.testng.internal.MethodInvocationHelper.invokeMethod(MethodInvocationHelper.java:134)
	at org.testng.internal.TestInvoker.invokeMethod(TestInvoker.java:597)
	at org.testng.internal.TestInvoker.invokeTestMethod(TestInvoker.java:173)
	at org.testng.internal.MethodRunner.runInSequence(MethodRunner.java:46)
	at org.testng.internal.TestInvoker$MethodInvocationAgent.invoke(TestInvoker.java:816)
	at org.testng.internal.TestInvoker.invokeTestMethods(TestInvoker.java:146)
	at org.testng.internal.TestMethodWorker.invokeTestMethods(TestMethodWorker.java:146)
	at org.testng.internal.TestMethodWorker.run(TestMethodWorker.java:128)
	at java.util.ArrayList.forEach(Unknown Source)
	at org.testng.TestRunner.privateRun(TestRunner.java:766)
	at org.testng.TestRunner.run(TestRunner.java:587)
	at org.testng.SuiteRunner.runTest(SuiteRunner.java:384)
	at org.testng.SuiteRunner.access$000(SuiteRunner.java:28)
	at org.testng.SuiteRunner$SuiteWorker.run(SuiteRunner.java:425)
	at org.testng.internal.thread.ThreadUtil.lambda$execute$0(ThreadUtil.java:68)
	at java.util.concurrent.FutureTask.run(Unknown Source)
	at java.util.concurrent.ThreadPoolExecutor.runWorker(Unknown Source)
	at java.util.concurrent.ThreadPoolExecutor$Worker.run(Unknown Source)
	at java.lang.Thread.run(Unknown Source)
Caused by: org.openqa.selenium.NoSuchElementException: Can't locate an element by this strategy: By.chained({By.id: id.dretail.mpos:id/lblTitle})
	at io.appium.java_client.pagefactory.AppiumElementLocator.findElement(AppiumElementLocator.java:126)
	at io.appium.java_client.pagefactory.interceptors.InterceptorOfASingleElement.intercept(InterceptorOfASingleElement.java:59)
	at io.appium.java_client.android.AndroidElement$$EnhancerByCGLIB$$b598166c.isDisplayed(<generated>)
	at org.openqa.selenium.support.ui.ExpectedConditions.elementIfVisible(ExpectedConditions.java:314)
	at org.openqa.selenium.support.ui.ExpectedConditions.access$000(ExpectedConditions.java:43)
	at org.openqa.selenium.support.ui.ExpectedConditions$10.apply(ExpectedConditions.java:300)
	at org.openqa.selenium.support.ui.ExpectedConditions$10.apply(ExpectedConditions.java:297)
	at org.openqa.selenium.support.ui.FluentWait.until(FluentWait.java:249)
	... 27 more
Caused by: org.openqa.selenium.TimeoutException: Expected condition failed: waiting for io.appium.java_client.pagefactory.AppiumElementLocator$WaitingFunction@1ab273d5 (tried for 10 second(s) with 500 milliseconds interval)
	at org.openqa.selenium.support.ui.FluentWait.timeoutException(FluentWait.java:304)
	at org.openqa.selenium.support.ui.FluentWait.until(FluentWait.java:272)
	at io.appium.java_client.pagefactory.AppiumElementLocator.waitFor(AppiumElementLocator.java:99)
	at io.appium.java_client.pagefactory.AppiumElementLocator.findElement(AppiumElementLocator.java:119)
	... 34 more
Caused by: org.openqa.selenium.NoSuchElementException: Cannot locate an element using By.chained({By.id: id.dretail.mpos:id/lblTitle})
For documentation on this error, please visit: https://www.seleniumhq.org/exceptions/no_such_element.html
Build info: version: '3.141.59', revision: 'e82be7d358', time: '2018-11-14T08:17:03'
System info: host: 'DESKTOP-UH2AGQ7', ip: '172.20.30.207', os.name: 'Windows 10', os.arch: 'amd64', os.version: '10.0', java.version: '1.8.0_221'
Driver info: driver.version: AndroidDriver
	at io.appium.java_client.pagefactory.bys.builder.ByChained.findElement(ByChained.java:74)
	at org.openqa.selenium.remote.RemoteWebDriver.findElement(RemoteWebDriver.java:315)
	at io.appium.java_client.DefaultGenericMobileDriver.findElement(DefaultGenericMobileDriver.java:57)
	at io.appium.java_client.AppiumDriver.findElement(AppiumDriver.java:1)
	at io.appium.java_client.android.AndroidDriver.findElement(AndroidDriver.java:1)
	at io.appium.java_client.pagefactory.bys.ContentMappedBy.findElement(ContentMappedBy.java:50)
	at org.openqa.selenium.remote.RemoteWebDriver.findElement(RemoteWebDriver.java:315)
	at io.appium.java_client.DefaultGenericMobileDriver.findElement(DefaultGenericMobileDriver.java:57)
	at io.appium.java_client.AppiumDriver.findElement(AppiumDriver.java:1)
	at io.appium.java_client.android.AndroidDriver.findElement(AndroidDriver.java:1)
	at io.appium.java_client.pagefactory.AppiumElementLocator.lambda$0(AppiumElementLocator.java:120)
	at io.appium.java_client.pagefactory.AppiumElementLocator$WaitingFunction.apply(AppiumElementLocator.java:172)
	at io.appium.java_client.pagefactory.AppiumElementLocator$WaitingFunction.apply(AppiumElementLocator.java:1)
	at org.openqa.selenium.support.ui.FluentWait.until(FluentWait.java:249)
	... 36 more
:
[logsAndroid_9.0_SM-T295 INFO ] 2020-08-10 11:45:29.862 PembayaranPendingTest:80 - Login test after method:
[logsAndroid_9.0_SM-T295 INFO ] 2020-08-10 11:45:29.864 PembayaranPendingTest:71 - 

 *******Starting test: logout *******
:
[logsAndroid_9.0_SM-T295 ERROR] 2020-08-10 11:45:45.072 TestListener:39 - org.openqa.selenium.TimeoutException: Expected condition failed: waiting for visibility of Located by By.chained({By.id: id.dretail.mpos:id/customerName}) (tried for 10 second(s) with 500 milliseconds interval)
	at org.openqa.selenium.support.ui.WebDriverWait.timeoutException(WebDriverWait.java:95)
	at org.openqa.selenium.support.ui.FluentWait.until(FluentWait.java:272)
	at com.qa.base.BaseTest.waitForVisibility(BaseTest.java:348)
	at com.qa.base.BaseTest.swipingElement(BaseTest.java:455)
	at com.qa.pages.PenjualanPage.showSidebar(PenjualanPage.java:101)
	at com.qa.tests.PembayaranPendingTest.logout(PembayaranPendingTest.java:124)
	at sun.reflect.NativeMethodAccessorImpl.invoke0(Native Method)
	at sun.reflect.NativeMethodAccessorImpl.invoke(Unknown Source)
	at sun.reflect.DelegatingMethodAccessorImpl.invoke(Unknown Source)
	at java.lang.reflect.Method.invoke(Unknown Source)
	at org.testng.internal.MethodInvocationHelper.invokeMethod(MethodInvocationHelper.java:134)
	at org.testng.internal.TestInvoker.invokeMethod(TestInvoker.java:597)
	at org.testng.internal.TestInvoker.invokeTestMethod(TestInvoker.java:173)
	at org.testng.internal.MethodRunner.runInSequence(MethodRunner.java:46)
	at org.testng.internal.TestInvoker$MethodInvocationAgent.invoke(TestInvoker.java:816)
	at org.testng.internal.TestInvoker.invokeTestMethods(TestInvoker.java:146)
	at org.testng.internal.TestMethodWorker.invokeTestMethods(TestMethodWorker.java:146)
	at org.testng.internal.TestMethodWorker.run(TestMethodWorker.java:128)
	at java.util.ArrayList.forEach(Unknown Source)
	at org.testng.TestRunner.privateRun(TestRunner.java:766)
	at org.testng.TestRunner.run(TestRunner.java:587)
	at org.testng.SuiteRunner.runTest(SuiteRunner.java:384)
	at org.testng.SuiteRunner.access$000(SuiteRunner.java:28)
	at org.testng.SuiteRunner$SuiteWorker.run(SuiteRunner.java:425)
	at org.testng.internal.thread.ThreadUtil.lambda$execute$0(ThreadUtil.java:68)
	at java.util.concurrent.FutureTask.run(Unknown Source)
	at java.util.concurrent.ThreadPoolExecutor.runWorker(Unknown Source)
	at java.util.concurrent.ThreadPoolExecutor$Worker.run(Unknown Source)
	at java.lang.Thread.run(Unknown Source)
Caused by: org.openqa.selenium.NoSuchElementException: Can't locate an element by this strategy: By.chained({By.id: id.dretail.mpos:id/customerName})
	at io.appium.java_client.pagefactory.AppiumElementLocator.findElement(AppiumElementLocator.java:126)
	at io.appium.java_client.pagefactory.interceptors.InterceptorOfASingleElement.intercept(InterceptorOfASingleElement.java:59)
	at io.appium.java_client.android.AndroidElement$$EnhancerByCGLIB$$b598166c.isDisplayed(<generated>)
	at org.openqa.selenium.support.ui.ExpectedConditions.elementIfVisible(ExpectedConditions.java:314)
	at org.openqa.selenium.support.ui.ExpectedConditions.access$000(ExpectedConditions.java:43)
	at org.openqa.selenium.support.ui.ExpectedConditions$10.apply(ExpectedConditions.java:300)
	at org.openqa.selenium.support.ui.ExpectedConditions$10.apply(ExpectedConditions.java:297)
	at org.openqa.selenium.support.ui.FluentWait.until(FluentWait.java:249)
	... 27 more
Caused by: org.openqa.selenium.TimeoutException: Expected condition failed: waiting for io.appium.java_client.pagefactory.AppiumElementLocator$WaitingFunction@1c449385 (tried for 10 second(s) with 500 milliseconds interval)
	at org.openqa.selenium.support.ui.FluentWait.timeoutException(FluentWait.java:304)
	at org.openqa.selenium.support.ui.FluentWait.until(FluentWait.java:272)
	at io.appium.java_client.pagefactory.AppiumElementLocator.waitFor(AppiumElementLocator.java:99)
	at io.appium.java_client.pagefactory.AppiumElementLocator.findElement(AppiumElementLocator.java:119)
	... 34 more
Caused by: org.openqa.selenium.NoSuchElementException: Cannot locate an element using By.chained({By.id: id.dretail.mpos:id/customerName})
For documentation on this error, please visit: https://www.seleniumhq.org/exceptions/no_such_element.html
Build info: version: '3.141.59', revision: 'e82be7d358', time: '2018-11-14T08:17:03'
System info: host: 'DESKTOP-UH2AGQ7', ip: '172.20.30.207', os.name: 'Windows 10', os.arch: 'amd64', os.version: '10.0', java.version: '1.8.0_221'
Driver info: driver.version: AndroidDriver
	at io.appium.java_client.pagefactory.bys.builder.ByChained.findElement(ByChained.java:74)
	at org.openqa.selenium.remote.RemoteWebDriver.findElement(RemoteWebDriver.java:315)
	at io.appium.java_client.DefaultGenericMobileDriver.findElement(DefaultGenericMobileDriver.java:57)
	at io.appium.java_client.AppiumDriver.findElement(AppiumDriver.java:1)
	at io.appium.java_client.android.AndroidDriver.findElement(AndroidDriver.java:1)
	at io.appium.java_client.pagefactory.bys.ContentMappedBy.findElement(ContentMappedBy.java:50)
	at org.openqa.selenium.remote.RemoteWebDriver.findElement(RemoteWebDriver.java:315)
	at io.appium.java_client.DefaultGenericMobileDriver.findElement(DefaultGenericMobileDriver.java:57)
	at io.appium.java_client.AppiumDriver.findElement(AppiumDriver.java:1)
	at io.appium.java_client.android.AndroidDriver.findElement(AndroidDriver.java:1)
	at io.appium.java_client.pagefactory.AppiumElementLocator.lambda$0(AppiumElementLocator.java:120)
	at io.appium.java_client.pagefactory.AppiumElementLocator$WaitingFunction.apply(AppiumElementLocator.java:172)
	at io.appium.java_client.pagefactory.AppiumElementLocator$WaitingFunction.apply(AppiumElementLocator.java:1)
	at org.openqa.selenium.support.ui.FluentWait.until(FluentWait.java:249)
	... 36 more
:
[logsAndroid_9.0_SM-T295 INFO ] 2020-08-10 11:45:45.547 PembayaranPendingTest:80 - Login test after method:
[logsAndroid_9.0_SM-T295 INFO ] 2020-08-10 11:52:12.188 BaseTest:259 - log path: logs\Android_9.0_SM-T295:
[logsAndroid_9.0_SM-T295 INFO ] 2020-08-10 11:52:34.106 PembayaranPendingTest:71 - 

 *******Starting test: loginValidUser *******
:
[logsAndroid_9.0_SM-T295 INFO ] 2020-08-10 11:52:35.971 BaseTest:393 - Enter username : demopac:
[logsAndroid_9.0_SM-T295 INFO ] 2020-08-10 11:52:38.019 BaseTest:393 - Enter password : qwerty:
[logsAndroid_9.0_SM-T295 INFO ] 2020-08-10 11:52:39.271 BaseTest:373 - Press Login Button:
[logsAndroid_9.0_SM-T295 INFO ] 2020-08-10 11:52:39.450 PembayaranPendingTest:80 - Login test after method:
[logsAndroid_9.0_SM-T295 INFO ] 2020-08-10 11:52:39.454 PembayaranPendingTest:71 - 

 *******Starting test: menambahDelivery *******
:
[logsAndroid_9.0_SM-T295 INFO ] 2020-08-10 11:52:48.015 BaseTest:373 - Pilih kategori Beverage:
[logsAndroid_9.0_SM-T295 INFO ] 2020-08-10 11:52:50.460 BaseTest:373 - Tambah Keranjang JUS MANGGA:
[logsAndroid_9.0_SM-T295 INFO ] 2020-08-10 11:52:51.410 BaseTest:373 - Press button order:
[logsAndroid_9.0_SM-T295 INFO ] 2020-08-10 11:52:53.309 BaseTest:373 - Press btn Pembayaran Lainnya:
[logsAndroid_9.0_SM-T295 INFO ] 2020-08-10 11:52:54.634 BaseTest:373 - Press btn Pending:
[logsAndroid_9.0_SM-T295 INFO ] 2020-08-10 11:52:56.941 BaseTest:393 - Enter customer's name : bagas:
[logsAndroid_9.0_SM-T295 INFO ] 2020-08-10 11:52:58.781 BaseTest:393 - Enter customer's name : 1234567891011:
[logsAndroid_9.0_SM-T295 INFO ] 2020-08-10 11:53:00.625 BaseTest:393 - Enter customer's email : test@gmail.com:
[logsAndroid_9.0_SM-T295 INFO ] 2020-08-10 11:53:01.819 BaseTest:373 - Press button OK:
[logsAndroid_9.0_SM-T295 ERROR] 2020-08-10 11:53:03.065 TestListener:39 - org.openqa.selenium.StaleElementReferenceException: The element 'By.id: id.dretail.mpos:id/lblTitle' does not exist in DOM anymore
For documentation on this error, please visit: https://www.seleniumhq.org/exceptions/stale_element_reference.html
Build info: version: '3.141.59', revision: 'e82be7d358', time: '2018-11-14T08:17:03'
System info: host: 'DESKTOP-UH2AGQ7', ip: '172.20.30.207', os.name: 'Windows 10', os.arch: 'amd64', os.version: '10.0', java.version: '1.8.0_221'
Driver info: io.appium.java_client.android.AndroidDriver
Capabilities {appActivity: id.dretail.mpos.activity.Sp..., appPackage: id.dretail.mpos, appWaitActivity: id.dretail.mpos.activity.Lo..., autoGrantPermissions: true, automationName: UiAutomator2, chromeDriverPort: 11004, databaseEnabled: false, desired: {appActivity: id.dretail.mpos.activity.Sp..., appPackage: id.dretail.mpos, appWaitActivity: id.dretail.mpos.activity.Lo..., autoGrantPermissions: true, automationName: UiAutomator2, chromeDriverPort: 11004, deviceName: SM-T295, fullReset: false, mjpegServerPort: 12004, noReset: true, platformName: android, platformVersion: 9.0, systemPort: 10004, udid: R9CMC06C14J}, deviceApiLevel: 28, deviceManufacturer: samsung, deviceModel: SM-T295, deviceName: R9CMC06C14J, deviceScreenDensity: 213, deviceScreenSize: 1280x800, deviceUDID: R9CMC06C14J, fullReset: false, javascriptEnabled: true, locationContextEnabled: false, mjpegServerPort: 12004, networkConnectionEnabled: true, noReset: true, pixelRatio: 1.3312501, platform: LINUX, platformName: Android, platformVersion: 9, statBarHeight: 32, systemPort: 10004, takesScreenshot: true, udid: R9CMC06C14J, viewportRect: {height: 704, left: 0, top: 32, width: 1280}, warnings: {}, webStorageEnabled: false}
Session ID: 5ba48631-ad8b-4db8-a22a-a92f4a08f8c4
	at sun.reflect.NativeConstructorAccessorImpl.newInstance0(Native Method)
	at sun.reflect.NativeConstructorAccessorImpl.newInstance(Unknown Source)
	at sun.reflect.DelegatingConstructorAccessorImpl.newInstance(Unknown Source)
	at java.lang.reflect.Constructor.newInstance(Unknown Source)
	at org.openqa.selenium.remote.http.W3CHttpResponseCodec.createException(W3CHttpResponseCodec.java:187)
	at org.openqa.selenium.remote.http.W3CHttpResponseCodec.decode(W3CHttpResponseCodec.java:122)
	at org.openqa.selenium.remote.http.W3CHttpResponseCodec.decode(W3CHttpResponseCodec.java:49)
	at org.openqa.selenium.remote.HttpCommandExecutor.execute(HttpCommandExecutor.java:158)
	at io.appium.java_client.remote.AppiumCommandExecutor.execute(AppiumCommandExecutor.java:239)
	at org.openqa.selenium.remote.RemoteWebDriver.execute(RemoteWebDriver.java:552)
	at io.appium.java_client.DefaultGenericMobileDriver.execute(DefaultGenericMobileDriver.java:41)
	at io.appium.java_client.AppiumDriver.execute(AppiumDriver.java:1)
	at io.appium.java_client.android.AndroidDriver.execute(AndroidDriver.java:1)
	at org.openqa.selenium.remote.RemoteWebElement.execute(RemoteWebElement.java:285)
	at io.appium.java_client.DefaultGenericMobileElement.execute(DefaultGenericMobileElement.java:45)
	at io.appium.java_client.MobileElement.execute(MobileElement.java:1)
	at io.appium.java_client.android.AndroidElement.execute(AndroidElement.java:1)
	at org.openqa.selenium.remote.RemoteWebElement.isDisplayed(RemoteWebElement.java:326)
	at sun.reflect.GeneratedMethodAccessor7.invoke(Unknown Source)
	at sun.reflect.DelegatingMethodAccessorImpl.invoke(Unknown Source)
	at java.lang.reflect.Method.invoke(Unknown Source)
	at io.appium.java_client.pagefactory.ElementInterceptor.getObject(ElementInterceptor.java:40)
	at io.appium.java_client.pagefactory.interceptors.InterceptorOfASingleElement.intercept(InterceptorOfASingleElement.java:60)
	at io.appium.java_client.android.AndroidElement$$EnhancerByCGLIB$$b598166c.isDisplayed(<generated>)
	at org.openqa.selenium.support.ui.ExpectedConditions.elementIfVisible(ExpectedConditions.java:314)
	at org.openqa.selenium.support.ui.ExpectedConditions.access$000(ExpectedConditions.java:43)
	at org.openqa.selenium.support.ui.ExpectedConditions$10.apply(ExpectedConditions.java:300)
	at org.openqa.selenium.support.ui.ExpectedConditions$10.apply(ExpectedConditions.java:297)
	at org.openqa.selenium.support.ui.FluentWait.until(FluentWait.java:249)
	at com.qa.base.BaseTest.waitForVisibility(BaseTest.java:348)
	at com.qa.base.BaseTest.getText(BaseTest.java:418)
	at com.qa.pages.popup.PopupNotifikasiPembayaran.getStatusPembayaran(PopupNotifikasiPembayaran.java:22)
	at com.qa.tests.PembayaranPendingTest.menambahDelivery(PembayaranPendingTest.java:110)
	at sun.reflect.NativeMethodAccessorImpl.invoke0(Native Method)
	at sun.reflect.NativeMethodAccessorImpl.invoke(Unknown Source)
	at sun.reflect.DelegatingMethodAccessorImpl.invoke(Unknown Source)
	at java.lang.reflect.Method.invoke(Unknown Source)
	at org.testng.internal.MethodInvocationHelper.invokeMethod(MethodInvocationHelper.java:134)
	at org.testng.internal.TestInvoker.invokeMethod(TestInvoker.java:597)
	at org.testng.internal.TestInvoker.invokeTestMethod(TestInvoker.java:173)
	at org.testng.internal.MethodRunner.runInSequence(MethodRunner.java:46)
	at org.testng.internal.TestInvoker$MethodInvocationAgent.invoke(TestInvoker.java:816)
	at org.testng.internal.TestInvoker.invokeTestMethods(TestInvoker.java:146)
	at org.testng.internal.TestMethodWorker.invokeTestMethods(TestMethodWorker.java:146)
	at org.testng.internal.TestMethodWorker.run(TestMethodWorker.java:128)
	at java.util.ArrayList.forEach(Unknown Source)
	at org.testng.TestRunner.privateRun(TestRunner.java:766)
	at org.testng.TestRunner.run(TestRunner.java:587)
	at org.testng.SuiteRunner.runTest(SuiteRunner.java:384)
	at org.testng.SuiteRunner.access$000(SuiteRunner.java:28)
	at org.testng.SuiteRunner$SuiteWorker.run(SuiteRunner.java:425)
	at org.testng.internal.thread.ThreadUtil.lambda$execute$0(ThreadUtil.java:68)
	at java.util.concurrent.FutureTask.run(Unknown Source)
	at java.util.concurrent.ThreadPoolExecutor.runWorker(Unknown Source)
	at java.util.concurrent.ThreadPoolExecutor$Worker.run(Unknown Source)
	at java.lang.Thread.run(Unknown Source)
:
[logsAndroid_9.0_SM-T295 INFO ] 2020-08-10 11:53:03.636 PembayaranPendingTest:80 - Login test after method:
[logsAndroid_9.0_SM-T295 INFO ] 2020-08-10 11:53:03.638 PembayaranPendingTest:71 - 

 *******Starting test: logout *******
:
[logsAndroid_9.0_SM-T295 INFO ] 2020-08-10 11:53:36.885 BaseTest:259 - log path: logs\Android_9.0_SM-T295:
[logsAndroid_9.0_SM-T295 INFO ] 2020-08-10 11:53:58.845 PembayaranPendingTest:71 - 

 *******Starting test: loginValidUser *******
:
[logsAndroid_9.0_SM-T295 INFO ] 2020-08-10 11:54:00.680 BaseTest:393 - Enter username : demopac:
[logsAndroid_9.0_SM-T295 INFO ] 2020-08-10 11:54:02.721 BaseTest:393 - Enter password : qwerty:
[logsAndroid_9.0_SM-T295 INFO ] 2020-08-10 11:54:03.976 BaseTest:373 - Press Login Button:
[logsAndroid_9.0_SM-T295 INFO ] 2020-08-10 11:54:04.144 PembayaranPendingTest:80 - Login test after method:
[logsAndroid_9.0_SM-T295 INFO ] 2020-08-10 11:54:04.149 PembayaranPendingTest:71 - 

 *******Starting test: menambahDelivery *******
:
[logsAndroid_9.0_SM-T295 INFO ] 2020-08-10 11:54:13.559 BaseTest:373 - Pilih kategori Beverage:
[logsAndroid_9.0_SM-T295 INFO ] 2020-08-10 11:54:15.976 BaseTest:373 - Tambah Keranjang JUS MANGGA:
[logsAndroid_9.0_SM-T295 INFO ] 2020-08-10 11:54:16.973 BaseTest:373 - Press button order:
[logsAndroid_9.0_SM-T295 INFO ] 2020-08-10 11:54:18.939 BaseTest:373 - Press btn Pembayaran Lainnya:
[logsAndroid_9.0_SM-T295 INFO ] 2020-08-10 11:54:20.242 BaseTest:373 - Press btn Pending:
[logsAndroid_9.0_SM-T295 INFO ] 2020-08-10 11:54:22.581 BaseTest:393 - Enter customer's name : bagas:
[logsAndroid_9.0_SM-T295 INFO ] 2020-08-10 11:54:24.029 BaseTest:393 - Enter customer's name : 1234567891011:
[logsAndroid_9.0_SM-T295 INFO ] 2020-08-10 11:54:25.837 BaseTest:393 - Enter customer's email : test@gmail.com:
[logsAndroid_9.0_SM-T295 INFO ] 2020-08-10 11:54:27.023 BaseTest:373 - Press button OK:
[logsAndroid_9.0_SM-T295 INFO ] 2020-08-10 11:54:28.914 BaseTest:431 - Status Pembayaran : Pembayaran Berhasil:
[logsAndroid_9.0_SM-T295 INFO ] 2020-08-10 11:54:28.986 BaseTest:373 - Press button ok:
[logsAndroid_9.0_SM-T295 INFO ] 2020-08-10 11:54:29.088 PembayaranPendingTest:80 - Login test after method:
[logsAndroid_9.0_SM-T295 INFO ] 2020-08-10 11:54:29.091 PembayaranPendingTest:71 - 

 *******Starting test: logout *******
:
[logsAndroid_9.0_SM-T295 INFO ] 2020-08-10 11:54:29.857 BaseTest:460 - swiping -right on on dashboard page:
[logsAndroid_9.0_SM-T295 INFO ] 2020-08-10 11:54:32.064 BaseTest:373 - Press logout button:
[logsAndroid_9.0_SM-T295 INFO ] 2020-08-10 11:54:33.412 BaseTest:373 - Press confirm logout button:
[logsAndroid_9.0_SM-T295 INFO ] 2020-08-10 11:54:33.525 PembayaranPendingTest:80 - Login test after method:
[logsAndroid_9.0_SM-T295 INFO ] 2020-08-10 11:54:46.641 BaseTest:259 - log path: logs\Android_9.0_SM-T295:
[logsAndroid_9.0_SM-T295 INFO ] 2020-08-10 11:55:07.513 PembayaranPendingTest:71 - 

 *******Starting test: loginValidUser *******
:
[logsAndroid_9.0_SM-T295 INFO ] 2020-08-10 11:55:09.257 BaseTest:393 - Enter username : demopac:
[logsAndroid_9.0_SM-T295 INFO ] 2020-08-10 11:55:11.305 BaseTest:393 - Enter password : qwerty:
[logsAndroid_9.0_SM-T295 INFO ] 2020-08-10 11:55:12.589 BaseTest:373 - Press Login Button:
[logsAndroid_9.0_SM-T295 INFO ] 2020-08-10 11:55:12.785 PembayaranPendingTest:80 - Login test after method:
[logsAndroid_9.0_SM-T295 INFO ] 2020-08-10 11:55:12.789 PembayaranPendingTest:71 - 

 *******Starting test: menambahDelivery *******
:
[logsAndroid_9.0_SM-T295 INFO ] 2020-08-10 11:55:21.431 BaseTest:373 - Pilih kategori Beverage:
[logsAndroid_9.0_SM-T295 INFO ] 2020-08-10 11:55:23.768 BaseTest:373 - Tambah Keranjang JUS MANGGA:
[logsAndroid_9.0_SM-T295 INFO ] 2020-08-10 11:55:24.699 BaseTest:373 - Press button order:
[logsAndroid_9.0_SM-T295 INFO ] 2020-08-10 11:55:26.685 BaseTest:373 - Press btn Pembayaran Lainnya:
[logsAndroid_9.0_SM-T295 INFO ] 2020-08-10 11:55:27.993 BaseTest:373 - Press btn Pending:
[logsAndroid_9.0_SM-T295 INFO ] 2020-08-10 11:55:30.278 BaseTest:393 - Enter customer's name : bagas:
[logsAndroid_9.0_SM-T295 INFO ] 2020-08-10 11:55:32.102 BaseTest:393 - Enter customer's name : 1234567891011:
[logsAndroid_9.0_SM-T295 INFO ] 2020-08-10 11:55:33.959 BaseTest:393 - Enter customer's email : test@gmail.com:
[logsAndroid_9.0_SM-T295 INFO ] 2020-08-10 11:55:34.709 BaseTest:373 - Press button OK:
[logsAndroid_9.0_SM-T295 INFO ] 2020-08-10 11:55:36.628 BaseTest:431 - Status Pembayaran : Pembayaran Berhasil:
[logsAndroid_9.0_SM-T295 INFO ] 2020-08-10 11:55:36.860 BaseTest:431 - Metode Pembayaran : Pending:
[logsAndroid_9.0_SM-T295 INFO ] 2020-08-10 11:55:36.939 BaseTest:373 - Press button ok:
[logsAndroid_9.0_SM-T295 INFO ] 2020-08-10 11:55:37.053 PembayaranPendingTest:80 - Login test after method:
[logsAndroid_9.0_SM-T295 INFO ] 2020-08-10 11:55:37.055 PembayaranPendingTest:71 - 

 *******Starting test: logout *******
:
[logsAndroid_9.0_SM-T295 INFO ] 2020-08-10 11:55:37.834 BaseTest:460 - swiping -right on on dashboard page:
[logsAndroid_9.0_SM-T295 INFO ] 2020-08-10 11:55:39.987 BaseTest:373 - Press logout button:
[logsAndroid_9.0_SM-T295 INFO ] 2020-08-10 11:55:41.336 BaseTest:373 - Press confirm logout button:
[logsAndroid_9.0_SM-T295 INFO ] 2020-08-10 11:55:41.446 PembayaranPendingTest:80 - Login test after method:
[logsAndroid_9.0_SM-T295 INFO ] 2020-08-10 14:23:10.821 BaseTest:259 - log path: logs\Android_9.0_SM-T295:
[logsAndroid_9.0_SM-T295 INFO ] 2020-08-10 14:23:36.867 PembayaranTransferTest:71 - 

 *******Starting test: loginValidUser *******
:
[logsAndroid_9.0_SM-T295 INFO ] 2020-08-10 14:23:38.734 BaseTest:393 - Enter username : demopac:
[logsAndroid_9.0_SM-T295 INFO ] 2020-08-10 14:23:40.780 BaseTest:393 - Enter password : qwerty:
[logsAndroid_9.0_SM-T295 INFO ] 2020-08-10 14:23:42.047 BaseTest:373 - Press Login Button:
[logsAndroid_9.0_SM-T295 INFO ] 2020-08-10 14:23:42.229 PembayaranTransferTest:80 - Login test after method:
[logsAndroid_9.0_SM-T295 INFO ] 2020-08-10 14:23:42.235 PembayaranTransferTest:71 - 

 *******Starting test: menambahDelivery *******
:
[logsAndroid_9.0_SM-T295 INFO ] 2020-08-10 14:23:51.537 BaseTest:373 - Pilih kategori Beverage:
[logsAndroid_9.0_SM-T295 INFO ] 2020-08-10 14:23:53.845 BaseTest:373 - Tambah Keranjang JUS MANGGA:
[logsAndroid_9.0_SM-T295 INFO ] 2020-08-10 14:23:54.804 BaseTest:373 - Press button order:
[logsAndroid_9.0_SM-T295 INFO ] 2020-08-10 14:23:56.766 BaseTest:373 - Press btn Pembayaran Lainnya:
[logsAndroid_9.0_SM-T295 INFO ] 2020-08-10 14:23:58.034 BaseTest:373 - Press button Transfer:
[logsAndroid_9.0_SM-T295 ERROR] 2020-08-10 14:24:08.520 TestListener:39 - org.openqa.selenium.TimeoutException: Expected condition failed: waiting for visibility of Located by By.chained({By.id: id.dretail.mpos:id/txtCustomerName}) (tried for 10 second(s) with 500 milliseconds interval)
	at org.openqa.selenium.support.ui.WebDriverWait.timeoutException(WebDriverWait.java:95)
	at org.openqa.selenium.support.ui.FluentWait.until(FluentWait.java:272)
	at com.qa.base.BaseTest.waitForVisibility(BaseTest.java:348)
	at com.qa.base.BaseTest.clear(BaseTest.java:361)
	at com.qa.pages.PembayaranPage.enterNameCustomer(PembayaranPage.java:69)
	at com.qa.tests.PembayaranTransferTest.menambahDelivery(PembayaranTransferTest.java:104)
	at sun.reflect.NativeMethodAccessorImpl.invoke0(Native Method)
	at sun.reflect.NativeMethodAccessorImpl.invoke(Unknown Source)
	at sun.reflect.DelegatingMethodAccessorImpl.invoke(Unknown Source)
	at java.lang.reflect.Method.invoke(Unknown Source)
	at org.testng.internal.MethodInvocationHelper.invokeMethod(MethodInvocationHelper.java:134)
	at org.testng.internal.TestInvoker.invokeMethod(TestInvoker.java:597)
	at org.testng.internal.TestInvoker.invokeTestMethod(TestInvoker.java:173)
	at org.testng.internal.MethodRunner.runInSequence(MethodRunner.java:46)
	at org.testng.internal.TestInvoker$MethodInvocationAgent.invoke(TestInvoker.java:816)
	at org.testng.internal.TestInvoker.invokeTestMethods(TestInvoker.java:146)
	at org.testng.internal.TestMethodWorker.invokeTestMethods(TestMethodWorker.java:146)
	at org.testng.internal.TestMethodWorker.run(TestMethodWorker.java:128)
	at java.util.ArrayList.forEach(Unknown Source)
	at org.testng.TestRunner.privateRun(TestRunner.java:766)
	at org.testng.TestRunner.run(TestRunner.java:587)
	at org.testng.SuiteRunner.runTest(SuiteRunner.java:384)
	at org.testng.SuiteRunner.access$000(SuiteRunner.java:28)
	at org.testng.SuiteRunner$SuiteWorker.run(SuiteRunner.java:425)
	at org.testng.internal.thread.ThreadUtil.lambda$execute$0(ThreadUtil.java:68)
	at java.util.concurrent.FutureTask.run(Unknown Source)
	at java.util.concurrent.ThreadPoolExecutor.runWorker(Unknown Source)
	at java.util.concurrent.ThreadPoolExecutor$Worker.run(Unknown Source)
	at java.lang.Thread.run(Unknown Source)
Caused by: org.openqa.selenium.NoSuchElementException: Can't locate an element by this strategy: By.chained({By.id: id.dretail.mpos:id/txtCustomerName})
	at io.appium.java_client.pagefactory.AppiumElementLocator.findElement(AppiumElementLocator.java:126)
	at io.appium.java_client.pagefactory.interceptors.InterceptorOfASingleElement.intercept(InterceptorOfASingleElement.java:59)
	at io.appium.java_client.android.AndroidElement$$EnhancerByCGLIB$$b598166c.isDisplayed(<generated>)
	at org.openqa.selenium.support.ui.ExpectedConditions.elementIfVisible(ExpectedConditions.java:314)
	at org.openqa.selenium.support.ui.ExpectedConditions.access$000(ExpectedConditions.java:43)
	at org.openqa.selenium.support.ui.ExpectedConditions$10.apply(ExpectedConditions.java:300)
	at org.openqa.selenium.support.ui.ExpectedConditions$10.apply(ExpectedConditions.java:297)
	at org.openqa.selenium.support.ui.FluentWait.until(FluentWait.java:249)
	... 27 more
Caused by: org.openqa.selenium.TimeoutException: Expected condition failed: waiting for io.appium.java_client.pagefactory.AppiumElementLocator$WaitingFunction@40ab2917 (tried for 10 second(s) with 500 milliseconds interval)
	at org.openqa.selenium.support.ui.FluentWait.timeoutException(FluentWait.java:304)
	at org.openqa.selenium.support.ui.FluentWait.until(FluentWait.java:272)
	at io.appium.java_client.pagefactory.AppiumElementLocator.waitFor(AppiumElementLocator.java:99)
	at io.appium.java_client.pagefactory.AppiumElementLocator.findElement(AppiumElementLocator.java:119)
	... 34 more
Caused by: org.openqa.selenium.NoSuchElementException: Cannot locate an element using By.chained({By.id: id.dretail.mpos:id/txtCustomerName})
For documentation on this error, please visit: https://www.seleniumhq.org/exceptions/no_such_element.html
Build info: version: '3.141.59', revision: 'e82be7d358', time: '2018-11-14T08:17:03'
System info: host: 'DESKTOP-UH2AGQ7', ip: '172.20.30.207', os.name: 'Windows 10', os.arch: 'amd64', os.version: '10.0', java.version: '1.8.0_221'
Driver info: driver.version: AndroidDriver
	at io.appium.java_client.pagefactory.bys.builder.ByChained.findElement(ByChained.java:74)
	at org.openqa.selenium.remote.RemoteWebDriver.findElement(RemoteWebDriver.java:315)
	at io.appium.java_client.DefaultGenericMobileDriver.findElement(DefaultGenericMobileDriver.java:57)
	at io.appium.java_client.AppiumDriver.findElement(AppiumDriver.java:1)
	at io.appium.java_client.android.AndroidDriver.findElement(AndroidDriver.java:1)
	at io.appium.java_client.pagefactory.bys.ContentMappedBy.findElement(ContentMappedBy.java:50)
	at org.openqa.selenium.remote.RemoteWebDriver.findElement(RemoteWebDriver.java:315)
	at io.appium.java_client.DefaultGenericMobileDriver.findElement(DefaultGenericMobileDriver.java:57)
	at io.appium.java_client.AppiumDriver.findElement(AppiumDriver.java:1)
	at io.appium.java_client.android.AndroidDriver.findElement(AndroidDriver.java:1)
	at io.appium.java_client.pagefactory.AppiumElementLocator.lambda$0(AppiumElementLocator.java:120)
	at io.appium.java_client.pagefactory.AppiumElementLocator$WaitingFunction.apply(AppiumElementLocator.java:172)
	at io.appium.java_client.pagefactory.AppiumElementLocator$WaitingFunction.apply(AppiumElementLocator.java:1)
	at org.openqa.selenium.support.ui.FluentWait.until(FluentWait.java:249)
	... 36 more
:
[logsAndroid_9.0_SM-T295 INFO ] 2020-08-10 14:24:09.366 PembayaranTransferTest:80 - Login test after method:
[logsAndroid_9.0_SM-T295 INFO ] 2020-08-10 14:24:09.369 PembayaranTransferTest:71 - 

 *******Starting test: logout *******
:
[logsAndroid_9.0_SM-T295 INFO ] 2020-08-10 14:27:42.733 BaseTest:259 - log path: logs\Android_9.0_SM-T295:
[logsAndroid_9.0_SM-T295 INFO ] 2020-08-10 14:28:08.375 PembayaranTransferTest:71 - 

 *******Starting test: loginValidUser *******
:
[logsAndroid_9.0_SM-T295 INFO ] 2020-08-10 14:28:10.066 BaseTest:393 - Enter username : demopac:
[logsAndroid_9.0_SM-T295 INFO ] 2020-08-10 14:28:12.076 BaseTest:393 - Enter password : qwerty:
[logsAndroid_9.0_SM-T295 INFO ] 2020-08-10 14:28:13.269 BaseTest:373 - Press Login Button:
[logsAndroid_9.0_SM-T295 INFO ] 2020-08-10 14:28:13.444 PembayaranTransferTest:80 - Login test after method:
[logsAndroid_9.0_SM-T295 INFO ] 2020-08-10 14:28:13.451 PembayaranTransferTest:71 - 

 *******Starting test: menambahDelivery *******
:
[logsAndroid_9.0_SM-T295 INFO ] 2020-08-10 14:28:34.021 BaseTest:373 - Press button order:
[logsAndroid_9.0_SM-T295 INFO ] 2020-08-10 14:28:45.641 BaseTest:373 - Press button Transfer:
[logsAndroid_9.0_SM-T295 INFO ] 2020-08-10 14:29:00.732 BaseTest:259 - log path: logs\Android_9.0_SM-T295:
[logsAndroid_9.0_SM-T295 INFO ] 2020-08-10 14:29:27.900 PembayaranTransferTest:71 - 

 *******Starting test: loginValidUser *******
:
[logsAndroid_9.0_SM-T295 INFO ] 2020-08-10 14:29:29.570 BaseTest:393 - Enter username : demopac:
[logsAndroid_9.0_SM-T295 INFO ] 2020-08-10 14:29:31.516 BaseTest:393 - Enter password : qwerty:
[logsAndroid_9.0_SM-T295 INFO ] 2020-08-10 14:29:32.760 BaseTest:373 - Press Login Button:
[logsAndroid_9.0_SM-T295 INFO ] 2020-08-10 14:29:32.947 PembayaranTransferTest:80 - Login test after method:
[logsAndroid_9.0_SM-T295 INFO ] 2020-08-10 14:29:32.955 PembayaranTransferTest:71 - 

 *******Starting test: menambahDelivery *******
:
[logsAndroid_9.0_SM-T295 INFO ] 2020-08-10 14:29:43.798 BaseTest:373 - Pilih kategori Beverage:
[logsAndroid_9.0_SM-T295 INFO ] 2020-08-10 14:29:46.339 BaseTest:373 - Tambah Keranjang JUS MANGGA:
[logsAndroid_9.0_SM-T295 INFO ] 2020-08-10 14:29:47.331 BaseTest:373 - Press button order:
[logsAndroid_9.0_SM-T295 INFO ] 2020-08-10 14:29:49.227 BaseTest:373 - Press btn Pembayaran Lainnya:
[logsAndroid_9.0_SM-T295 INFO ] 2020-08-10 14:29:50.596 BaseTest:373 - Press button Transfer:
[logsAndroid_9.0_SM-T295 INFO ] 2020-08-10 14:29:53.196 BaseTest:393 - Enter customer's name : bagas:
[logsAndroid_9.0_SM-T295 INFO ] 2020-08-10 14:29:55.036 BaseTest:393 - Enter customer's phone	 : 1234567891011:
[logsAndroid_9.0_SM-T295 INFO ] 2020-08-10 14:29:56.771 BaseTest:393 - Enter customer's email : test@gmail.com:
[logsAndroid_9.0_SM-T295 INFO ] 2020-08-10 14:29:57.389 BaseTest:443 - Scroll down:
[logsAndroid_9.0_SM-T295 INFO ] 2020-08-10 14:29:58.624 BaseTest:393 - Enter customer's name account	 : bagas:
[logsAndroid_9.0_SM-T295 INFO ] 2020-08-10 14:29:58.730 PembayaranTransferTest:80 - Login test after method:
[logsAndroid_9.0_SM-T295 INFO ] 2020-08-10 14:29:58.734 PembayaranTransferTest:71 - 

 *******Starting test: logout *******
:
[logsAndroid_9.0_SM-T295 INFO ] 2020-08-10 14:35:38.890 BaseTest:259 - log path: logs\Android_9.0_SM-T295:
[logsAndroid_9.0_SM-T295 INFO ] 2020-08-10 14:36:05.006 PembayaranTransferTest:71 - 

 *******Starting test: loginValidUser *******
:
[logsAndroid_9.0_SM-T295 INFO ] 2020-08-10 14:36:06.722 BaseTest:393 - Enter username : demopac:
[logsAndroid_9.0_SM-T295 INFO ] 2020-08-10 14:36:08.780 BaseTest:393 - Enter password : qwerty:
[logsAndroid_9.0_SM-T295 INFO ] 2020-08-10 14:36:09.557 BaseTest:373 - Press Login Button:
[logsAndroid_9.0_SM-T295 INFO ] 2020-08-10 14:36:09.779 PembayaranTransferTest:80 - Login test after method:
[logsAndroid_9.0_SM-T295 INFO ] 2020-08-10 14:36:09.785 PembayaranTransferTest:71 - 

 *******Starting test: menambahDelivery *******
:
[logsAndroid_9.0_SM-T295 INFO ] 2020-08-10 14:36:18.432 BaseTest:373 - Pilih kategori Beverage:
[logsAndroid_9.0_SM-T295 INFO ] 2020-08-10 14:36:20.792 BaseTest:373 - Tambah Keranjang JUS MANGGA:
[logsAndroid_9.0_SM-T295 INFO ] 2020-08-10 14:36:21.736 BaseTest:373 - Press button order:
[logsAndroid_9.0_SM-T295 INFO ] 2020-08-10 14:36:23.649 BaseTest:373 - Press btn Pembayaran Lainnya:
[logsAndroid_9.0_SM-T295 INFO ] 2020-08-10 14:36:24.950 BaseTest:373 - Press button Transfer:
[logsAndroid_9.0_SM-T295 INFO ] 2020-08-10 14:36:27.501 BaseTest:393 - Enter customer's name : bagas:
[logsAndroid_9.0_SM-T295 INFO ] 2020-08-10 14:36:29.337 BaseTest:393 - Enter customer's phone	 : 1234567891011:
[logsAndroid_9.0_SM-T295 INFO ] 2020-08-10 14:36:30.695 BaseTest:393 - Enter customer's email : test@gmail.com:
[logsAndroid_9.0_SM-T295 INFO ] 2020-08-10 14:36:30.859 BaseTest:443 - Scroll down:
[logsAndroid_9.0_SM-T295 INFO ] 2020-08-10 14:36:32.180 BaseTest:393 - Enter customer's name account	 : bagas:
[logsAndroid_9.0_SM-T295 INFO ] 2020-08-10 14:36:32.814 PembayaranTransferTest:80 - Login test after method:
[logsAndroid_9.0_SM-T295 INFO ] 2020-08-10 14:36:32.817 PembayaranTransferTest:71 - 

 *******Starting test: logout *******
:
[logsAndroid_9.0_SM-T295 INFO ] 2020-08-10 14:39:57.203 BaseTest:259 - log path: logs\Android_9.0_SM-T295:
[logsAndroid_9.0_SM-T295 INFO ] 2020-08-10 14:40:22.907 PembayaranTransferTest:71 - 

 *******Starting test: loginValidUser *******
:
[logsAndroid_9.0_SM-T295 INFO ] 2020-08-10 14:40:24.812 BaseTest:393 - Enter username : demopac:
[logsAndroid_9.0_SM-T295 INFO ] 2020-08-10 14:40:26.911 BaseTest:393 - Enter password : qwerty:
[logsAndroid_9.0_SM-T295 INFO ] 2020-08-10 14:40:28.179 BaseTest:373 - Press Login Button:
[logsAndroid_9.0_SM-T295 INFO ] 2020-08-10 14:40:28.370 PembayaranTransferTest:80 - Login test after method:
[logsAndroid_9.0_SM-T295 INFO ] 2020-08-10 14:40:28.376 PembayaranTransferTest:71 - 

 *******Starting test: menambahDelivery *******
:
[logsAndroid_9.0_SM-T295 INFO ] 2020-08-10 14:40:36.992 BaseTest:373 - Pilih kategori Beverage:
[logsAndroid_9.0_SM-T295 INFO ] 2020-08-10 14:40:39.411 BaseTest:373 - Tambah Keranjang JUS MANGGA:
[logsAndroid_9.0_SM-T295 INFO ] 2020-08-10 14:40:40.381 BaseTest:373 - Press button order:
[logsAndroid_9.0_SM-T295 INFO ] 2020-08-10 14:40:42.271 BaseTest:373 - Press btn Pembayaran Lainnya:
[logsAndroid_9.0_SM-T295 INFO ] 2020-08-10 14:40:43.559 BaseTest:373 - Press button Transfer:
[logsAndroid_9.0_SM-T295 INFO ] 2020-08-10 14:40:46.061 BaseTest:393 - Enter customer's name : bagas:
[logsAndroid_9.0_SM-T295 INFO ] 2020-08-10 14:40:47.920 BaseTest:393 - Enter customer's phone	 : 1234567891011:
[logsAndroid_9.0_SM-T295 INFO ] 2020-08-10 14:40:49.299 BaseTest:393 - Enter customer's email : test@gmail.com:
[logsAndroid_9.0_SM-T295 INFO ] 2020-08-10 14:40:49.954 BaseTest:443 - Scroll down:
[logsAndroid_9.0_SM-T295 INFO ] 2020-08-10 14:40:51.240 BaseTest:393 - Enter customer's name account	 : bagas:
[logsAndroid_9.0_SM-T295 INFO ] 2020-08-10 14:40:51.891 BaseTest:443 - Scroll down:
[logsAndroid_9.0_SM-T295 INFO ] 2020-08-10 14:40:55.826 BaseTest:393 - Enter customer's name account	 : 123456789:
[logsAndroid_9.0_SM-T295 INFO ] 2020-08-10 14:40:56.453 PembayaranTransferTest:80 - Login test after method:
[logsAndroid_9.0_SM-T295 INFO ] 2020-08-10 14:40:56.456 PembayaranTransferTest:71 - 

 *******Starting test: logout *******
:
[logsAndroid_9.0_SM-T295 ERROR] 2020-08-10 14:41:11.763 TestListener:39 - org.openqa.selenium.TimeoutException: Expected condition failed: waiting for visibility of Located by By.chained({By.id: id.dretail.mpos:id/customerName}) (tried for 10 second(s) with 500 milliseconds interval)
	at org.openqa.selenium.support.ui.WebDriverWait.timeoutException(WebDriverWait.java:95)
	at org.openqa.selenium.support.ui.FluentWait.until(FluentWait.java:272)
	at com.qa.base.BaseTest.waitForVisibility(BaseTest.java:348)
	at com.qa.base.BaseTest.swipingElement(BaseTest.java:455)
	at com.qa.pages.PenjualanPage.showSidebar(PenjualanPage.java:101)
	at com.qa.tests.PembayaranTransferTest.logout(PembayaranTransferTest.java:126)
	at sun.reflect.NativeMethodAccessorImpl.invoke0(Native Method)
	at sun.reflect.NativeMethodAccessorImpl.invoke(Unknown Source)
	at sun.reflect.DelegatingMethodAccessorImpl.invoke(Unknown Source)
	at java.lang.reflect.Method.invoke(Unknown Source)
	at org.testng.internal.MethodInvocationHelper.invokeMethod(MethodInvocationHelper.java:134)
	at org.testng.internal.TestInvoker.invokeMethod(TestInvoker.java:597)
	at org.testng.internal.TestInvoker.invokeTestMethod(TestInvoker.java:173)
	at org.testng.internal.MethodRunner.runInSequence(MethodRunner.java:46)
	at org.testng.internal.TestInvoker$MethodInvocationAgent.invoke(TestInvoker.java:816)
	at org.testng.internal.TestInvoker.invokeTestMethods(TestInvoker.java:146)
	at org.testng.internal.TestMethodWorker.invokeTestMethods(TestMethodWorker.java:146)
	at org.testng.internal.TestMethodWorker.run(TestMethodWorker.java:128)
	at java.util.ArrayList.forEach(Unknown Source)
	at org.testng.TestRunner.privateRun(TestRunner.java:766)
	at org.testng.TestRunner.run(TestRunner.java:587)
	at org.testng.SuiteRunner.runTest(SuiteRunner.java:384)
	at org.testng.SuiteRunner.access$000(SuiteRunner.java:28)
	at org.testng.SuiteRunner$SuiteWorker.run(SuiteRunner.java:425)
	at org.testng.internal.thread.ThreadUtil.lambda$execute$0(ThreadUtil.java:68)
	at java.util.concurrent.FutureTask.run(Unknown Source)
	at java.util.concurrent.ThreadPoolExecutor.runWorker(Unknown Source)
	at java.util.concurrent.ThreadPoolExecutor$Worker.run(Unknown Source)
	at java.lang.Thread.run(Unknown Source)
Caused by: org.openqa.selenium.NoSuchElementException: Can't locate an element by this strategy: By.chained({By.id: id.dretail.mpos:id/customerName})
	at io.appium.java_client.pagefactory.AppiumElementLocator.findElement(AppiumElementLocator.java:126)
	at io.appium.java_client.pagefactory.interceptors.InterceptorOfASingleElement.intercept(InterceptorOfASingleElement.java:59)
	at io.appium.java_client.android.AndroidElement$$EnhancerByCGLIB$$b598166c.isDisplayed(<generated>)
	at org.openqa.selenium.support.ui.ExpectedConditions.elementIfVisible(ExpectedConditions.java:314)
	at org.openqa.selenium.support.ui.ExpectedConditions.access$000(ExpectedConditions.java:43)
	at org.openqa.selenium.support.ui.ExpectedConditions$10.apply(ExpectedConditions.java:300)
	at org.openqa.selenium.support.ui.ExpectedConditions$10.apply(ExpectedConditions.java:297)
	at org.openqa.selenium.support.ui.FluentWait.until(FluentWait.java:249)
	... 27 more
Caused by: org.openqa.selenium.TimeoutException: Expected condition failed: waiting for io.appium.java_client.pagefactory.AppiumElementLocator$WaitingFunction@2a403ee1 (tried for 10 second(s) with 500 milliseconds interval)
	at org.openqa.selenium.support.ui.FluentWait.timeoutException(FluentWait.java:304)
	at org.openqa.selenium.support.ui.FluentWait.until(FluentWait.java:272)
	at io.appium.java_client.pagefactory.AppiumElementLocator.waitFor(AppiumElementLocator.java:99)
	at io.appium.java_client.pagefactory.AppiumElementLocator.findElement(AppiumElementLocator.java:119)
	... 34 more
Caused by: org.openqa.selenium.NoSuchElementException: Cannot locate an element using By.chained({By.id: id.dretail.mpos:id/customerName})
For documentation on this error, please visit: https://www.seleniumhq.org/exceptions/no_such_element.html
Build info: version: '3.141.59', revision: 'e82be7d358', time: '2018-11-14T08:17:03'
System info: host: 'DESKTOP-UH2AGQ7', ip: '172.20.30.207', os.name: 'Windows 10', os.arch: 'amd64', os.version: '10.0', java.version: '1.8.0_221'
Driver info: driver.version: AndroidDriver
	at io.appium.java_client.pagefactory.bys.builder.ByChained.findElement(ByChained.java:74)
	at org.openqa.selenium.remote.RemoteWebDriver.findElement(RemoteWebDriver.java:315)
	at io.appium.java_client.DefaultGenericMobileDriver.findElement(DefaultGenericMobileDriver.java:57)
	at io.appium.java_client.AppiumDriver.findElement(AppiumDriver.java:1)
	at io.appium.java_client.android.AndroidDriver.findElement(AndroidDriver.java:1)
	at io.appium.java_client.pagefactory.bys.ContentMappedBy.findElement(ContentMappedBy.java:50)
	at org.openqa.selenium.remote.RemoteWebDriver.findElement(RemoteWebDriver.java:315)
	at io.appium.java_client.DefaultGenericMobileDriver.findElement(DefaultGenericMobileDriver.java:57)
	at io.appium.java_client.AppiumDriver.findElement(AppiumDriver.java:1)
	at io.appium.java_client.android.AndroidDriver.findElement(AndroidDriver.java:1)
	at io.appium.java_client.pagefactory.AppiumElementLocator.lambda$0(AppiumElementLocator.java:120)
	at io.appium.java_client.pagefactory.AppiumElementLocator$WaitingFunction.apply(AppiumElementLocator.java:172)
	at io.appium.java_client.pagefactory.AppiumElementLocator$WaitingFunction.apply(AppiumElementLocator.java:1)
	at org.openqa.selenium.support.ui.FluentWait.until(FluentWait.java:249)
	... 36 more
:
[logsAndroid_9.0_SM-T295 INFO ] 2020-08-10 14:41:12.405 PembayaranTransferTest:80 - Login test after method:
[logsAndroid_9.0_SM-T295 INFO ] 2020-08-10 14:49:52.820 BaseTest:259 - log path: logs\Android_9.0_SM-T295:
[logsAndroid_9.0_SM-T295 INFO ] 2020-08-10 14:50:18.293 PembayaranTransferTest:71 - 

 *******Starting test: loginValidUser *******
:
[logsAndroid_9.0_SM-T295 INFO ] 2020-08-10 14:50:20.075 BaseTest:393 - Enter username : demopac:
[logsAndroid_9.0_SM-T295 INFO ] 2020-08-10 14:50:22.165 BaseTest:393 - Enter password : qwerty:
[logsAndroid_9.0_SM-T295 INFO ] 2020-08-10 14:50:23.420 BaseTest:373 - Press Login Button:
[logsAndroid_9.0_SM-T295 INFO ] 2020-08-10 14:50:23.581 PembayaranTransferTest:80 - Login test after method:
[logsAndroid_9.0_SM-T295 INFO ] 2020-08-10 14:50:23.588 PembayaranTransferTest:71 - 

 *******Starting test: menambahDelivery *******
:
[logsAndroid_9.0_SM-T295 INFO ] 2020-08-10 14:50:32.989 BaseTest:373 - Pilih kategori Beverage:
[logsAndroid_9.0_SM-T295 INFO ] 2020-08-10 14:50:35.404 BaseTest:373 - Tambah Keranjang JUS MANGGA:
[logsAndroid_9.0_SM-T295 INFO ] 2020-08-10 14:50:36.380 BaseTest:373 - Press button order:
[logsAndroid_9.0_SM-T295 INFO ] 2020-08-10 14:50:38.223 BaseTest:373 - Press btn Pembayaran Lainnya:
[logsAndroid_9.0_SM-T295 INFO ] 2020-08-10 14:50:39.562 BaseTest:373 - Press button Transfer:
[logsAndroid_9.0_SM-T295 INFO ] 2020-08-10 14:50:41.992 BaseTest:393 - Enter customer's name : bagas:
[logsAndroid_9.0_SM-T295 INFO ] 2020-08-10 14:50:43.878 BaseTest:393 - Enter customer's phone	 : 1234567891011:
[logsAndroid_9.0_SM-T295 INFO ] 2020-08-10 14:50:45.705 BaseTest:393 - Enter customer's email : test@gmail.com:
[logsAndroid_9.0_SM-T295 INFO ] 2020-08-10 14:50:46.362 BaseTest:443 - Searching Element...:
[logsAndroid_9.0_SM-T295 INFO ] 2020-08-10 14:50:47.651 BaseTest:393 - Enter customer's name account: bagas:
[logsAndroid_9.0_SM-T295 INFO ] 2020-08-10 14:50:47.818 BaseTest:443 - Searching Element...:
[logsAndroid_9.0_SM-T295 INFO ] 2020-08-10 14:50:51.784 BaseTest:393 - Enter customer's account numbers: 123456789:
[logsAndroid_9.0_SM-T295 INFO ] 2020-08-10 14:50:51.946 BaseTest:443 - Searching Element...:
[logsAndroid_9.0_SM-T295 INFO ] 2020-08-10 14:50:53.204 BaseTest:393 - Enter Bank name: Bank Test:
[logsAndroid_9.0_SM-T295 INFO ] 2020-08-10 14:50:53.883 BaseTest:373 - Press button OK:
[logsAndroid_9.0_SM-T295 INFO ] 2020-08-10 14:50:55.832 BaseTest:431 - Status Pembayaran : Pembayaran Berhasil:
[logsAndroid_9.0_SM-T295 INFO ] 2020-08-10 14:50:56.079 BaseTest:431 - Metode Pembayaran : Transfer:
[logsAndroid_9.0_SM-T295 INFO ] 2020-08-10 14:50:56.160 BaseTest:373 - Press button ok:
[logsAndroid_9.0_SM-T295 INFO ] 2020-08-10 14:50:56.277 PembayaranTransferTest:80 - Login test after method:
[logsAndroid_9.0_SM-T295 INFO ] 2020-08-10 14:50:56.279 PembayaranTransferTest:71 - 

 *******Starting test: logout *******
:
[logsAndroid_9.0_SM-T295 INFO ] 2020-08-10 14:50:57.010 BaseTest:460 - swiping -right on on dashboard page:
[logsAndroid_9.0_SM-T295 INFO ] 2020-08-10 14:50:59.198 BaseTest:373 - Press logout button:
[logsAndroid_9.0_SM-T295 INFO ] 2020-08-10 14:51:00.595 BaseTest:373 - Press confirm logout button:
[logsAndroid_9.0_SM-T295 INFO ] 2020-08-10 14:51:00.704 PembayaranTransferTest:80 - Login test after method:
[logsAndroid_9.0_SM-T295 INFO ] 2020-08-10 15:18:19.633 BaseTest:259 - log path: logs\Android_9.0_SM-T295:
[logsAndroid_9.0_SM-T295 INFO ] 2020-08-10 15:18:58.969 BaseTest:259 - log path: logs\Android_9.0_SM-T295:
[logsAndroid_9.0_SM-T295 INFO ] 2020-08-10 15:48:39.724 BaseTest:259 - log path: logs\Android_9.0_SM-T295:
[logsAndroid_9.0_SM-T295 INFO ] 2020-08-10 15:49:32.334 BaseTest:259 - log path: logs\Android_9.0_SM-T295:
[logsAndroid_9.0_SM-T295 INFO ] 2020-08-10 15:49:58.610 PembayaranVoucherTest:71 - 

 *******Starting test: loginValidUser *******
:
[logsAndroid_9.0_SM-T295 INFO ] 2020-08-10 15:49:59.976 BaseTest:393 - Enter username : demopac:
[logsAndroid_9.0_SM-T295 INFO ] 2020-08-10 15:50:01.997 BaseTest:393 - Enter password : qwerty:
[logsAndroid_9.0_SM-T295 INFO ] 2020-08-10 15:50:03.244 BaseTest:373 - Press Login Button:
[logsAndroid_9.0_SM-T295 INFO ] 2020-08-10 15:50:03.455 PembayaranVoucherTest:80 - Login test after method:
[logsAndroid_9.0_SM-T295 INFO ] 2020-08-10 15:50:03.466 PembayaranVoucherTest:71 - 

 *******Starting test: PembayaranVoucher *******
:
[logsAndroid_9.0_SM-T295 INFO ] 2020-08-10 15:50:14.307 BaseTest:373 - Pilih kategori Beverage:
[logsAndroid_9.0_SM-T295 INFO ] 2020-08-10 15:50:16.710 BaseTest:373 - Tambah Keranjang JUS MANGGA:
[logsAndroid_9.0_SM-T295 INFO ] 2020-08-10 15:50:17.638 BaseTest:373 - Press button order:
[logsAndroid_9.0_SM-T295 INFO ] 2020-08-10 15:50:19.503 BaseTest:373 - Press btn Pembayaran Lainnya:
[logsAndroid_9.0_SM-T295 INFO ] 2020-08-10 15:50:20.830 BaseTest:373 - Press button Transfer:
[logsAndroid_9.0_SM-T295 INFO ] 2020-08-10 15:50:23.159 BaseTest:393 - Enter customer's name : bagas:
[logsAndroid_9.0_SM-T295 INFO ] 2020-08-10 15:50:25.008 BaseTest:393 - Enter customer's phone	 : 1234567891011:
[logsAndroid_9.0_SM-T295 INFO ] 2020-08-10 15:50:26.333 BaseTest:393 - Enter customer's email : test@gmail.com:
[logsAndroid_9.0_SM-T295 INFO ] 2020-08-10 15:50:26.960 BaseTest:443 - Searching Element...:
[logsAndroid_9.0_SM-T295 ERROR] 2020-08-10 15:50:44.402 TestListener:39 - org.openqa.selenium.NoSuchElementException: An element could not be located on the page using the given search parameters.
For documentation on this error, please visit: https://www.seleniumhq.org/exceptions/no_such_element.html
Build info: version: '3.141.59', revision: 'e82be7d358', time: '2018-11-14T08:17:03'
System info: host: 'DESKTOP-UH2AGQ7', ip: '172.20.30.207', os.name: 'Windows 10', os.arch: 'amd64', os.version: '10.0', java.version: '1.8.0_221'
Driver info: io.appium.java_client.android.AndroidDriver
Capabilities {appActivity: id.dretail.mpos.activity.Sp..., appPackage: id.dretail.mpos, appWaitActivity: id.dretail.mpos.activity.Lo..., autoGrantPermissions: true, automationName: UiAutomator2, chromeDriverPort: 11004, databaseEnabled: false, desired: {appActivity: id.dretail.mpos.activity.Sp..., appPackage: id.dretail.mpos, appWaitActivity: id.dretail.mpos.activity.Lo..., autoGrantPermissions: true, automationName: UiAutomator2, chromeDriverPort: 11004, deviceName: SM-T295, fullReset: false, mjpegServerPort: 12004, noReset: true, platformName: android, platformVersion: 9.0, systemPort: 10004, udid: R9CMC06C14J}, deviceApiLevel: 28, deviceManufacturer: samsung, deviceModel: SM-T295, deviceName: R9CMC06C14J, deviceScreenDensity: 213, deviceScreenSize: 1280x800, deviceUDID: R9CMC06C14J, fullReset: false, javascriptEnabled: true, locationContextEnabled: false, mjpegServerPort: 12004, networkConnectionEnabled: true, noReset: true, pixelRatio: 1.3312501, platform: LINUX, platformName: Android, platformVersion: 9, statBarHeight: 32, systemPort: 10004, takesScreenshot: true, udid: R9CMC06C14J, viewportRect: {height: 704, left: 0, top: 32, width: 1280}, warnings: {}, webStorageEnabled: false}
Session ID: 8e396f69-17bf-41f6-a57b-cfd49d82a94d
*** Element info: {Using=-android uiautomator, value=new UiScrollable(new UiSelector().scrollable(true).instance(0)).scrollIntoView(new UiSelector().textMatches("Kode Voucher").instance(0))}
	at sun.reflect.NativeConstructorAccessorImpl.newInstance0(Native Method)
	at sun.reflect.NativeConstructorAccessorImpl.newInstance(Unknown Source)
	at sun.reflect.DelegatingConstructorAccessorImpl.newInstance(Unknown Source)
	at java.lang.reflect.Constructor.newInstance(Unknown Source)
	at org.openqa.selenium.remote.http.W3CHttpResponseCodec.createException(W3CHttpResponseCodec.java:187)
	at org.openqa.selenium.remote.http.W3CHttpResponseCodec.decode(W3CHttpResponseCodec.java:122)
	at org.openqa.selenium.remote.http.W3CHttpResponseCodec.decode(W3CHttpResponseCodec.java:49)
	at org.openqa.selenium.remote.HttpCommandExecutor.execute(HttpCommandExecutor.java:158)
	at io.appium.java_client.remote.AppiumCommandExecutor.execute(AppiumCommandExecutor.java:239)
	at org.openqa.selenium.remote.RemoteWebDriver.execute(RemoteWebDriver.java:552)
	at io.appium.java_client.DefaultGenericMobileDriver.execute(DefaultGenericMobileDriver.java:41)
	at io.appium.java_client.AppiumDriver.execute(AppiumDriver.java:1)
	at io.appium.java_client.android.AndroidDriver.execute(AndroidDriver.java:1)
	at org.openqa.selenium.remote.RemoteWebDriver.findElement(RemoteWebDriver.java:323)
	at io.appium.java_client.DefaultGenericMobileDriver.findElement(DefaultGenericMobileDriver.java:61)
	at io.appium.java_client.AppiumDriver.findElement(AppiumDriver.java:1)
	at io.appium.java_client.android.AndroidDriver.findElement(AndroidDriver.java:1)
	at io.appium.java_client.FindsByAndroidUIAutomator.findElementByAndroidUIAutomator(FindsByAndroidUIAutomator.java:38)
	at com.qa.base.BaseTest.scrollToElement(BaseTest.java:447)
	at com.qa.pages.PembayaranPage.enterKodeVoucher(PembayaranPage.java:127)
	at com.qa.tests.PembayaranVoucherTest.PembayaranVoucher(PembayaranVoucherTest.java:107)
	at sun.reflect.NativeMethodAccessorImpl.invoke0(Native Method)
	at sun.reflect.NativeMethodAccessorImpl.invoke(Unknown Source)
	at sun.reflect.DelegatingMethodAccessorImpl.invoke(Unknown Source)
	at java.lang.reflect.Method.invoke(Unknown Source)
	at org.testng.internal.MethodInvocationHelper.invokeMethod(MethodInvocationHelper.java:134)
	at org.testng.internal.TestInvoker.invokeMethod(TestInvoker.java:597)
	at org.testng.internal.TestInvoker.invokeTestMethod(TestInvoker.java:173)
	at org.testng.internal.MethodRunner.runInSequence(MethodRunner.java:46)
	at org.testng.internal.TestInvoker$MethodInvocationAgent.invoke(TestInvoker.java:816)
	at org.testng.internal.TestInvoker.invokeTestMethods(TestInvoker.java:146)
	at org.testng.internal.TestMethodWorker.invokeTestMethods(TestMethodWorker.java:146)
	at org.testng.internal.TestMethodWorker.run(TestMethodWorker.java:128)
	at java.util.ArrayList.forEach(Unknown Source)
	at org.testng.TestRunner.privateRun(TestRunner.java:766)
	at org.testng.TestRunner.run(TestRunner.java:587)
	at org.testng.SuiteRunner.runTest(SuiteRunner.java:384)
	at org.testng.SuiteRunner.access$000(SuiteRunner.java:28)
	at org.testng.SuiteRunner$SuiteWorker.run(SuiteRunner.java:425)
	at org.testng.internal.thread.ThreadUtil.lambda$execute$0(ThreadUtil.java:68)
	at java.util.concurrent.FutureTask.run(Unknown Source)
	at java.util.concurrent.ThreadPoolExecutor.runWorker(Unknown Source)
	at java.util.concurrent.ThreadPoolExecutor$Worker.run(Unknown Source)
	at java.lang.Thread.run(Unknown Source)
:
[logsAndroid_9.0_SM-T295 INFO ] 2020-08-10 15:56:58.051 BaseTest:259 - log path: logs\Android_9.0_SM-T295:
[logsAndroid_9.0_SM-T295 INFO ] 2020-08-10 15:57:20.095 PembayaranVoucherTest:71 - 

 *******Starting test: loginValidUser *******
:
[logsAndroid_9.0_SM-T295 INFO ] 2020-08-10 15:57:22.136 BaseTest:393 - Enter username : demopac:
[logsAndroid_9.0_SM-T295 INFO ] 2020-08-10 15:57:24.148 BaseTest:393 - Enter password : qwerty:
[logsAndroid_9.0_SM-T295 INFO ] 2020-08-10 15:57:25.413 BaseTest:373 - Press Login Button:
[logsAndroid_9.0_SM-T295 INFO ] 2020-08-10 15:57:25.549 PembayaranVoucherTest:80 - Login test after method:
[logsAndroid_9.0_SM-T295 INFO ] 2020-08-10 15:57:25.552 PembayaranVoucherTest:71 - 

 *******Starting test: PembayaranVoucher *******
:
[logsAndroid_9.0_SM-T295 INFO ] 2020-08-10 15:57:34.853 BaseTest:373 - Pilih kategori Beverage:
[logsAndroid_9.0_SM-T295 INFO ] 2020-08-10 15:57:37.150 BaseTest:373 - Tambah Keranjang JUS MANGGA:
[logsAndroid_9.0_SM-T295 INFO ] 2020-08-10 15:57:38.124 BaseTest:373 - Press button order:
[logsAndroid_9.0_SM-T295 INFO ] 2020-08-10 15:57:40.002 BaseTest:373 - Press btn Pembayaran Lainnya:
[logsAndroid_9.0_SM-T295 INFO ] 2020-08-10 15:57:41.315 BaseTest:373 - Press button Voucher:
[logsAndroid_9.0_SM-T295 INFO ] 2020-08-10 15:57:43.613 BaseTest:393 - Enter customer's name : bagas:
[logsAndroid_9.0_SM-T295 INFO ] 2020-08-10 15:57:45.001 BaseTest:393 - Enter customer's phone	 : 1234567891011:
[logsAndroid_9.0_SM-T295 INFO ] 2020-08-10 15:57:46.331 BaseTest:393 - Enter customer's email : test@gmail.com:
[logsAndroid_9.0_SM-T295 INFO ] 2020-08-10 15:57:46.957 BaseTest:443 - Searching Element...:
[logsAndroid_9.0_SM-T295 ERROR] 2020-08-10 15:58:02.779 TestListener:39 - org.openqa.selenium.TimeoutException: Expected condition failed: waiting for visibility of Located by By.chained({By.id: id.dretail.mpos:id/txtBankName}) (tried for 10 second(s) with 500 milliseconds interval)
	at org.openqa.selenium.support.ui.WebDriverWait.timeoutException(WebDriverWait.java:95)
	at org.openqa.selenium.support.ui.FluentWait.until(FluentWait.java:272)
	at com.qa.base.BaseTest.waitForVisibility(BaseTest.java:348)
	at com.qa.base.BaseTest.clear(BaseTest.java:361)
	at com.qa.pages.PembayaranPage.enterKodeVoucher(PembayaranPage.java:136)
	at com.qa.tests.PembayaranVoucherTest.PembayaranVoucher(PembayaranVoucherTest.java:107)
	at sun.reflect.NativeMethodAccessorImpl.invoke0(Native Method)
	at sun.reflect.NativeMethodAccessorImpl.invoke(Unknown Source)
	at sun.reflect.DelegatingMethodAccessorImpl.invoke(Unknown Source)
	at java.lang.reflect.Method.invoke(Unknown Source)
	at org.testng.internal.MethodInvocationHelper.invokeMethod(MethodInvocationHelper.java:134)
	at org.testng.internal.TestInvoker.invokeMethod(TestInvoker.java:597)
	at org.testng.internal.TestInvoker.invokeTestMethod(TestInvoker.java:173)
	at org.testng.internal.MethodRunner.runInSequence(MethodRunner.java:46)
	at org.testng.internal.TestInvoker$MethodInvocationAgent.invoke(TestInvoker.java:816)
	at org.testng.internal.TestInvoker.invokeTestMethods(TestInvoker.java:146)
	at org.testng.internal.TestMethodWorker.invokeTestMethods(TestMethodWorker.java:146)
	at org.testng.internal.TestMethodWorker.run(TestMethodWorker.java:128)
	at java.util.ArrayList.forEach(Unknown Source)
	at org.testng.TestRunner.privateRun(TestRunner.java:766)
	at org.testng.TestRunner.run(TestRunner.java:587)
	at org.testng.SuiteRunner.runTest(SuiteRunner.java:384)
	at org.testng.SuiteRunner.access$000(SuiteRunner.java:28)
	at org.testng.SuiteRunner$SuiteWorker.run(SuiteRunner.java:425)
	at org.testng.internal.thread.ThreadUtil.lambda$execute$0(ThreadUtil.java:68)
	at java.util.concurrent.FutureTask.run(Unknown Source)
	at java.util.concurrent.ThreadPoolExecutor.runWorker(Unknown Source)
	at java.util.concurrent.ThreadPoolExecutor$Worker.run(Unknown Source)
	at java.lang.Thread.run(Unknown Source)
Caused by: org.openqa.selenium.NoSuchElementException: Can't locate an element by this strategy: By.chained({By.id: id.dretail.mpos:id/txtBankName})
	at io.appium.java_client.pagefactory.AppiumElementLocator.findElement(AppiumElementLocator.java:126)
	at io.appium.java_client.pagefactory.interceptors.InterceptorOfASingleElement.intercept(InterceptorOfASingleElement.java:59)
	at io.appium.java_client.android.AndroidElement$$EnhancerByCGLIB$$b598166c.isDisplayed(<generated>)
	at org.openqa.selenium.support.ui.ExpectedConditions.elementIfVisible(ExpectedConditions.java:314)
	at org.openqa.selenium.support.ui.ExpectedConditions.access$000(ExpectedConditions.java:43)
	at org.openqa.selenium.support.ui.ExpectedConditions$10.apply(ExpectedConditions.java:300)
	at org.openqa.selenium.support.ui.ExpectedConditions$10.apply(ExpectedConditions.java:297)
	at org.openqa.selenium.support.ui.FluentWait.until(FluentWait.java:249)
	... 27 more
Caused by: org.openqa.selenium.TimeoutException: Expected condition failed: waiting for io.appium.java_client.pagefactory.AppiumElementLocator$WaitingFunction@6b5b73b0 (tried for 10 second(s) with 500 milliseconds interval)
	at org.openqa.selenium.support.ui.FluentWait.timeoutException(FluentWait.java:304)
	at org.openqa.selenium.support.ui.FluentWait.until(FluentWait.java:272)
	at io.appium.java_client.pagefactory.AppiumElementLocator.waitFor(AppiumElementLocator.java:99)
	at io.appium.java_client.pagefactory.AppiumElementLocator.findElement(AppiumElementLocator.java:119)
	... 34 more
Caused by: org.openqa.selenium.NoSuchElementException: Cannot locate an element using By.chained({By.id: id.dretail.mpos:id/txtBankName})
For documentation on this error, please visit: https://www.seleniumhq.org/exceptions/no_such_element.html
Build info: version: '3.141.59', revision: 'e82be7d358', time: '2018-11-14T08:17:03'
System info: host: 'DESKTOP-UH2AGQ7', ip: '172.20.30.207', os.name: 'Windows 10', os.arch: 'amd64', os.version: '10.0', java.version: '1.8.0_221'
Driver info: driver.version: AndroidDriver
	at io.appium.java_client.pagefactory.bys.builder.ByChained.findElement(ByChained.java:74)
	at org.openqa.selenium.remote.RemoteWebDriver.findElement(RemoteWebDriver.java:315)
	at io.appium.java_client.DefaultGenericMobileDriver.findElement(DefaultGenericMobileDriver.java:57)
	at io.appium.java_client.AppiumDriver.findElement(AppiumDriver.java:1)
	at io.appium.java_client.android.AndroidDriver.findElement(AndroidDriver.java:1)
	at io.appium.java_client.pagefactory.bys.ContentMappedBy.findElement(ContentMappedBy.java:50)
	at org.openqa.selenium.remote.RemoteWebDriver.findElement(RemoteWebDriver.java:315)
	at io.appium.java_client.DefaultGenericMobileDriver.findElement(DefaultGenericMobileDriver.java:57)
	at io.appium.java_client.AppiumDriver.findElement(AppiumDriver.java:1)
	at io.appium.java_client.android.AndroidDriver.findElement(AndroidDriver.java:1)
	at io.appium.java_client.pagefactory.AppiumElementLocator.lambda$0(AppiumElementLocator.java:120)
	at io.appium.java_client.pagefactory.AppiumElementLocator$WaitingFunction.apply(AppiumElementLocator.java:172)
	at io.appium.java_client.pagefactory.AppiumElementLocator$WaitingFunction.apply(AppiumElementLocator.java:1)
	at org.openqa.selenium.support.ui.FluentWait.until(FluentWait.java:249)
	... 36 more
:
[logsAndroid_9.0_SM-T295 INFO ] 2020-08-10 15:58:03.358 PembayaranVoucherTest:80 - Login test after method:
[logsAndroid_9.0_SM-T295 INFO ] 2020-08-10 15:58:03.360 PembayaranVoucherTest:71 - 

 *******Starting test: logout *******
:
[logsAndroid_9.0_SM-T295 ERROR] 2020-08-10 15:58:18.645 TestListener:39 - org.openqa.selenium.TimeoutException: Expected condition failed: waiting for visibility of Located by By.chained({By.id: id.dretail.mpos:id/customerName}) (tried for 10 second(s) with 500 milliseconds interval)
	at org.openqa.selenium.support.ui.WebDriverWait.timeoutException(WebDriverWait.java:95)
	at org.openqa.selenium.support.ui.FluentWait.until(FluentWait.java:272)
	at com.qa.base.BaseTest.waitForVisibility(BaseTest.java:348)
	at com.qa.base.BaseTest.swipingElement(BaseTest.java:455)
	at com.qa.pages.PenjualanPage.showSidebar(PenjualanPage.java:101)
	at com.qa.tests.PembayaranVoucherTest.logout(PembayaranVoucherTest.java:126)
	at sun.reflect.NativeMethodAccessorImpl.invoke0(Native Method)
	at sun.reflect.NativeMethodAccessorImpl.invoke(Unknown Source)
	at sun.reflect.DelegatingMethodAccessorImpl.invoke(Unknown Source)
	at java.lang.reflect.Method.invoke(Unknown Source)
	at org.testng.internal.MethodInvocationHelper.invokeMethod(MethodInvocationHelper.java:134)
	at org.testng.internal.TestInvoker.invokeMethod(TestInvoker.java:597)
	at org.testng.internal.TestInvoker.invokeTestMethod(TestInvoker.java:173)
	at org.testng.internal.MethodRunner.runInSequence(MethodRunner.java:46)
	at org.testng.internal.TestInvoker$MethodInvocationAgent.invoke(TestInvoker.java:816)
	at org.testng.internal.TestInvoker.invokeTestMethods(TestInvoker.java:146)
	at org.testng.internal.TestMethodWorker.invokeTestMethods(TestMethodWorker.java:146)
	at org.testng.internal.TestMethodWorker.run(TestMethodWorker.java:128)
	at java.util.ArrayList.forEach(Unknown Source)
	at org.testng.TestRunner.privateRun(TestRunner.java:766)
	at org.testng.TestRunner.run(TestRunner.java:587)
	at org.testng.SuiteRunner.runTest(SuiteRunner.java:384)
	at org.testng.SuiteRunner.access$000(SuiteRunner.java:28)
	at org.testng.SuiteRunner$SuiteWorker.run(SuiteRunner.java:425)
	at org.testng.internal.thread.ThreadUtil.lambda$execute$0(ThreadUtil.java:68)
	at java.util.concurrent.FutureTask.run(Unknown Source)
	at java.util.concurrent.ThreadPoolExecutor.runWorker(Unknown Source)
	at java.util.concurrent.ThreadPoolExecutor$Worker.run(Unknown Source)
	at java.lang.Thread.run(Unknown Source)
Caused by: org.openqa.selenium.NoSuchElementException: Can't locate an element by this strategy: By.chained({By.id: id.dretail.mpos:id/customerName})
	at io.appium.java_client.pagefactory.AppiumElementLocator.findElement(AppiumElementLocator.java:126)
	at io.appium.java_client.pagefactory.interceptors.InterceptorOfASingleElement.intercept(InterceptorOfASingleElement.java:59)
	at io.appium.java_client.android.AndroidElement$$EnhancerByCGLIB$$b598166c.isDisplayed(<generated>)
	at org.openqa.selenium.support.ui.ExpectedConditions.elementIfVisible(ExpectedConditions.java:314)
	at org.openqa.selenium.support.ui.ExpectedConditions.access$000(ExpectedConditions.java:43)
	at org.openqa.selenium.support.ui.ExpectedConditions$10.apply(ExpectedConditions.java:300)
	at org.openqa.selenium.support.ui.ExpectedConditions$10.apply(ExpectedConditions.java:297)
	at org.openqa.selenium.support.ui.FluentWait.until(FluentWait.java:249)
	... 27 more
Caused by: org.openqa.selenium.TimeoutException: Expected condition failed: waiting for io.appium.java_client.pagefactory.AppiumElementLocator$WaitingFunction@14568c73 (tried for 10 second(s) with 500 milliseconds interval)
	at org.openqa.selenium.support.ui.FluentWait.timeoutException(FluentWait.java:304)
	at org.openqa.selenium.support.ui.FluentWait.until(FluentWait.java:272)
	at io.appium.java_client.pagefactory.AppiumElementLocator.waitFor(AppiumElementLocator.java:99)
	at io.appium.java_client.pagefactory.AppiumElementLocator.findElement(AppiumElementLocator.java:119)
	... 34 more
Caused by: org.openqa.selenium.NoSuchElementException: Cannot locate an element using By.chained({By.id: id.dretail.mpos:id/customerName})
For documentation on this error, please visit: https://www.seleniumhq.org/exceptions/no_such_element.html
Build info: version: '3.141.59', revision: 'e82be7d358', time: '2018-11-14T08:17:03'
System info: host: 'DESKTOP-UH2AGQ7', ip: '172.20.30.207', os.name: 'Windows 10', os.arch: 'amd64', os.version: '10.0', java.version: '1.8.0_221'
Driver info: driver.version: AndroidDriver
	at io.appium.java_client.pagefactory.bys.builder.ByChained.findElement(ByChained.java:74)
	at org.openqa.selenium.remote.RemoteWebDriver.findElement(RemoteWebDriver.java:315)
	at io.appium.java_client.DefaultGenericMobileDriver.findElement(DefaultGenericMobileDriver.java:57)
	at io.appium.java_client.AppiumDriver.findElement(AppiumDriver.java:1)
	at io.appium.java_client.android.AndroidDriver.findElement(AndroidDriver.java:1)
	at io.appium.java_client.pagefactory.bys.ContentMappedBy.findElement(ContentMappedBy.java:50)
	at org.openqa.selenium.remote.RemoteWebDriver.findElement(RemoteWebDriver.java:315)
	at io.appium.java_client.DefaultGenericMobileDriver.findElement(DefaultGenericMobileDriver.java:57)
	at io.appium.java_client.AppiumDriver.findElement(AppiumDriver.java:1)
	at io.appium.java_client.android.AndroidDriver.findElement(AndroidDriver.java:1)
	at io.appium.java_client.pagefactory.AppiumElementLocator.lambda$0(AppiumElementLocator.java:120)
	at io.appium.java_client.pagefactory.AppiumElementLocator$WaitingFunction.apply(AppiumElementLocator.java:172)
	at io.appium.java_client.pagefactory.AppiumElementLocator$WaitingFunction.apply(AppiumElementLocator.java:1)
	at org.openqa.selenium.support.ui.FluentWait.until(FluentWait.java:249)
	... 36 more
:
[logsAndroid_9.0_SM-T295 INFO ] 2020-08-10 15:58:19.142 PembayaranVoucherTest:80 - Login test after method:
[logsAndroid_9.0_SM-T295 INFO ] 2020-08-10 16:09:08.952 BaseTest:259 - log path: logs\Android_9.0_SM-T295:
[logsAndroid_9.0_SM-T295 INFO ] 2020-08-10 16:09:33.830 PembayaranVoucherTest:71 - 

 *******Starting test: loginValidUser *******
:
[logsAndroid_9.0_SM-T295 INFO ] 2020-08-10 16:09:35.339 BaseTest:393 - Enter username : demopac:
[logsAndroid_9.0_SM-T295 INFO ] 2020-08-10 16:09:36.926 BaseTest:393 - Enter password : qwerty:
[logsAndroid_9.0_SM-T295 INFO ] 2020-08-10 16:09:38.172 BaseTest:373 - Press Login Button:
[logsAndroid_9.0_SM-T295 INFO ] 2020-08-10 16:09:38.430 PembayaranVoucherTest:80 - Login test after method:
[logsAndroid_9.0_SM-T295 INFO ] 2020-08-10 16:09:38.444 PembayaranVoucherTest:71 - 

 *******Starting test: PembayaranVoucher *******
:
[logsAndroid_9.0_SM-T295 INFO ] 2020-08-10 16:09:46.640 BaseTest:373 - Pilih kategori Beverage:
[logsAndroid_9.0_SM-T295 INFO ] 2020-08-10 16:09:49.114 BaseTest:373 - Tambah Keranjang JUS MANGGA:
[logsAndroid_9.0_SM-T295 INFO ] 2020-08-10 16:09:50.140 BaseTest:373 - Press button order:
[logsAndroid_9.0_SM-T295 INFO ] 2020-08-10 16:09:52.313 BaseTest:373 - Press btn Pembayaran Lainnya:
[logsAndroid_9.0_SM-T295 INFO ] 2020-08-10 16:09:53.677 BaseTest:373 - Press button Voucher:
[logsAndroid_9.0_SM-T295 INFO ] 2020-08-10 16:09:55.955 BaseTest:393 - Enter customer's name : bagas:
[logsAndroid_9.0_SM-T295 INFO ] 2020-08-10 16:09:57.704 BaseTest:393 - Enter customer's phone	 : 1234567891011:
[logsAndroid_9.0_SM-T295 INFO ] 2020-08-10 16:09:59.514 BaseTest:393 - Enter customer's email : test@gmail.com:
[logsAndroid_9.0_SM-T295 INFO ] 2020-08-10 16:09:59.692 BaseTest:443 - Searching Element...:
[logsAndroid_9.0_SM-T295 INFO ] 2020-08-10 16:10:00.981 BaseTest:393 - Enter voucher code: 112233:
[logsAndroid_9.0_SM-T295 INFO ] 2020-08-10 16:10:01.654 BaseTest:373 - Press button OK:
[logsAndroid_9.0_SM-T295 INFO ] 2020-08-10 16:10:03.494 BaseTest:431 - Status Pembayaran : Pembayaran Berhasil:
[logsAndroid_9.0_SM-T295 INFO ] 2020-08-10 16:10:03.722 BaseTest:431 - Metode Pembayaran : Voucher:
[logsAndroid_9.0_SM-T295 INFO ] 2020-08-10 16:10:03.801 BaseTest:373 - Press button ok:
[logsAndroid_9.0_SM-T295 INFO ] 2020-08-10 16:10:03.914 PembayaranVoucherTest:80 - Login test after method:
[logsAndroid_9.0_SM-T295 INFO ] 2020-08-10 16:10:03.916 PembayaranVoucherTest:71 - 

 *******Starting test: logout *******
:
[logsAndroid_9.0_SM-T295 INFO ] 2020-08-10 16:10:04.661 BaseTest:460 - swiping -right on on dashboard page:
[logsAndroid_9.0_SM-T295 INFO ] 2020-08-10 16:10:06.846 BaseTest:373 - Press logout button:
[logsAndroid_9.0_SM-T295 INFO ] 2020-08-10 16:10:08.200 BaseTest:373 - Press confirm logout button:
[logsAndroid_9.0_SM-T295 INFO ] 2020-08-10 16:10:08.288 PembayaranVoucherTest:80 - Login test after method:
