[logsAndroid_9.0_SM-T295 INFO ] 2020-08-12 11:08:40.405 BaseTest:259 - log path: logs\Android_9.0_SM-T295:
[logsAndroid_9.0_SM-T295 INFO ] 2020-08-12 11:09:09.988 MelihatTransaksiTest:65 - 

 *******Starting test: loginValidUser *******
:
[logsAndroid_9.0_SM-T295 INFO ] 2020-08-12 11:09:11.858 BaseTest:393 - Enter username : demopac:
[logsAndroid_9.0_SM-T295 INFO ] 2020-08-12 11:09:13.914 BaseTest:393 - Enter password : qwerty:
[logsAndroid_9.0_SM-T295 INFO ] 2020-08-12 11:09:15.157 BaseTest:373 - Press Login Button:
[logsAndroid_9.0_SM-T295 INFO ] 2020-08-12 11:09:15.313 MelihatTransaksiTest:74 - Login test after method:
[logsAndroid_9.0_SM-T295 INFO ] 2020-08-12 11:09:15.323 MelihatTransaksiTest:65 - 

 *******Starting test: melihatTransaksi *******
:
[logsAndroid_9.0_SM-T295 INFO ] 2020-08-12 11:09:24.526 BaseTest:460 - swiping -right on on dashboard page:
[logsAndroid_9.0_SM-T295 INFO ] 2020-08-12 11:09:28.610 BaseTest:373 - Press riwayat button:
[logsAndroid_9.0_SM-T295 INFO ] 2020-08-12 11:09:32.850 BaseTest:431 - Label pada title adalah: Riwayat:
[logsAndroid_9.0_SM-T295 INFO ] 2020-08-12 11:09:32.855 MelihatTransaksiTest:74 - Login test after method:
[logsAndroid_9.0_SM-T295 INFO ] 2020-08-12 11:09:32.858 MelihatTransaksiTest:65 - 

 *******Starting test: logout *******
:
[logsAndroid_9.0_SM-T295 ERROR] 2020-08-12 11:09:48.328 TestListener:39 - org.openqa.selenium.TimeoutException: Expected condition failed: waiting for visibility of Located by By.chained({By.id: id.dretail.mpos:id/customerName}) (tried for 10 second(s) with 500 milliseconds interval)
	at org.openqa.selenium.support.ui.WebDriverWait.timeoutException(WebDriverWait.java:95)
	at org.openqa.selenium.support.ui.FluentWait.until(FluentWait.java:272)
	at com.qa.base.BaseTest.waitForVisibility(BaseTest.java:348)
	at com.qa.base.BaseTest.swipingElement(BaseTest.java:455)
	at com.qa.pages.PenjualanPage.showSidebar(PenjualanPage.java:101)
	at com.qa.tests.MelihatTransaksiTest.logout(MelihatTransaksiTest.java:104)
	at sun.reflect.NativeMethodAccessorImpl.invoke0(Native Method)
	at sun.reflect.NativeMethodAccessorImpl.invoke(Unknown Source)
	at sun.reflect.DelegatingMethodAccessorImpl.invoke(Unknown Source)
	at java.lang.reflect.Method.invoke(Unknown Source)
	at org.testng.internal.MethodInvocationHelper.invokeMethod(MethodInvocationHelper.java:134)
	at org.testng.internal.TestInvoker.invokeMethod(TestInvoker.java:597)
	at org.testng.internal.TestInvoker.invokeTestMethod(TestInvoker.java:173)
	at org.testng.internal.MethodRunner.runInSequence(MethodRunner.java:46)
	at org.testng.internal.TestInvoker$MethodInvocationAgent.invoke(TestInvoker.java:816)
	at org.testng.internal.TestInvoker.invokeTestMethods(TestInvoker.java:146)
	at org.testng.internal.TestMethodWorker.invokeTestMethods(TestMethodWorker.java:146)
	at org.testng.internal.TestMethodWorker.run(TestMethodWorker.java:128)
	at java.util.ArrayList.forEach(Unknown Source)
	at org.testng.TestRunner.privateRun(TestRunner.java:766)
	at org.testng.TestRunner.run(TestRunner.java:587)
	at org.testng.SuiteRunner.runTest(SuiteRunner.java:384)
	at org.testng.SuiteRunner.access$000(SuiteRunner.java:28)
	at org.testng.SuiteRunner$SuiteWorker.run(SuiteRunner.java:425)
	at org.testng.internal.thread.ThreadUtil.lambda$execute$0(ThreadUtil.java:68)
	at java.util.concurrent.FutureTask.run(Unknown Source)
	at java.util.concurrent.ThreadPoolExecutor.runWorker(Unknown Source)
	at java.util.concurrent.ThreadPoolExecutor$Worker.run(Unknown Source)
	at java.lang.Thread.run(Unknown Source)
Caused by: org.openqa.selenium.NoSuchElementException: Can't locate an element by this strategy: By.chained({By.id: id.dretail.mpos:id/customerName})
	at io.appium.java_client.pagefactory.AppiumElementLocator.findElement(AppiumElementLocator.java:126)
	at io.appium.java_client.pagefactory.interceptors.InterceptorOfASingleElement.intercept(InterceptorOfASingleElement.java:59)
	at io.appium.java_client.android.AndroidElement$$EnhancerByCGLIB$$b598166c.isDisplayed(<generated>)
	at org.openqa.selenium.support.ui.ExpectedConditions.elementIfVisible(ExpectedConditions.java:314)
	at org.openqa.selenium.support.ui.ExpectedConditions.access$000(ExpectedConditions.java:43)
	at org.openqa.selenium.support.ui.ExpectedConditions$10.apply(ExpectedConditions.java:300)
	at org.openqa.selenium.support.ui.ExpectedConditions$10.apply(ExpectedConditions.java:297)
	at org.openqa.selenium.support.ui.FluentWait.until(FluentWait.java:249)
	... 27 more
Caused by: org.openqa.selenium.TimeoutException: Expected condition failed: waiting for io.appium.java_client.pagefactory.AppiumElementLocator$WaitingFunction@71243cad (tried for 10 second(s) with 500 milliseconds interval)
	at org.openqa.selenium.support.ui.FluentWait.timeoutException(FluentWait.java:304)
	at org.openqa.selenium.support.ui.FluentWait.until(FluentWait.java:272)
	at io.appium.java_client.pagefactory.AppiumElementLocator.waitFor(AppiumElementLocator.java:99)
	at io.appium.java_client.pagefactory.AppiumElementLocator.findElement(AppiumElementLocator.java:119)
	... 34 more
Caused by: org.openqa.selenium.NoSuchElementException: Cannot locate an element using By.chained({By.id: id.dretail.mpos:id/customerName})
For documentation on this error, please visit: https://www.seleniumhq.org/exceptions/no_such_element.html
Build info: version: '3.141.59', revision: 'e82be7d358', time: '2018-11-14T08:17:03'
System info: host: 'DESKTOP-UH2AGQ7', ip: '172.20.30.156', os.name: 'Windows 10', os.arch: 'amd64', os.version: '10.0', java.version: '1.8.0_221'
Driver info: driver.version: AndroidDriver
	at io.appium.java_client.pagefactory.bys.builder.ByChained.findElement(ByChained.java:74)
	at org.openqa.selenium.remote.RemoteWebDriver.findElement(RemoteWebDriver.java:315)
	at io.appium.java_client.DefaultGenericMobileDriver.findElement(DefaultGenericMobileDriver.java:57)
	at io.appium.java_client.AppiumDriver.findElement(AppiumDriver.java:1)
	at io.appium.java_client.android.AndroidDriver.findElement(AndroidDriver.java:1)
	at io.appium.java_client.pagefactory.bys.ContentMappedBy.findElement(ContentMappedBy.java:50)
	at org.openqa.selenium.remote.RemoteWebDriver.findElement(RemoteWebDriver.java:315)
	at io.appium.java_client.DefaultGenericMobileDriver.findElement(DefaultGenericMobileDriver.java:57)
	at io.appium.java_client.AppiumDriver.findElement(AppiumDriver.java:1)
	at io.appium.java_client.android.AndroidDriver.findElement(AndroidDriver.java:1)
	at io.appium.java_client.pagefactory.AppiumElementLocator.lambda$0(AppiumElementLocator.java:120)
	at io.appium.java_client.pagefactory.AppiumElementLocator$WaitingFunction.apply(AppiumElementLocator.java:172)
	at io.appium.java_client.pagefactory.AppiumElementLocator$WaitingFunction.apply(AppiumElementLocator.java:1)
	at org.openqa.selenium.support.ui.FluentWait.until(FluentWait.java:249)
	... 36 more
:
[logsAndroid_9.0_SM-T295 INFO ] 2020-08-12 11:09:49.158 MelihatTransaksiTest:74 - Login test after method:
[logsAndroid_9.0_SM-T295 INFO ] 2020-08-12 11:14:07.047 BaseTest:259 - log path: logs\Android_9.0_SM-T295:
[logsAndroid_9.0_SM-T295 INFO ] 2020-08-12 11:14:29.407 MelihatTransaksiTest:65 - 

 *******Starting test: loginValidUser *******
:
[logsAndroid_9.0_SM-T295 INFO ] 2020-08-12 11:14:31.192 BaseTest:393 - Enter username : demopac:
[logsAndroid_9.0_SM-T295 INFO ] 2020-08-12 11:14:33.287 BaseTest:393 - Enter password : qwerty:
[logsAndroid_9.0_SM-T295 INFO ] 2020-08-12 11:14:34.091 BaseTest:373 - Press Login Button:
[logsAndroid_9.0_SM-T295 INFO ] 2020-08-12 11:14:34.262 MelihatTransaksiTest:74 - Login test after method:
[logsAndroid_9.0_SM-T295 INFO ] 2020-08-12 11:14:34.269 MelihatTransaksiTest:65 - 

 *******Starting test: melihatTransaksi *******
:
[logsAndroid_9.0_SM-T295 INFO ] 2020-08-12 11:14:42.354 BaseTest:460 - swiping -right on on dashboard page:
[logsAndroid_9.0_SM-T295 INFO ] 2020-08-12 11:14:46.352 BaseTest:373 - Press riwayat button:
[logsAndroid_9.0_SM-T295 INFO ] 2020-08-12 11:14:50.509 BaseTest:431 - Label pada title adalah: Riwayat:
[logsAndroid_9.0_SM-T295 INFO ] 2020-08-12 11:14:50.519 MelihatTransaksiTest:74 - Login test after method:
[logsAndroid_9.0_SM-T295 INFO ] 2020-08-12 11:14:50.525 MelihatTransaksiTest:65 - 

 *******Starting test: logout *******
:
[logsAndroid_9.0_SM-T295 INFO ] 2020-08-12 11:14:50.654 BaseTest:460 - swiping -right on on dashboard page:
[logsAndroid_9.0_SM-T295 INFO ] 2020-08-12 11:14:52.737 BaseTest:373 - Press logout button:
[logsAndroid_9.0_SM-T295 INFO ] 2020-08-12 11:14:54.067 BaseTest:373 - Press confirm logout button:
[logsAndroid_9.0_SM-T295 INFO ] 2020-08-12 11:14:54.184 MelihatTransaksiTest:74 - Login test after method:
[logsAndroid_9.0_SM-T295 INFO ] 2020-08-12 11:47:33.405 BaseTest:259 - log path: logs\Android_9.0_SM-T295:
[logsAndroid_9.0_SM-T295 INFO ] 2020-08-12 11:47:55.897 MelihatDetailTransaksiTest:67 - 

 *******Starting test: loginValidUser *******
:
[logsAndroid_9.0_SM-T295 INFO ] 2020-08-12 11:47:57.718 BaseTest:393 - Enter username : demopac:
[logsAndroid_9.0_SM-T295 INFO ] 2020-08-12 11:47:59.741 BaseTest:393 - Enter password : qwerty:
[logsAndroid_9.0_SM-T295 INFO ] 2020-08-12 11:48:00.984 BaseTest:373 - Press Login Button:
[logsAndroid_9.0_SM-T295 INFO ] 2020-08-12 11:48:01.211 MelihatDetailTransaksiTest:76 - Login test after method:
[logsAndroid_9.0_SM-T295 INFO ] 2020-08-12 11:48:01.224 MelihatDetailTransaksiTest:67 - 

 *******Starting test: melihatTransaksi *******
:
[logsAndroid_9.0_SM-T295 INFO ] 2020-08-12 11:48:08.596 BaseTest:460 - swiping -right on on dashboard page:
[logsAndroid_9.0_SM-T295 INFO ] 2020-08-12 11:48:12.585 BaseTest:373 - Press riwayat button:
[logsAndroid_9.0_SM-T295 INFO ] 2020-08-12 11:48:13.975 BaseTest:443 - Searching Order Number...:
[logsAndroid_9.0_SM-T295 INFO ] 2020-08-12 11:51:54.899 BaseTest:259 - log path: logs\Android_9.0_SM-T295:
[logsAndroid_9.0_SM-T295 INFO ] 2020-08-12 11:52:17.286 MelihatDetailTransaksiTest:67 - 

 *******Starting test: loginValidUser *******
:
[logsAndroid_9.0_SM-T295 INFO ] 2020-08-12 11:52:19.043 BaseTest:393 - Enter username : demopac:
[logsAndroid_9.0_SM-T295 INFO ] 2020-08-12 11:52:21.093 BaseTest:393 - Enter password : qwerty:
[logsAndroid_9.0_SM-T295 INFO ] 2020-08-12 11:52:22.341 BaseTest:373 - Press Login Button:
[logsAndroid_9.0_SM-T295 INFO ] 2020-08-12 11:52:22.503 MelihatDetailTransaksiTest:76 - Login test after method:
[logsAndroid_9.0_SM-T295 INFO ] 2020-08-12 11:52:22.507 MelihatDetailTransaksiTest:67 - 

 *******Starting test: melihatTransaksi *******
:
[logsAndroid_9.0_SM-T295 INFO ] 2020-08-12 11:52:30.872 BaseTest:460 - swiping -right on on dashboard page:
[logsAndroid_9.0_SM-T295 INFO ] 2020-08-12 11:52:34.849 BaseTest:373 - Press riwayat button:
[logsAndroid_9.0_SM-T295 INFO ] 2020-08-12 11:52:36.316 BaseTest:443 - Searching Order Number...:
[logsAndroid_9.0_SM-T295 INFO ] 2020-08-12 11:54:54.960 BaseTest:259 - log path: logs\Android_9.0_SM-T295:
[logsAndroid_9.0_SM-T295 INFO ] 2020-08-12 11:55:17.172 MelihatDetailTransaksiTest:67 - 

 *******Starting test: loginValidUser *******
:
[logsAndroid_9.0_SM-T295 INFO ] 2020-08-12 11:55:19.009 BaseTest:393 - Enter username : demopac:
[logsAndroid_9.0_SM-T295 INFO ] 2020-08-12 11:55:21.036 BaseTest:393 - Enter password : qwerty:
[logsAndroid_9.0_SM-T295 INFO ] 2020-08-12 11:55:22.303 BaseTest:373 - Press Login Button:
[logsAndroid_9.0_SM-T295 INFO ] 2020-08-12 11:55:22.493 MelihatDetailTransaksiTest:76 - Login test after method:
[logsAndroid_9.0_SM-T295 INFO ] 2020-08-12 11:55:22.497 MelihatDetailTransaksiTest:67 - 

 *******Starting test: melihatTransaksi *******
:
[logsAndroid_9.0_SM-T295 INFO ] 2020-08-12 11:55:30.721 BaseTest:460 - swiping -right on on dashboard page:
[logsAndroid_9.0_SM-T295 INFO ] 2020-08-12 11:55:34.699 BaseTest:373 - Press riwayat button:
[logsAndroid_9.0_SM-T295 INFO ] 2020-08-12 11:55:36.054 BaseTest:443 - Searching Order Number...:
[logsAndroid_9.0_SM-T295 INFO ] 2020-08-12 11:56:55.526 BaseTest:259 - log path: logs\Android_9.0_SM-T295:
[logsAndroid_9.0_SM-T295 INFO ] 2020-08-12 11:57:18.182 MelihatDetailTransaksiTest:67 - 

 *******Starting test: loginValidUser *******
:
[logsAndroid_9.0_SM-T295 INFO ] 2020-08-12 11:57:19.962 BaseTest:393 - Enter username : demopac:
[logsAndroid_9.0_SM-T295 INFO ] 2020-08-12 11:57:22.020 BaseTest:393 - Enter password : qwerty:
[logsAndroid_9.0_SM-T295 INFO ] 2020-08-12 11:57:23.312 BaseTest:373 - Press Login Button:
[logsAndroid_9.0_SM-T295 INFO ] 2020-08-12 11:57:23.515 MelihatDetailTransaksiTest:76 - Login test after method:
[logsAndroid_9.0_SM-T295 INFO ] 2020-08-12 11:57:23.521 MelihatDetailTransaksiTest:67 - 

 *******Starting test: melihatTransaksi *******
:
[logsAndroid_9.0_SM-T295 INFO ] 2020-08-12 11:57:30.825 BaseTest:460 - swiping -right on on dashboard page:
[logsAndroid_9.0_SM-T295 INFO ] 2020-08-12 11:57:34.860 BaseTest:373 - Press riwayat button:
[logsAndroid_9.0_SM-T295 INFO ] 2020-08-12 11:59:29.710 BaseTest:259 - log path: logs\Android_9.0_SM-T295:
[logsAndroid_9.0_SM-T295 INFO ] 2020-08-12 11:59:52.293 MelihatDetailTransaksiTest:67 - 

 *******Starting test: loginValidUser *******
:
[logsAndroid_9.0_SM-T295 INFO ] 2020-08-12 11:59:53.969 BaseTest:393 - Enter username : demopac:
[logsAndroid_9.0_SM-T295 INFO ] 2020-08-12 11:59:55.984 BaseTest:393 - Enter password : qwerty:
[logsAndroid_9.0_SM-T295 INFO ] 2020-08-12 11:59:57.253 BaseTest:373 - Press Login Button:
[logsAndroid_9.0_SM-T295 INFO ] 2020-08-12 11:59:57.412 MelihatDetailTransaksiTest:76 - Login test after method:
[logsAndroid_9.0_SM-T295 INFO ] 2020-08-12 11:59:57.417 MelihatDetailTransaksiTest:67 - 

 *******Starting test: melihatTransaksi *******
:
[logsAndroid_9.0_SM-T295 INFO ] 2020-08-12 12:00:04.744 BaseTest:460 - swiping -right on on dashboard page:
[logsAndroid_9.0_SM-T295 INFO ] 2020-08-12 12:00:08.843 BaseTest:373 - Press riwayat button:
[logsAndroid_9.0_SM-T295 INFO ] 2020-08-12 12:00:10.320 BaseTest:443 - Searching Order Number...:
[logsAndroid_9.0_SM-T295 INFO ] 2020-08-12 13:30:44.317 BaseTest:259 - log path: logs\Android_9.0_SM-T295:
[logsAndroid_9.0_SM-T295 INFO ] 2020-08-12 13:31:08.905 MelihatDetailTransaksiTest:67 - 

 *******Starting test: loginValidUser *******
:
[logsAndroid_9.0_SM-T295 INFO ] 2020-08-12 13:31:10.838 BaseTest:393 - Enter username : demopac:
[logsAndroid_9.0_SM-T295 INFO ] 2020-08-12 13:31:12.875 BaseTest:393 - Enter password : qwerty:
[logsAndroid_9.0_SM-T295 INFO ] 2020-08-12 13:31:14.132 BaseTest:373 - Press Login Button:
[logsAndroid_9.0_SM-T295 INFO ] 2020-08-12 13:31:14.335 MelihatDetailTransaksiTest:76 - Login test after method:
[logsAndroid_9.0_SM-T295 INFO ] 2020-08-12 13:31:14.342 MelihatDetailTransaksiTest:67 - 

 *******Starting test: melihatTransaksi *******
:
[logsAndroid_9.0_SM-T295 INFO ] 2020-08-12 13:31:22.577 BaseTest:460 - swiping -right on on dashboard page:
[logsAndroid_9.0_SM-T295 INFO ] 2020-08-12 13:31:26.572 BaseTest:373 - Press riwayat button:
[logsAndroid_9.0_SM-T295 INFO ] 2020-08-12 13:31:27.917 BaseTest:443 - Searching Order Number...:
[logsAndroid_9.0_SM-T295 INFO ] 2020-08-12 13:31:31.071 BaseTest:373 - Press the order number:
[logsAndroid_9.0_SM-T295 INFO ] 2020-08-12 13:31:33.376 BaseTest:431 - Nomor Order adalah: 120820002:
[logsAndroid_9.0_SM-T295 ERROR] 2020-08-12 13:31:33.403 TestListener:39 - java.lang.AssertionError: expected [Riwayat] but found [120820002]
	at org.testng.Assert.fail(Assert.java:97)
	at org.testng.Assert.assertEqualsImpl(Assert.java:136)
	at org.testng.Assert.assertEquals(Assert.java:118)
	at org.testng.Assert.assertEquals(Assert.java:575)
	at org.testng.Assert.assertEquals(Assert.java:585)
	at com.qa.tests.MelihatDetailTransaksiTest.melihatTransaksi(MelihatDetailTransaksiTest.java:103)
	at sun.reflect.NativeMethodAccessorImpl.invoke0(Native Method)
	at sun.reflect.NativeMethodAccessorImpl.invoke(Unknown Source)
	at sun.reflect.DelegatingMethodAccessorImpl.invoke(Unknown Source)
	at java.lang.reflect.Method.invoke(Unknown Source)
	at org.testng.internal.MethodInvocationHelper.invokeMethod(MethodInvocationHelper.java:134)
	at org.testng.internal.TestInvoker.invokeMethod(TestInvoker.java:597)
	at org.testng.internal.TestInvoker.invokeTestMethod(TestInvoker.java:173)
	at org.testng.internal.MethodRunner.runInSequence(MethodRunner.java:46)
	at org.testng.internal.TestInvoker$MethodInvocationAgent.invoke(TestInvoker.java:816)
	at org.testng.internal.TestInvoker.invokeTestMethods(TestInvoker.java:146)
	at org.testng.internal.TestMethodWorker.invokeTestMethods(TestMethodWorker.java:146)
	at org.testng.internal.TestMethodWorker.run(TestMethodWorker.java:128)
	at java.util.ArrayList.forEach(Unknown Source)
	at org.testng.TestRunner.privateRun(TestRunner.java:766)
	at org.testng.TestRunner.run(TestRunner.java:587)
	at org.testng.SuiteRunner.runTest(SuiteRunner.java:384)
	at org.testng.SuiteRunner.access$000(SuiteRunner.java:28)
	at org.testng.SuiteRunner$SuiteWorker.run(SuiteRunner.java:425)
	at org.testng.internal.thread.ThreadUtil.lambda$execute$0(ThreadUtil.java:68)
	at java.util.concurrent.FutureTask.run(Unknown Source)
	at java.util.concurrent.ThreadPoolExecutor.runWorker(Unknown Source)
	at java.util.concurrent.ThreadPoolExecutor$Worker.run(Unknown Source)
	at java.lang.Thread.run(Unknown Source)
:
[logsAndroid_9.0_SM-T295 INFO ] 2020-08-12 13:31:34.268 MelihatDetailTransaksiTest:76 - Login test after method:
[logsAndroid_9.0_SM-T295 INFO ] 2020-08-12 13:31:34.271 MelihatDetailTransaksiTest:67 - 

 *******Starting test: logout *******
:
[logsAndroid_9.0_SM-T295 INFO ] 2020-08-12 13:41:16.100 BaseTest:259 - log path: logs\Android_9.0_SM-T295:
[logsAndroid_9.0_SM-T295 INFO ] 2020-08-12 13:41:39.726 MelihatDetailTransaksiTest:67 - 

 *******Starting test: loginValidUser *******
:
[logsAndroid_9.0_SM-T295 INFO ] 2020-08-12 13:41:41.467 BaseTest:393 - Enter username : demopac:
[logsAndroid_9.0_SM-T295 INFO ] 2020-08-12 13:41:43.507 BaseTest:393 - Enter password : qwerty:
[logsAndroid_9.0_SM-T295 INFO ] 2020-08-12 13:41:44.294 BaseTest:373 - Press Login Button:
[logsAndroid_9.0_SM-T295 INFO ] 2020-08-12 13:41:44.470 MelihatDetailTransaksiTest:76 - Login test after method:
[logsAndroid_9.0_SM-T295 INFO ] 2020-08-12 13:41:44.476 MelihatDetailTransaksiTest:67 - 

 *******Starting test: melihatTransaksi *******
:
[logsAndroid_9.0_SM-T295 INFO ] 2020-08-12 13:41:52.638 BaseTest:460 - swiping -right on on dashboard page:
[logsAndroid_9.0_SM-T295 INFO ] 2020-08-12 13:41:56.642 BaseTest:373 - Press riwayat button:
[logsAndroid_9.0_SM-T295 INFO ] 2020-08-12 13:41:58.018 BaseTest:443 - Searching Order Number...:
[logsAndroid_9.0_SM-T295 INFO ] 2020-08-12 13:42:01.203 BaseTest:373 - Press the order number:
[logsAndroid_9.0_SM-T295 INFO ] 2020-08-12 13:42:03.640 BaseTest:431 - Nomor Order adalah: 120820002:
[logsAndroid_9.0_SM-T295 INFO ] 2020-08-12 13:42:03.747 BaseTest:373 - Press button close:
[logsAndroid_9.0_SM-T295 INFO ] 2020-08-12 13:42:03.881 MelihatDetailTransaksiTest:76 - Login test after method:
[logsAndroid_9.0_SM-T295 INFO ] 2020-08-12 13:42:03.886 MelihatDetailTransaksiTest:67 - 

 *******Starting test: logout *******
:
[logsAndroid_9.0_SM-T295 INFO ] 2020-08-12 13:42:04.985 BaseTest:460 - swiping -right on on dashboard page:
[logsAndroid_9.0_SM-T295 INFO ] 2020-08-12 13:42:07.094 BaseTest:373 - Press logout button:
[logsAndroid_9.0_SM-T295 INFO ] 2020-08-12 13:42:08.408 BaseTest:373 - Press confirm logout button:
[logsAndroid_9.0_SM-T295 INFO ] 2020-08-12 13:42:08.535 MelihatDetailTransaksiTest:76 - Login test after method:
[logsAndroid_9.0_SM-T295 INFO ] 2020-08-12 14:16:10.300 BaseTest:259 - log path: logs\Android_9.0_SM-T295:
[logsAndroid_9.0_SM-T295 INFO ] 2020-08-12 14:16:32.736 PrintResiTest:69 - 

 *******Starting test: loginValidUser *******
:
[logsAndroid_9.0_SM-T295 INFO ] 2020-08-12 14:16:34.606 BaseTest:393 - Enter username : demopac:
[logsAndroid_9.0_SM-T295 INFO ] 2020-08-12 14:16:36.641 BaseTest:393 - Enter password : qwerty:
[logsAndroid_9.0_SM-T295 INFO ] 2020-08-12 14:16:37.906 BaseTest:373 - Press Login Button:
[logsAndroid_9.0_SM-T295 INFO ] 2020-08-12 14:16:38.064 PrintResiTest:78 - Login test after method:
[logsAndroid_9.0_SM-T295 INFO ] 2020-08-12 14:16:38.070 PrintResiTest:69 - 

 *******Starting test: melihatDetailTransaksi *******
:
[logsAndroid_9.0_SM-T295 INFO ] 2020-08-12 14:16:46.251 BaseTest:460 - swiping -right on on dashboard page:
[logsAndroid_9.0_SM-T295 INFO ] 2020-08-12 14:16:50.175 BaseTest:373 - Press riwayat button:
[logsAndroid_9.0_SM-T295 INFO ] 2020-08-12 14:16:51.494 BaseTest:443 - Searching Order Number...:
[logsAndroid_9.0_SM-T295 INFO ] 2020-08-12 14:16:54.633 BaseTest:373 - Press the order number:
[logsAndroid_9.0_SM-T295 INFO ] 2020-08-12 14:16:56.901 BaseTest:431 - Nomor Order adalah: 120820002:
[logsAndroid_9.0_SM-T295 INFO ] 2020-08-12 14:16:57.014 BaseTest:373 - Press button Print Resi:
[logsAndroid_9.0_SM-T295 INFO ] 2020-08-12 14:16:58.851 BaseTest:393 - Enter Username: hanavoid:
[logsAndroid_9.0_SM-T295 INFO ] 2020-08-12 14:17:00.711 BaseTest:393 - Enter Password: 1234:
[logsAndroid_9.0_SM-T295 INFO ] 2020-08-12 14:17:01.932 BaseTest:373 - Press button OK:
[logsAndroid_9.0_SM-T295 INFO ] 2020-08-12 14:17:08.120 BaseTest:431 - Status Print adalah: Sukses mencetak:
[logsAndroid_9.0_SM-T295 ERROR] 2020-08-12 14:17:08.126 TestListener:39 - java.lang.AssertionError: expected [Sukses Mencetak] but found [Sukses mencetak]
	at org.testng.Assert.fail(Assert.java:97)
	at org.testng.Assert.assertEqualsImpl(Assert.java:136)
	at org.testng.Assert.assertEquals(Assert.java:118)
	at org.testng.Assert.assertEquals(Assert.java:575)
	at org.testng.Assert.assertEquals(Assert.java:585)
	at com.qa.tests.PrintResiTest.melihatDetailTransaksi(PrintResiTest.java:114)
	at sun.reflect.NativeMethodAccessorImpl.invoke0(Native Method)
	at sun.reflect.NativeMethodAccessorImpl.invoke(Unknown Source)
	at sun.reflect.DelegatingMethodAccessorImpl.invoke(Unknown Source)
	at java.lang.reflect.Method.invoke(Unknown Source)
	at org.testng.internal.MethodInvocationHelper.invokeMethod(MethodInvocationHelper.java:134)
	at org.testng.internal.TestInvoker.invokeMethod(TestInvoker.java:597)
	at org.testng.internal.TestInvoker.invokeTestMethod(TestInvoker.java:173)
	at org.testng.internal.MethodRunner.runInSequence(MethodRunner.java:46)
	at org.testng.internal.TestInvoker$MethodInvocationAgent.invoke(TestInvoker.java:816)
	at org.testng.internal.TestInvoker.invokeTestMethods(TestInvoker.java:146)
	at org.testng.internal.TestMethodWorker.invokeTestMethods(TestMethodWorker.java:146)
	at org.testng.internal.TestMethodWorker.run(TestMethodWorker.java:128)
	at java.util.ArrayList.forEach(Unknown Source)
	at org.testng.TestRunner.privateRun(TestRunner.java:766)
	at org.testng.TestRunner.run(TestRunner.java:587)
	at org.testng.SuiteRunner.runTest(SuiteRunner.java:384)
	at org.testng.SuiteRunner.access$000(SuiteRunner.java:28)
	at org.testng.SuiteRunner$SuiteWorker.run(SuiteRunner.java:425)
	at org.testng.internal.thread.ThreadUtil.lambda$execute$0(ThreadUtil.java:68)
	at java.util.concurrent.FutureTask.run(Unknown Source)
	at java.util.concurrent.ThreadPoolExecutor.runWorker(Unknown Source)
	at java.util.concurrent.ThreadPoolExecutor$Worker.run(Unknown Source)
	at java.lang.Thread.run(Unknown Source)
:
[logsAndroid_9.0_SM-T295 INFO ] 2020-08-12 14:17:08.698 PrintResiTest:78 - Login test after method:
[logsAndroid_9.0_SM-T295 INFO ] 2020-08-12 14:17:08.701 PrintResiTest:69 - 

 *******Starting test: logout *******
:
[logsAndroid_9.0_SM-T295 ERROR] 2020-08-12 14:17:24.153 TestListener:39 - org.openqa.selenium.TimeoutException: Expected condition failed: waiting for visibility of Located by By.chained({By.id: id.dretail.mpos:id/lblTitle}) (tried for 10 second(s) with 500 milliseconds interval)
	at org.openqa.selenium.support.ui.WebDriverWait.timeoutException(WebDriverWait.java:95)
	at org.openqa.selenium.support.ui.FluentWait.until(FluentWait.java:272)
	at com.qa.base.BaseTest.waitForVisibility(BaseTest.java:348)
	at com.qa.base.BaseTest.swipingElement(BaseTest.java:455)
	at com.qa.pages.RiwayatPage.showSidebar(RiwayatPage.java:35)
	at com.qa.tests.PrintResiTest.logout(PrintResiTest.java:122)
	at sun.reflect.NativeMethodAccessorImpl.invoke0(Native Method)
	at sun.reflect.NativeMethodAccessorImpl.invoke(Unknown Source)
	at sun.reflect.DelegatingMethodAccessorImpl.invoke(Unknown Source)
	at java.lang.reflect.Method.invoke(Unknown Source)
	at org.testng.internal.MethodInvocationHelper.invokeMethod(MethodInvocationHelper.java:134)
	at org.testng.internal.TestInvoker.invokeMethod(TestInvoker.java:597)
	at org.testng.internal.TestInvoker.invokeTestMethod(TestInvoker.java:173)
	at org.testng.internal.MethodRunner.runInSequence(MethodRunner.java:46)
	at org.testng.internal.TestInvoker$MethodInvocationAgent.invoke(TestInvoker.java:816)
	at org.testng.internal.TestInvoker.invokeTestMethods(TestInvoker.java:146)
	at org.testng.internal.TestMethodWorker.invokeTestMethods(TestMethodWorker.java:146)
	at org.testng.internal.TestMethodWorker.run(TestMethodWorker.java:128)
	at java.util.ArrayList.forEach(Unknown Source)
	at org.testng.TestRunner.privateRun(TestRunner.java:766)
	at org.testng.TestRunner.run(TestRunner.java:587)
	at org.testng.SuiteRunner.runTest(SuiteRunner.java:384)
	at org.testng.SuiteRunner.access$000(SuiteRunner.java:28)
	at org.testng.SuiteRunner$SuiteWorker.run(SuiteRunner.java:425)
	at org.testng.internal.thread.ThreadUtil.lambda$execute$0(ThreadUtil.java:68)
	at java.util.concurrent.FutureTask.run(Unknown Source)
	at java.util.concurrent.ThreadPoolExecutor.runWorker(Unknown Source)
	at java.util.concurrent.ThreadPoolExecutor$Worker.run(Unknown Source)
	at java.lang.Thread.run(Unknown Source)
Caused by: org.openqa.selenium.NoSuchElementException: Can't locate an element by this strategy: By.chained({By.id: id.dretail.mpos:id/lblTitle})
	at io.appium.java_client.pagefactory.AppiumElementLocator.findElement(AppiumElementLocator.java:126)
	at io.appium.java_client.pagefactory.interceptors.InterceptorOfASingleElement.intercept(InterceptorOfASingleElement.java:59)
	at io.appium.java_client.android.AndroidElement$$EnhancerByCGLIB$$b598166c.isDisplayed(<generated>)
	at org.openqa.selenium.support.ui.ExpectedConditions.elementIfVisible(ExpectedConditions.java:314)
	at org.openqa.selenium.support.ui.ExpectedConditions.access$000(ExpectedConditions.java:43)
	at org.openqa.selenium.support.ui.ExpectedConditions$10.apply(ExpectedConditions.java:300)
	at org.openqa.selenium.support.ui.ExpectedConditions$10.apply(ExpectedConditions.java:297)
	at org.openqa.selenium.support.ui.FluentWait.until(FluentWait.java:249)
	... 27 more
Caused by: org.openqa.selenium.TimeoutException: Expected condition failed: waiting for io.appium.java_client.pagefactory.AppiumElementLocator$WaitingFunction@635e91e1 (tried for 10 second(s) with 500 milliseconds interval)
	at org.openqa.selenium.support.ui.FluentWait.timeoutException(FluentWait.java:304)
	at org.openqa.selenium.support.ui.FluentWait.until(FluentWait.java:272)
	at io.appium.java_client.pagefactory.AppiumElementLocator.waitFor(AppiumElementLocator.java:99)
	at io.appium.java_client.pagefactory.AppiumElementLocator.findElement(AppiumElementLocator.java:119)
	... 34 more
Caused by: org.openqa.selenium.NoSuchElementException: Cannot locate an element using By.chained({By.id: id.dretail.mpos:id/lblTitle})
For documentation on this error, please visit: https://www.seleniumhq.org/exceptions/no_such_element.html
Build info: version: '3.141.59', revision: 'e82be7d358', time: '2018-11-14T08:17:03'
System info: host: 'DESKTOP-UH2AGQ7', ip: '172.20.30.156', os.name: 'Windows 10', os.arch: 'amd64', os.version: '10.0', java.version: '1.8.0_221'
Driver info: driver.version: AndroidDriver
	at io.appium.java_client.pagefactory.bys.builder.ByChained.findElement(ByChained.java:74)
	at org.openqa.selenium.remote.RemoteWebDriver.findElement(RemoteWebDriver.java:315)
	at io.appium.java_client.DefaultGenericMobileDriver.findElement(DefaultGenericMobileDriver.java:57)
	at io.appium.java_client.AppiumDriver.findElement(AppiumDriver.java:1)
	at io.appium.java_client.android.AndroidDriver.findElement(AndroidDriver.java:1)
	at io.appium.java_client.pagefactory.bys.ContentMappedBy.findElement(ContentMappedBy.java:50)
	at org.openqa.selenium.remote.RemoteWebDriver.findElement(RemoteWebDriver.java:315)
	at io.appium.java_client.DefaultGenericMobileDriver.findElement(DefaultGenericMobileDriver.java:57)
	at io.appium.java_client.AppiumDriver.findElement(AppiumDriver.java:1)
	at io.appium.java_client.android.AndroidDriver.findElement(AndroidDriver.java:1)
	at io.appium.java_client.pagefactory.AppiumElementLocator.lambda$0(AppiumElementLocator.java:120)
	at io.appium.java_client.pagefactory.AppiumElementLocator$WaitingFunction.apply(AppiumElementLocator.java:172)
	at io.appium.java_client.pagefactory.AppiumElementLocator$WaitingFunction.apply(AppiumElementLocator.java:1)
	at org.openqa.selenium.support.ui.FluentWait.until(FluentWait.java:249)
	... 36 more
:
[logsAndroid_9.0_SM-T295 INFO ] 2020-08-12 14:17:24.666 PrintResiTest:78 - Login test after method:
[logsAndroid_9.0_SM-T295 INFO ] 2020-08-12 14:18:10.846 BaseTest:259 - log path: logs\Android_9.0_SM-T295:
[logsAndroid_9.0_SM-T295 INFO ] 2020-08-12 14:18:33.126 PrintResiTest:69 - 

 *******Starting test: loginValidUser *******
:
[logsAndroid_9.0_SM-T295 INFO ] 2020-08-12 14:18:35.059 BaseTest:393 - Enter username : demopac:
[logsAndroid_9.0_SM-T295 INFO ] 2020-08-12 14:18:37.097 BaseTest:393 - Enter password : qwerty:
[logsAndroid_9.0_SM-T295 INFO ] 2020-08-12 14:18:38.362 BaseTest:373 - Press Login Button:
[logsAndroid_9.0_SM-T295 INFO ] 2020-08-12 14:18:38.632 PrintResiTest:78 - Login test after method:
[logsAndroid_9.0_SM-T295 INFO ] 2020-08-12 14:18:38.638 PrintResiTest:69 - 

 *******Starting test: melihatDetailTransaksi *******
:
[logsAndroid_9.0_SM-T295 INFO ] 2020-08-12 14:18:45.752 BaseTest:460 - swiping -right on on dashboard page:
[logsAndroid_9.0_SM-T295 INFO ] 2020-08-12 14:18:49.655 BaseTest:373 - Press riwayat button:
[logsAndroid_9.0_SM-T295 INFO ] 2020-08-12 14:18:51.020 BaseTest:443 - Searching Order Number...:
[logsAndroid_9.0_SM-T295 INFO ] 2020-08-12 14:18:54.101 BaseTest:373 - Press the order number:
[logsAndroid_9.0_SM-T295 INFO ] 2020-08-12 14:18:56.364 BaseTest:431 - Nomor Order adalah: 120820002:
[logsAndroid_9.0_SM-T295 INFO ] 2020-08-12 14:18:56.479 BaseTest:373 - Press button Print Resi:
[logsAndroid_9.0_SM-T295 INFO ] 2020-08-12 14:18:58.311 BaseTest:393 - Enter Username: hanavoid:
[logsAndroid_9.0_SM-T295 INFO ] 2020-08-12 14:19:00.169 BaseTest:393 - Enter Password: 1234:
[logsAndroid_9.0_SM-T295 INFO ] 2020-08-12 14:19:01.394 BaseTest:373 - Press button OK:
[logsAndroid_9.0_SM-T295 INFO ] 2020-08-12 14:19:07.632 BaseTest:431 - Status Print adalah: Sukses mencetak:
[logsAndroid_9.0_SM-T295 INFO ] 2020-08-12 14:19:07.715 BaseTest:373 - Press confirm button:
[logsAndroid_9.0_SM-T295 INFO ] 2020-08-12 14:19:08.792 BaseTest:373 - Press button close:
[logsAndroid_9.0_SM-T295 INFO ] 2020-08-12 14:19:08.907 PrintResiTest:78 - Login test after method:
[logsAndroid_9.0_SM-T295 INFO ] 2020-08-12 14:19:08.912 PrintResiTest:69 - 

 *******Starting test: logout *******
:
[logsAndroid_9.0_SM-T295 INFO ] 2020-08-12 14:19:10.028 BaseTest:460 - swiping -right on on dashboard page:
[logsAndroid_9.0_SM-T295 INFO ] 2020-08-12 14:19:42.387 PrintResiTest:78 - Login test after method:
[logsAndroid_9.0_SM-T295 INFO ] 2020-08-12 14:19:57.923 BaseTest:259 - log path: logs\Android_9.0_SM-T295:
[logsAndroid_9.0_SM-T295 INFO ] 2020-08-12 14:20:20.317 PrintResiTest:69 - 

 *******Starting test: loginValidUser *******
:
[logsAndroid_9.0_SM-T295 INFO ] 2020-08-12 14:20:22.263 BaseTest:393 - Enter username : demopac:
[logsAndroid_9.0_SM-T295 INFO ] 2020-08-12 14:20:24.319 BaseTest:393 - Enter password : qwerty:
[logsAndroid_9.0_SM-T295 INFO ] 2020-08-12 14:20:25.585 BaseTest:373 - Press Login Button:
[logsAndroid_9.0_SM-T295 INFO ] 2020-08-12 14:20:25.769 PrintResiTest:78 - Login test after method:
[logsAndroid_9.0_SM-T295 INFO ] 2020-08-12 14:20:25.775 PrintResiTest:69 - 

 *******Starting test: melihatDetailTransaksi *******
:
[logsAndroid_9.0_SM-T295 INFO ] 2020-08-12 14:20:33.888 BaseTest:460 - swiping -right on on dashboard page:
[logsAndroid_9.0_SM-T295 INFO ] 2020-08-12 14:20:37.854 BaseTest:373 - Press riwayat button:
[logsAndroid_9.0_SM-T295 INFO ] 2020-08-12 14:20:39.267 BaseTest:443 - Searching Order Number...:
[logsAndroid_9.0_SM-T295 INFO ] 2020-08-12 14:20:42.250 BaseTest:373 - Press the order number:
[logsAndroid_9.0_SM-T295 INFO ] 2020-08-12 14:20:44.481 BaseTest:431 - Nomor Order adalah: 120820002:
[logsAndroid_9.0_SM-T295 INFO ] 2020-08-12 14:20:44.590 BaseTest:373 - Press button Print Resi:
[logsAndroid_9.0_SM-T295 INFO ] 2020-08-12 14:20:46.414 BaseTest:393 - Enter Username: hanavoid:
[logsAndroid_9.0_SM-T295 INFO ] 2020-08-12 14:20:47.799 BaseTest:393 - Enter Password: 1234:
[logsAndroid_9.0_SM-T295 INFO ] 2020-08-12 14:20:49.034 BaseTest:373 - Press button OK:
[logsAndroid_9.0_SM-T295 INFO ] 2020-08-12 14:20:55.205 BaseTest:431 - Status Print adalah: Sukses mencetak:
[logsAndroid_9.0_SM-T295 INFO ] 2020-08-12 14:20:55.304 BaseTest:373 - Press confirm button:
[logsAndroid_9.0_SM-T295 INFO ] 2020-08-12 14:20:56.373 BaseTest:373 - Press button close:
[logsAndroid_9.0_SM-T295 INFO ] 2020-08-12 14:20:56.492 PrintResiTest:78 - Login test after method:
[logsAndroid_9.0_SM-T295 INFO ] 2020-08-12 14:20:56.496 PrintResiTest:69 - 

 *******Starting test: logout *******
:
[logsAndroid_9.0_SM-T295 INFO ] 2020-08-12 14:20:57.592 BaseTest:460 - swiping -right on on dashboard page:
[logsAndroid_9.0_SM-T295 INFO ] 2020-08-12 14:29:26.209 BaseTest:259 - log path: logs\Android_9.0_SM-T295:
[logsAndroid_9.0_SM-T295 INFO ] 2020-08-12 14:30:03.908 BaseTest:259 - log path: logs\Android_9.0_SM-T295:
[logsAndroid_9.0_SM-T295 INFO ] 2020-08-12 14:31:38.735 BaseTest:259 - log path: logs\Android_9.0_SM-T295:
[logsAndroid_9.0_SM-T295 INFO ] 2020-08-12 14:32:02.659 PrintResiTest:69 - 

 *******Starting test: loginValidUser *******
:
[logsAndroid_9.0_SM-T295 INFO ] 2020-08-12 14:32:04.590 BaseTest:393 - Enter username : demopac:
[logsAndroid_9.0_SM-T295 INFO ] 2020-08-12 14:32:06.642 BaseTest:393 - Enter password : qwerty:
[logsAndroid_9.0_SM-T295 INFO ] 2020-08-12 14:32:07.901 BaseTest:373 - Press Login Button:
[logsAndroid_9.0_SM-T295 INFO ] 2020-08-12 14:32:08.072 PrintResiTest:78 - Login test after method:
[logsAndroid_9.0_SM-T295 INFO ] 2020-08-12 14:32:08.077 PrintResiTest:69 - 

 *******Starting test: melihatDetailTransaksi *******
:
[logsAndroid_9.0_SM-T295 INFO ] 2020-08-12 14:32:16.027 BaseTest:460 - swiping -right on on dashboard page:
[logsAndroid_9.0_SM-T295 INFO ] 2020-08-12 14:32:19.968 BaseTest:373 - Press riwayat button:
[logsAndroid_9.0_SM-T295 INFO ] 2020-08-12 14:32:21.340 BaseTest:443 - Searching Order Number...:
[logsAndroid_9.0_SM-T295 INFO ] 2020-08-12 14:32:24.332 BaseTest:373 - Press the order number:
[logsAndroid_9.0_SM-T295 INFO ] 2020-08-12 14:32:26.538 BaseTest:431 - Nomor Order adalah: 120820002:
[logsAndroid_9.0_SM-T295 INFO ] 2020-08-12 14:32:26.643 BaseTest:373 - Press button Print Resi:
[logsAndroid_9.0_SM-T295 INFO ] 2020-08-12 14:32:28.489 BaseTest:393 - Enter Username: hanavoid:
[logsAndroid_9.0_SM-T295 INFO ] 2020-08-12 14:32:30.356 BaseTest:393 - Enter Password: 1234:
[logsAndroid_9.0_SM-T295 INFO ] 2020-08-12 14:32:31.585 BaseTest:373 - Press button OK:
[logsAndroid_9.0_SM-T295 INFO ] 2020-08-12 14:32:37.772 BaseTest:431 - Status Print adalah: Sukses mencetak:
[logsAndroid_9.0_SM-T295 INFO ] 2020-08-12 14:32:37.856 BaseTest:373 - Press confirm button:
[logsAndroid_9.0_SM-T295 INFO ] 2020-08-12 14:32:38.909 BaseTest:373 - Press button close:
[logsAndroid_9.0_SM-T295 INFO ] 2020-08-12 14:32:39.018 BaseTest:498 - Menekan tombol kembali:
[logsAndroid_9.0_SM-T295 INFO ] 2020-08-12 14:32:40.108 PrintResiTest:78 - Login test after method:
[logsAndroid_9.0_SM-T295 INFO ] 2020-08-12 14:32:40.112 PrintResiTest:69 - 

 *******Starting test: logout *******
:
[logsAndroid_9.0_SM-T295 INFO ] 2020-08-12 14:32:41.118 BaseTest:460 - swiping -right on on dashboard page:
[logsAndroid_9.0_SM-T295 INFO ] 2020-08-12 14:32:43.150 BaseTest:373 - Press logout button:
[logsAndroid_9.0_SM-T295 INFO ] 2020-08-12 14:32:44.411 BaseTest:373 - Press confirm logout button:
[logsAndroid_9.0_SM-T295 INFO ] 2020-08-12 14:32:44.504 PrintResiTest:78 - Login test after method:
